<?xml version="1.0" encoding="UTF-8"?>
<coverage generated="1758096859828" clover="3.2.0">
  <project timestamp="1758096859828" name="All files">
    <metrics statements="882" coveredstatements="825" conditionals="381" coveredconditionals="278" methods="176" coveredmethods="146" elements="1439" coveredelements="1249" complexity="0" loc="882" ncloc="882" packages="36" files="91" classes="91"/>
    <package name="app.actions">
      <metrics statements="12" coveredstatements="12" conditionals="0" coveredconditionals="0" methods="3" coveredmethods="3"/>
      <file name="cart.ts" path="/home/thanghq/Workspace/turborepo/apps/web-next/src/app/actions/cart.ts">
        <metrics statements="11" coveredstatements="11" conditionals="0" coveredconditionals="0" methods="3" coveredmethods="3"/>
        <line num="9" count="8" type="stmt"/>
        <line num="12" count="8" type="stmt"/>
        <line num="13" count="6" type="stmt"/>
        <line num="14" count="6" type="stmt"/>
        <line num="15" count="6" type="stmt"/>
        <line num="16" count="6" type="stmt"/>
        <line num="17" count="6" type="stmt"/>
        <line num="18" count="6" type="stmt"/>
        <line num="20" count="6" type="stmt"/>
        <line num="23" count="8" type="stmt"/>
        <line num="25" count="8" type="stmt"/>
      </file>
      <file name="index.ts" path="/home/thanghq/Workspace/turborepo/apps/web-next/src/app/actions/index.ts">
        <metrics statements="1" coveredstatements="1" conditionals="0" coveredconditionals="0" methods="0" coveredmethods="0"/>
        <line num="1" count="7" type="stmt"/>
      </file>
    </package>
    <package name="components">
      <metrics statements="7" coveredstatements="7" conditionals="0" coveredconditionals="0" methods="0" coveredmethods="0"/>
      <file name="index.ts" path="/home/thanghq/Workspace/turborepo/apps/web-next/src/components/index.ts">
        <metrics statements="7" coveredstatements="7" conditionals="0" coveredconditionals="0" methods="0" coveredmethods="0"/>
        <line num="1" count="22" type="stmt"/>
        <line num="2" count="22" type="stmt"/>
        <line num="3" count="22" type="stmt"/>
        <line num="4" count="22" type="stmt"/>
        <line num="5" count="22" type="stmt"/>
        <line num="6" count="22" type="stmt"/>
        <line num="7" count="22" type="stmt"/>
      </file>
    </package>
    <package name="components.Breadcrumb">
      <metrics statements="7" coveredstatements="7" conditionals="0" coveredconditionals="0" methods="2" coveredmethods="2"/>
      <file name="index.tsx" path="/home/thanghq/Workspace/turborepo/apps/web-next/src/components/Breadcrumb/index.tsx">
        <metrics statements="7" coveredstatements="7" conditionals="0" coveredconditionals="0" methods="2" coveredmethods="2"/>
        <line num="3" count="23" type="stmt"/>
        <line num="6" count="23" type="stmt"/>
        <line num="9" count="23" type="stmt"/>
        <line num="11" count="23" type="stmt"/>
        <line num="18" count="23" type="stmt"/>
        <line num="38" count="22" type="stmt"/>
        <line num="47" count="23" type="stmt"/>
      </file>
    </package>
    <package name="components.Content">
      <metrics statements="6" coveredstatements="6" conditionals="4" coveredconditionals="4" methods="0" coveredmethods="0"/>
      <file name="index.tsx" path="/home/thanghq/Workspace/turborepo/apps/web-next/src/components/Content/index.tsx">
        <metrics statements="6" coveredstatements="6" conditionals="4" coveredconditionals="4" methods="0" coveredmethods="0"/>
        <line num="1" count="22" type="stmt"/>
        <line num="3" count="22" type="stmt"/>
        <line num="6" count="22" type="stmt"/>
        <line num="8" count="22" type="stmt"/>
        <line num="10" count="3" type="stmt"/>
        <line num="38" count="22" type="stmt"/>
      </file>
    </package>
    <package name="components.CustomImage">
      <metrics statements="8" coveredstatements="8" conditionals="6" coveredconditionals="6" methods="2" coveredmethods="2"/>
      <file name="index.tsx" path="/home/thanghq/Workspace/turborepo/apps/web-next/src/components/CustomImage/index.tsx">
        <metrics statements="8" coveredstatements="8" conditionals="6" coveredconditionals="6" methods="2" coveredmethods="2"/>
        <line num="3" count="22" type="stmt"/>
        <line num="5" count="22" type="stmt"/>
        <line num="8" count="22" type="stmt"/>
        <line num="10" count="44" type="stmt"/>
        <line num="12" count="40" type="stmt"/>
        <line num="14" count="40" type="stmt"/>
        <line num="16" count="40" type="cond" truecount="4" falsecount="0"/>
        <line num="31" count="22" type="stmt"/>
      </file>
    </package>
    <package name="components.FilterList">
      <metrics statements="29" coveredstatements="20" conditionals="7" coveredconditionals="4" methods="9" coveredmethods="5"/>
      <file name="index.tsx" path="/home/thanghq/Workspace/turborepo/apps/web-next/src/components/FilterList/index.tsx">
        <metrics statements="29" coveredstatements="20" conditionals="7" coveredconditionals="4" methods="9" coveredmethods="5"/>
        <line num="3" count="1" type="stmt"/>
        <line num="6" count="1" type="stmt"/>
        <line num="8" count="1" type="stmt"/>
        <line num="9" count="1" type="stmt"/>
        <line num="11" count="1" type="stmt"/>
        <line num="12" count="1" type="stmt"/>
        <line num="25" count="1" type="stmt"/>
        <line num="34" count="4" type="stmt"/>
        <line num="35" count="4" type="stmt"/>
        <line num="37" count="4" type="stmt"/>
        <line num="38" count="1" type="stmt"/>
        <line num="41" count="4" type="stmt"/>
        <line num="43" count="4" type="stmt"/>
        <line num="45" count="0" type="stmt"/>
        <line num="47" count="0" type="stmt"/>
        <line num="48" count="0" type="stmt"/>
        <line num="50" count="0" type="cond" truecount="0" falsecount="1"/>
        <line num="51" count="0" type="stmt"/>
        <line num="54" count="0" type="stmt"/>
        <line num="59" count="4" type="stmt"/>
        <line num="60" count="0" type="cond" truecount="0" falsecount="2"/>
        <line num="61" count="0" type="stmt"/>
        <line num="63" count="0" type="stmt"/>
        <line num="67" count="4" type="stmt"/>
        <line num="69" count="1" type="stmt"/>
        <line num="70" count="1" type="stmt"/>
        <line num="112" count="12" type="stmt"/>
        <line num="152" count="1" type="stmt"/>
        <line num="153" count="2" type="stmt"/>
      </file>
    </package>
    <package name="components.InView">
      <metrics statements="2" coveredstatements="2" conditionals="0" coveredconditionals="0" methods="1" coveredmethods="1"/>
      <file name="index.tsx" path="/home/thanghq/Workspace/turborepo/apps/web-next/src/components/InView/index.tsx">
        <metrics statements="2" coveredstatements="2" conditionals="0" coveredconditionals="0" methods="1" coveredmethods="1"/>
        <line num="3" count="24" type="stmt"/>
        <line num="5" count="24" type="stmt"/>
      </file>
    </package>
    <package name="components.Pagination">
      <metrics statements="19" coveredstatements="19" conditionals="3" coveredconditionals="3" methods="5" coveredmethods="5"/>
      <file name="index.tsx" path="/home/thanghq/Workspace/turborepo/apps/web-next/src/components/Pagination/index.tsx">
        <metrics statements="19" coveredstatements="19" conditionals="3" coveredconditionals="3" methods="5" coveredmethods="5"/>
        <line num="3" count="2" type="stmt"/>
        <line num="6" count="2" type="stmt"/>
        <line num="8" count="2" type="stmt"/>
        <line num="18" count="2" type="stmt"/>
        <line num="26" count="6" type="stmt"/>
        <line num="33" count="6" type="stmt"/>
        <line num="34" count="1" type="stmt"/>
        <line num="37" count="6" type="stmt"/>
        <line num="38" count="1" type="stmt"/>
        <line num="41" count="6" type="stmt"/>
        <line num="42" count="6" type="stmt"/>
        <line num="43" count="6" type="stmt"/>
        <line num="58" count="18" type="stmt"/>
        <line num="60" count="18" type="cond" truecount="1" falsecount="0"/>
        <line num="61" count="2" type="stmt"/>
        <line num="72" count="16" type="stmt"/>
        <line num="78" count="1" type="stmt"/>
        <line num="99" count="2" type="stmt"/>
        <line num="100" count="6" type="stmt"/>
      </file>
    </package>
    <package name="components.Profile">
      <metrics statements="5" coveredstatements="5" conditionals="1" coveredconditionals="1" methods="0" coveredmethods="0"/>
      <file name="index.tsx" path="/home/thanghq/Workspace/turborepo/apps/web-next/src/components/Profile/index.tsx">
        <metrics statements="5" coveredstatements="5" conditionals="1" coveredconditionals="1" methods="0" coveredmethods="0"/>
        <line num="1" count="22" type="stmt"/>
        <line num="3" count="22" type="stmt"/>
        <line num="5" count="22" type="stmt"/>
        <line num="14" count="9" type="stmt"/>
        <line num="34" count="22" type="stmt"/>
      </file>
    </package>
    <package name="components.Toast">
      <metrics statements="4" coveredstatements="4" conditionals="1" coveredconditionals="1" methods="1" coveredmethods="1"/>
      <file name="index.tsx" path="/home/thanghq/Workspace/turborepo/apps/web-next/src/components/Toast/index.tsx">
        <metrics statements="4" coveredstatements="4" conditionals="1" coveredconditionals="1" methods="1" coveredmethods="1"/>
        <line num="2" count="22" type="stmt"/>
        <line num="3" count="22" type="stmt"/>
        <line num="13" count="22" type="stmt"/>
        <line num="19" count="22" type="cond" truecount="1" falsecount="0"/>
      </file>
    </package>
    <package name="components.common">
      <metrics statements="3" coveredstatements="3" conditionals="0" coveredconditionals="0" methods="0" coveredmethods="0"/>
      <file name="index.ts" path="/home/thanghq/Workspace/turborepo/apps/web-next/src/components/common/index.ts">
        <metrics statements="3" coveredstatements="3" conditionals="0" coveredconditionals="0" methods="0" coveredmethods="0"/>
        <line num="1" count="22" type="stmt"/>
        <line num="2" count="22" type="stmt"/>
        <line num="3" count="22" type="stmt"/>
      </file>
    </package>
    <package name="components.common.Button">
      <metrics statements="8" coveredstatements="8" conditionals="11" coveredconditionals="10" methods="1" coveredmethods="1"/>
      <file name="index.tsx" path="/home/thanghq/Workspace/turborepo/apps/web-next/src/components/common/Button/index.tsx">
        <metrics statements="8" coveredstatements="8" conditionals="11" coveredconditionals="10" methods="1" coveredmethods="1"/>
        <line num="1" count="22" type="stmt"/>
        <line num="3" count="22" type="stmt"/>
        <line num="5" count="22" type="stmt"/>
        <line num="16" count="22" type="stmt"/>
        <line num="29" count="126" type="stmt"/>
        <line num="38" count="114" type="cond" truecount="2" falsecount="0"/>
        <line num="44" count="114" type="cond" truecount="4" falsecount="0"/>
        <line num="57" count="22" type="stmt"/>
      </file>
    </package>
    <package name="components.common.ButtonIcon">
      <metrics statements="11" coveredstatements="11" conditionals="11" coveredconditionals="11" methods="1" coveredmethods="1"/>
      <file name="index.tsx" path="/home/thanghq/Workspace/turborepo/apps/web-next/src/components/common/ButtonIcon/index.tsx">
        <metrics statements="11" coveredstatements="11" conditionals="11" coveredconditionals="11" methods="1" coveredmethods="1"/>
        <line num="1" count="23" type="stmt"/>
        <line num="3" count="23" type="stmt"/>
        <line num="5" count="23" type="stmt"/>
        <line num="14" count="23" type="stmt"/>
        <line num="19" count="23" type="stmt"/>
        <line num="24" count="23" type="stmt"/>
        <line num="38" count="103" type="stmt"/>
        <line num="48" count="95" type="cond" truecount="2" falsecount="0"/>
        <line num="49" count="95" type="cond" truecount="2" falsecount="0"/>
        <line num="50" count="95" type="cond" truecount="2" falsecount="0"/>
        <line num="63" count="23" type="stmt"/>
      </file>
    </package>
    <package name="components.common.SelectMultiple">
      <metrics statements="25" coveredstatements="12" conditionals="6" coveredconditionals="4" methods="8" coveredmethods="3"/>
      <file name="index.tsx" path="/home/thanghq/Workspace/turborepo/apps/web-next/src/components/common/SelectMultiple/index.tsx">
        <metrics statements="25" coveredstatements="12" conditionals="6" coveredconditionals="4" methods="8" coveredmethods="3"/>
        <line num="3" count="2" type="stmt"/>
        <line num="6" count="2" type="stmt"/>
        <line num="9" count="2" type="stmt"/>
        <line num="22" count="2" type="stmt"/>
        <line num="31" count="16" type="stmt"/>
        <line num="32" count="16" type="stmt"/>
        <line num="34" count="16" type="stmt"/>
        <line num="36" count="0" type="stmt"/>
        <line num="38" count="0" type="stmt"/>
        <line num="39" count="0" type="stmt"/>
        <line num="41" count="0" type="stmt"/>
        <line num="42" count="0" type="stmt"/>
        <line num="44" count="0" type="stmt"/>
        <line num="46" count="0" type="cond" truecount="0" falsecount="1"/>
        <line num="47" count="0" type="stmt"/>
        <line num="50" count="0" type="stmt"/>
        <line num="55" count="16" type="stmt"/>
        <line num="56" count="0" type="cond" truecount="0" falsecount="1"/>
        <line num="58" count="0" type="stmt"/>
        <line num="61" count="16" type="stmt"/>
        <line num="63" count="0" type="stmt"/>
        <line num="64" count="0" type="stmt"/>
        <line num="86" count="12" type="stmt"/>
        <line num="99" count="2" type="stmt"/>
        <line num="100" count="3" type="stmt"/>
      </file>
    </package>
    <package name="components.common.Text">
      <metrics statements="7" coveredstatements="7" conditionals="6" coveredconditionals="6" methods="1" coveredmethods="1"/>
      <file name="index.tsx" path="/home/thanghq/Workspace/turborepo/apps/web-next/src/components/common/Text/index.tsx">
        <metrics statements="7" coveredstatements="7" conditionals="6" coveredconditionals="6" methods="1" coveredmethods="1"/>
        <line num="1" count="22" type="stmt"/>
        <line num="19" count="22" type="stmt"/>
        <line num="30" count="22" type="stmt"/>
        <line num="36" count="22" type="stmt"/>
        <line num="42" count="243" type="stmt"/>
        <line num="50" count="203" type="cond" truecount="4" falsecount="0"/>
        <line num="56" count="22" type="stmt"/>
      </file>
    </package>
    <package name="constants">
      <metrics statements="34" coveredstatements="34" conditionals="4" coveredconditionals="2" methods="0" coveredmethods="0"/>
      <file name="api-endpoint.ts" path="/home/thanghq/Workspace/turborepo/apps/web-next/src/constants/api-endpoint.ts">
        <metrics statements="6" coveredstatements="6" conditionals="4" coveredconditionals="2" methods="0" coveredmethods="0"/>
        <line num="1" count="78" type="stmt"/>
        <line num="9" count="39" type="stmt"/>
        <line num="11" count="13" type="stmt"/>
        <line num="12" count="39" type="cond" truecount="1" falsecount="1"/>
        <line num="13" count="51" type="stmt"/>
        <line num="14" count="39" type="cond" truecount="1" falsecount="1"/>
      </file>
      <file name="color-list.ts" path="/home/thanghq/Workspace/turborepo/apps/web-next/src/constants/color-list.ts">
        <metrics statements="2" coveredstatements="2" conditionals="0" coveredconditionals="0" methods="0" coveredmethods="0"/>
        <line num="1" count="39" type="stmt"/>
        <line num="34" count="39" type="stmt"/>
      </file>
      <file name="image.ts" path="/home/thanghq/Workspace/turborepo/apps/web-next/src/constants/image.ts">
        <metrics statements="4" coveredstatements="4" conditionals="0" coveredconditionals="0" methods="0" coveredmethods="0"/>
        <line num="1" count="39" type="stmt"/>
        <line num="2" count="137" type="stmt"/>
        <line num="4" count="39" type="stmt"/>
        <line num="6" count="39" type="stmt"/>
      </file>
      <file name="index.ts" path="/home/thanghq/Workspace/turborepo/apps/web-next/src/constants/index.ts">
        <metrics statements="11" coveredstatements="11" conditionals="0" coveredconditionals="0" methods="0" coveredmethods="0"/>
        <line num="1" count="39" type="stmt"/>
        <line num="2" count="39" type="stmt"/>
        <line num="3" count="39" type="stmt"/>
        <line num="4" count="39" type="stmt"/>
        <line num="5" count="39" type="stmt"/>
        <line num="6" count="39" type="stmt"/>
        <line num="7" count="39" type="stmt"/>
        <line num="8" count="39" type="stmt"/>
        <line num="9" count="39" type="stmt"/>
        <line num="10" count="39" type="stmt"/>
        <line num="11" count="39" type="stmt"/>
      </file>
      <file name="message.ts" path="/home/thanghq/Workspace/turborepo/apps/web-next/src/constants/message.ts">
        <metrics statements="1" coveredstatements="1" conditionals="0" coveredconditionals="0" methods="0" coveredmethods="0"/>
        <line num="1" count="39" type="stmt"/>
      </file>
      <file name="navbar.ts" path="/home/thanghq/Workspace/turborepo/apps/web-next/src/constants/navbar.ts">
        <metrics statements="1" coveredstatements="1" conditionals="0" coveredconditionals="0" methods="0" coveredmethods="0"/>
        <line num="1" count="39" type="stmt"/>
      </file>
      <file name="pagination.ts" path="/home/thanghq/Workspace/turborepo/apps/web-next/src/constants/pagination.ts">
        <metrics statements="2" coveredstatements="2" conditionals="0" coveredconditionals="0" methods="0" coveredmethods="0"/>
        <line num="1" count="39" type="stmt"/>
        <line num="2" count="39" type="stmt"/>
      </file>
      <file name="product.ts" path="/home/thanghq/Workspace/turborepo/apps/web-next/src/constants/product.ts">
        <metrics statements="2" coveredstatements="2" conditionals="0" coveredconditionals="0" methods="0" coveredmethods="0"/>
        <line num="1" count="39" type="stmt"/>
        <line num="2" count="39" type="stmt"/>
      </file>
      <file name="regex.ts" path="/home/thanghq/Workspace/turborepo/apps/web-next/src/constants/regex.ts">
        <metrics statements="1" coveredstatements="1" conditionals="0" coveredconditionals="0" methods="0" coveredmethods="0"/>
        <line num="1" count="39" type="stmt"/>
      </file>
      <file name="relationship.ts" path="/home/thanghq/Workspace/turborepo/apps/web-next/src/constants/relationship.ts">
        <metrics statements="1" coveredstatements="1" conditionals="0" coveredconditionals="0" methods="0" coveredmethods="0"/>
        <line num="1" count="39" type="stmt"/>
      </file>
      <file name="router.ts" path="/home/thanghq/Workspace/turborepo/apps/web-next/src/constants/router.ts">
        <metrics statements="1" coveredstatements="1" conditionals="0" coveredconditionals="0" methods="0" coveredmethods="0"/>
        <line num="1" count="57" type="stmt"/>
      </file>
      <file name="styles.ts" path="/home/thanghq/Workspace/turborepo/apps/web-next/src/constants/styles.ts">
        <metrics statements="2" coveredstatements="2" conditionals="0" coveredconditionals="0" methods="0" coveredmethods="0"/>
        <line num="1" count="31" type="stmt"/>
        <line num="2" count="39" type="stmt"/>
      </file>
    </package>
    <package name="context">
      <metrics statements="11" coveredstatements="11" conditionals="0" coveredconditionals="0" methods="4" coveredmethods="4"/>
      <file name="toast.tsx" path="/home/thanghq/Workspace/turborepo/apps/web-next/src/context/toast.tsx">
        <metrics statements="11" coveredstatements="11" conditionals="0" coveredconditionals="0" methods="4" coveredmethods="4"/>
        <line num="3" count="8" type="stmt"/>
        <line num="5" count="8" type="stmt"/>
        <line num="11" count="8" type="stmt"/>
        <line num="13" count="8" type="stmt"/>
        <line num="15" count="8" type="stmt"/>
        <line num="21" count="2" type="stmt"/>
        <line num="26" count="8" type="stmt"/>
        <line num="27" count="8" type="stmt"/>
        <line num="29" count="17" type="stmt"/>
        <line num="30" count="17" type="stmt"/>
        <line num="31" count="17" type="stmt"/>
      </file>
    </package>
    <package name="hocs">
      <metrics statements="24" coveredstatements="24" conditionals="21" coveredconditionals="21" methods="7" coveredmethods="7"/>
      <file name="withToast.tsx" path="/home/thanghq/Workspace/turborepo/apps/web-next/src/hocs/withToast.tsx">
        <metrics statements="24" coveredstatements="24" conditionals="21" coveredconditionals="21" methods="7" coveredmethods="7"/>
        <line num="3" count="10" type="stmt"/>
        <line num="5" count="10" type="stmt"/>
        <line num="7" count="10" type="cond" truecount="2" falsecount="0"/>
        <line num="17" count="10" type="stmt"/>
        <line num="18" count="21" type="cond" truecount="4" falsecount="0"/>
        <line num="20" count="2" type="stmt"/>
        <line num="26" count="2" type="stmt"/>
        <line num="33" count="17" type="stmt"/>
        <line num="46" count="13" type="stmt"/>
        <line num="50" count="13" type="stmt"/>
        <line num="51" count="15" type="stmt"/>
        <line num="52" count="15" type="stmt"/>
        <line num="57" count="15" type="stmt"/>
        <line num="58" count="3" type="stmt"/>
        <line num="64" count="15" type="stmt"/>
        <line num="68" count="6" type="cond" truecount="2" falsecount="0"/>
        <line num="70" count="6" type="cond" truecount="2" falsecount="0"/>
        <line num="72" count="6" type="stmt"/>
        <line num="74" count="6" type="stmt"/>
        <line num="75" count="3" type="stmt"/>
        <line num="76" count="3" type="cond" truecount="2" falsecount="0"/>
        <line num="77" count="3" type="stmt"/>
        <line num="81" count="15" type="stmt"/>
        <line num="93" count="13" type="stmt"/>
      </file>
    </package>
    <package name="hooks">
      <metrics statements="108" coveredstatements="105" conditionals="47" coveredconditionals="40" methods="17" coveredmethods="17"/>
      <file name="index.ts" path="/home/thanghq/Workspace/turborepo/apps/web-next/src/hooks/index.ts">
        <metrics statements="5" coveredstatements="5" conditionals="0" coveredconditionals="0" methods="0" coveredmethods="0"/>
        <line num="1" count="7" type="stmt"/>
        <line num="2" count="7" type="stmt"/>
        <line num="3" count="7" type="stmt"/>
        <line num="4" count="7" type="stmt"/>
        <line num="5" count="7" type="stmt"/>
      </file>
      <file name="useBreadcrumb.ts" path="/home/thanghq/Workspace/turborepo/apps/web-next/src/hooks/useBreadcrumb.ts">
        <metrics statements="11" coveredstatements="11" conditionals="5" coveredconditionals="5" methods="2" coveredmethods="2"/>
        <line num="1" count="8" type="stmt"/>
        <line num="4" count="8" type="stmt"/>
        <line num="6" count="14" type="stmt"/>
        <line num="7" count="14" type="stmt"/>
        <line num="9" count="38" type="stmt"/>
        <line num="10" count="14" type="stmt"/>
        <line num="12" count="14" type="cond" truecount="2" falsecount="0"/>
        <line num="19" count="14" type="stmt"/>
        <line num="21" count="14" type="cond" truecount="3" falsecount="0"/>
        <line num="22" count="11" type="stmt"/>
        <line num="27" count="14" type="stmt"/>
      </file>
      <file name="useCart.ts" path="/home/thanghq/Workspace/turborepo/apps/web-next/src/hooks/useCart.ts">
        <metrics statements="35" coveredstatements="32" conditionals="16" coveredconditionals="12" methods="4" coveredmethods="4"/>
        <line num="3" count="8" type="stmt"/>
        <line num="10" count="8" type="stmt"/>
        <line num="12" count="8" type="stmt"/>
        <line num="14" count="8" type="stmt"/>
        <line num="15" count="8" type="stmt"/>
        <line num="19" count="23" type="stmt"/>
        <line num="20" count="23" type="stmt"/>
        <line num="21" count="23" type="stmt"/>
        <line num="23" count="23" type="stmt"/>
        <line num="25" count="2" type="stmt"/>
        <line num="27" count="2" type="stmt"/>
        <line num="28" count="2" type="cond" truecount="2" falsecount="0"/>
        <line num="30" count="2" type="stmt"/>
        <line num="35" count="2" type="stmt"/>
        <line num="40" count="23" type="stmt"/>
        <line num="42" count="3" type="stmt"/>
        <line num="44" count="3" type="stmt"/>
        <line num="45" count="3" type="stmt"/>
        <line num="47" count="3" type="stmt"/>
        <line num="48" count="3" type="cond" truecount="2" falsecount="0"/>
        <line num="50" count="3" type="stmt"/>
        <line num="55" count="3" type="stmt"/>
        <line num="58" count="0" type="stmt"/>
        <line num="60" count="0" type="stmt"/>
        <line num="65" count="0" type="stmt"/>
        <line num="67" count="3" type="stmt"/>
        <line num="73" count="23" type="stmt"/>
        <line num="75" count="2" type="stmt"/>
        <line num="76" count="2" type="stmt"/>
        <line num="77" count="2" type="stmt"/>
        <line num="79" count="2" type="stmt"/>
        <line num="81" count="2" type="cond" truecount="2" falsecount="2"/>
        <line num="83" count="2" type="stmt"/>
        <line num="93" count="2" type="stmt"/>
        <line num="97" count="23" type="stmt"/>
      </file>
      <file name="useDebounce.ts" path="/home/thanghq/Workspace/turborepo/apps/web-next/src/hooks/useDebounce.ts">
        <metrics statements="8" coveredstatements="8" conditionals="2" coveredconditionals="2" methods="3" coveredmethods="3"/>
        <line num="1" count="8" type="stmt"/>
        <line num="3" count="25" type="cond" truecount="1" falsecount="0"/>
        <line num="4" count="25" type="stmt"/>
        <line num="6" count="25" type="stmt"/>
        <line num="8" count="5" type="cond" truecount="1" falsecount="0"/>
        <line num="9" count="2" type="stmt"/>
        <line num="12" count="5" type="stmt"/>
        <line num="13" count="2" type="stmt"/>
      </file>
      <file name="useOrderSummary.ts" path="/home/thanghq/Workspace/turborepo/apps/web-next/src/hooks/useOrderSummary.ts">
        <metrics statements="19" coveredstatements="19" conditionals="14" coveredconditionals="11" methods="4" coveredmethods="4"/>
        <line num="3" count="7" type="stmt"/>
        <line num="6" count="7" type="stmt"/>
        <line num="8" count="7" type="stmt"/>
        <line num="9" count="4" type="stmt"/>
        <line num="12" count="2" type="stmt"/>
        <line num="13" count="3" type="stmt"/>
        <line num="16" count="2" type="cond" truecount="2" falsecount="0"/>
        <line num="17" count="1" type="stmt"/>
        <line num="18" count="1" type="stmt"/>
        <line num="23" count="1" type="stmt"/>
        <line num="25" count="1" type="stmt"/>
        <line num="30" count="4" type="cond" truecount="1" falsecount="1"/>
        <line num="32" count="8" type="cond" truecount="0" falsecount="1"/>
        <line num="33" count="8" type="cond" truecount="3" falsecount="0"/>
        <line num="35" count="8" type="cond" truecount="2" falsecount="0"/>
        <line num="36" count="8" type="cond" truecount="2" falsecount="0"/>
        <line num="38" count="8" type="stmt"/>
        <line num="40" count="8" type="stmt"/>
        <line num="48" count="4" type="stmt"/>
      </file>
      <file name="usePagination.ts" path="/home/thanghq/Workspace/turborepo/apps/web-next/src/hooks/usePagination.ts">
        <metrics statements="30" coveredstatements="30" conditionals="10" coveredconditionals="10" methods="4" coveredmethods="4"/>
        <line num="1" count="8" type="stmt"/>
        <line num="3" count="22" type="stmt"/>
        <line num="12" count="12" type="stmt"/>
        <line num="18" count="12" type="stmt"/>
        <line num="19" count="11" type="stmt"/>
        <line num="20" count="38" type="stmt"/>
        <line num="23" count="12" type="stmt"/>
        <line num="24" count="12" type="stmt"/>
        <line num="27" count="12" type="stmt"/>
        <line num="33" count="12" type="cond" truecount="1" falsecount="0"/>
        <line num="34" count="7" type="stmt"/>
        <line num="37" count="5" type="stmt"/>
        <line num="38" count="5" type="stmt"/>
        <line num="48" count="5" type="stmt"/>
        <line num="49" count="5" type="stmt"/>
        <line num="51" count="5" type="stmt"/>
        <line num="52" count="5" type="stmt"/>
        <line num="54" count="5" type="cond" truecount="3" falsecount="0"/>
        <line num="55" count="1" type="stmt"/>
        <line num="56" count="1" type="stmt"/>
        <line num="58" count="1" type="stmt"/>
        <line num="61" count="4" type="cond" truecount="3" falsecount="0"/>
        <line num="62" count="1" type="stmt"/>
        <line num="63" count="1" type="stmt"/>
        <line num="67" count="1" type="stmt"/>
        <line num="70" count="3" type="cond" truecount="3" falsecount="0"/>
        <line num="71" count="2" type="stmt"/>
        <line num="72" count="2" type="stmt"/>
        <line num="75" count="1" type="stmt"/>
        <line num="78" count="12" type="stmt"/>
      </file>
    </package>
    <package name="icons">
      <metrics statements="36" coveredstatements="36" conditionals="18" coveredconditionals="11" methods="0" coveredmethods="0"/>
      <file name="ArrowDown.tsx" path="/home/thanghq/Workspace/turborepo/apps/web-next/src/icons/ArrowDown.tsx">
        <metrics statements="1" coveredstatements="1" conditionals="1" coveredconditionals="0" methods="0" coveredmethods="0"/>
        <line num="3" count="3" type="stmt"/>
      </file>
      <file name="ArrowLeft.tsx" path="/home/thanghq/Workspace/turborepo/apps/web-next/src/icons/ArrowLeft.tsx">
        <metrics statements="1" coveredstatements="1" conditionals="1" coveredconditionals="1" methods="0" coveredmethods="0"/>
        <line num="3" count="12" type="stmt"/>
      </file>
      <file name="ArrowRight.tsx" path="/home/thanghq/Workspace/turborepo/apps/web-next/src/icons/ArrowRight.tsx">
        <metrics statements="1" coveredstatements="1" conditionals="1" coveredconditionals="1" methods="0" coveredmethods="0"/>
        <line num="3" count="12" type="stmt"/>
      </file>
      <file name="ArrowUp.tsx" path="/home/thanghq/Workspace/turborepo/apps/web-next/src/icons/ArrowUp.tsx">
        <metrics statements="1" coveredstatements="1" conditionals="1" coveredconditionals="0" methods="0" coveredmethods="0"/>
        <line num="3" count="1" type="stmt"/>
      </file>
      <file name="Brightness.tsx" path="/home/thanghq/Workspace/turborepo/apps/web-next/src/icons/Brightness.tsx">
        <metrics statements="1" coveredstatements="1" conditionals="1" coveredconditionals="1" methods="0" coveredmethods="0"/>
        <line num="3" count="1" type="stmt"/>
      </file>
      <file name="Close.tsx" path="/home/thanghq/Workspace/turborepo/apps/web-next/src/icons/Close.tsx">
        <metrics statements="1" coveredstatements="1" conditionals="1" coveredconditionals="0" methods="0" coveredmethods="0"/>
        <line num="3" count="17" type="stmt"/>
      </file>
      <file name="CopyLink.tsx" path="/home/thanghq/Workspace/turborepo/apps/web-next/src/icons/CopyLink.tsx">
        <metrics statements="1" coveredstatements="1" conditionals="1" coveredconditionals="1" methods="0" coveredmethods="0"/>
        <line num="3" count="10" type="stmt"/>
      </file>
      <file name="Heart.tsx" path="/home/thanghq/Workspace/turborepo/apps/web-next/src/icons/Heart.tsx">
        <metrics statements="1" coveredstatements="1" conditionals="1" coveredconditionals="1" methods="0" coveredmethods="0"/>
        <line num="3" count="16" type="stmt"/>
      </file>
      <file name="Message.tsx" path="/home/thanghq/Workspace/turborepo/apps/web-next/src/icons/Message.tsx">
        <metrics statements="1" coveredstatements="1" conditionals="1" coveredconditionals="1" methods="0" coveredmethods="0"/>
        <line num="3" count="13" type="stmt"/>
      </file>
      <file name="Minus.tsx" path="/home/thanghq/Workspace/turborepo/apps/web-next/src/icons/Minus.tsx">
        <metrics statements="1" coveredstatements="1" conditionals="1" coveredconditionals="0" methods="0" coveredmethods="0"/>
        <line num="3" count="23" type="stmt"/>
      </file>
      <file name="Moon.tsx" path="/home/thanghq/Workspace/turborepo/apps/web-next/src/icons/Moon.tsx">
        <metrics statements="1" coveredstatements="1" conditionals="1" coveredconditionals="1" methods="0" coveredmethods="0"/>
        <line num="3" count="3" type="stmt"/>
      </file>
      <file name="Plus.tsx" path="/home/thanghq/Workspace/turborepo/apps/web-next/src/icons/Plus.tsx">
        <metrics statements="1" coveredstatements="1" conditionals="1" coveredconditionals="0" methods="0" coveredmethods="0"/>
        <line num="3" count="23" type="stmt"/>
      </file>
      <file name="Saved.tsx" path="/home/thanghq/Workspace/turborepo/apps/web-next/src/icons/Saved.tsx">
        <metrics statements="1" coveredstatements="1" conditionals="1" coveredconditionals="1" methods="0" coveredmethods="0"/>
        <line num="3" count="10" type="stmt"/>
      </file>
      <file name="ShoppingBag.tsx" path="/home/thanghq/Workspace/turborepo/apps/web-next/src/icons/ShoppingBag.tsx">
        <metrics statements="1" coveredstatements="1" conditionals="1" coveredconditionals="1" methods="0" coveredmethods="0"/>
        <line num="3" count="19" type="stmt"/>
      </file>
      <file name="Star.tsx" path="/home/thanghq/Workspace/turborepo/apps/web-next/src/icons/Star.tsx">
        <metrics statements="1" coveredstatements="1" conditionals="1" coveredconditionals="1" methods="0" coveredmethods="0"/>
        <line num="3" count="30" type="stmt"/>
      </file>
      <file name="StarLine.tsx" path="/home/thanghq/Workspace/turborepo/apps/web-next/src/icons/StarLine.tsx">
        <metrics statements="1" coveredstatements="1" conditionals="1" coveredconditionals="0" methods="0" coveredmethods="0"/>
        <line num="3" count="13" type="stmt"/>
      </file>
      <file name="Stick.tsx" path="/home/thanghq/Workspace/turborepo/apps/web-next/src/icons/Stick.tsx">
        <metrics statements="1" coveredstatements="1" conditionals="1" coveredconditionals="0" methods="0" coveredmethods="0"/>
        <line num="3" count="1" type="stmt"/>
      </file>
      <file name="Truck.tsx" path="/home/thanghq/Workspace/turborepo/apps/web-next/src/icons/Truck.tsx">
        <metrics statements="1" coveredstatements="1" conditionals="1" coveredconditionals="1" methods="0" coveredmethods="0"/>
        <line num="3" count="2" type="stmt"/>
      </file>
      <file name="index.ts" path="/home/thanghq/Workspace/turborepo/apps/web-next/src/icons/index.ts">
        <metrics statements="18" coveredstatements="18" conditionals="0" coveredconditionals="0" methods="0" coveredmethods="0"/>
        <line num="1" count="22" type="stmt"/>
        <line num="2" count="22" type="stmt"/>
        <line num="3" count="22" type="stmt"/>
        <line num="4" count="22" type="stmt"/>
        <line num="5" count="22" type="stmt"/>
        <line num="6" count="22" type="stmt"/>
        <line num="7" count="22" type="stmt"/>
        <line num="8" count="22" type="stmt"/>
        <line num="9" count="22" type="stmt"/>
        <line num="10" count="22" type="stmt"/>
        <line num="11" count="22" type="stmt"/>
        <line num="12" count="22" type="stmt"/>
        <line num="13" count="22" type="stmt"/>
        <line num="14" count="22" type="stmt"/>
        <line num="15" count="22" type="stmt"/>
        <line num="16" count="22" type="stmt"/>
        <line num="17" count="22" type="stmt"/>
        <line num="18" count="22" type="stmt"/>
      </file>
    </package>
    <package name="layouts.Navbar">
      <metrics statements="24" coveredstatements="23" conditionals="13" coveredconditionals="12" methods="7" coveredmethods="6"/>
      <file name="index.tsx" path="/home/thanghq/Workspace/turborepo/apps/web-next/src/layouts/Navbar/index.tsx">
        <metrics statements="24" coveredstatements="23" conditionals="13" coveredconditionals="12" methods="7" coveredmethods="6"/>
        <line num="3" count="1" type="stmt"/>
        <line num="5" count="1" type="stmt"/>
        <line num="16" count="1" type="stmt"/>
        <line num="17" count="1" type="stmt"/>
        <line num="19" count="1" type="stmt"/>
        <line num="21" count="1" type="stmt"/>
        <line num="22" count="1" type="stmt"/>
        <line num="26" count="4" type="stmt"/>
        <line num="27" count="8" type="cond" truecount="4" falsecount="0"/>
        <line num="29" count="8" type="stmt"/>
        <line num="30" count="8" type="stmt"/>
        <line num="31" count="18" type="stmt"/>
        <line num="34" count="8" type="stmt"/>
        <line num="35" count="8" type="stmt"/>
        <line num="37" count="8" type="stmt"/>
        <line num="38" count="4" type="stmt"/>
        <line num="41" count="8" type="stmt"/>
        <line num="42" count="2" type="cond" truecount="2" falsecount="0"/>
        <line num="45" count="8" type="stmt"/>
        <line num="46" count="8" type="stmt"/>
        <line num="47" count="0" type="stmt"/>
        <line num="88" count="32" type="stmt"/>
        <line num="151" count="32" type="stmt"/>
        <line num="165" count="1" type="stmt"/>
      </file>
    </package>
    <package name="lib">
      <metrics statements="2" coveredstatements="2" conditionals="0" coveredconditionals="0" methods="0" coveredmethods="0"/>
      <file name="utils.ts" path="/home/thanghq/Workspace/turborepo/apps/web-next/src/lib/utils.ts">
        <metrics statements="2" coveredstatements="2" conditionals="0" coveredconditionals="0" methods="0" coveredmethods="0"/>
        <line num="2" count="34" type="stmt"/>
        <line num="3" count="5" type="stmt"/>
      </file>
    </package>
    <package name="mocks">
      <metrics statements="25" coveredstatements="25" conditionals="0" coveredconditionals="0" methods="0" coveredmethods="0"/>
      <file name="breadcrumb.ts" path="/home/thanghq/Workspace/turborepo/apps/web-next/src/mocks/breadcrumb.ts">
        <metrics statements="1" coveredstatements="1" conditionals="0" coveredconditionals="0" methods="0" coveredmethods="0"/>
        <line num="1" count="19" type="stmt"/>
      </file>
      <file name="cart.ts" path="/home/thanghq/Workspace/turborepo/apps/web-next/src/mocks/cart.ts">
        <metrics statements="4" coveredstatements="4" conditionals="0" coveredconditionals="0" methods="0" coveredmethods="0"/>
        <line num="2" count="19" type="stmt"/>
        <line num="4" count="19" type="stmt"/>
        <line num="21" count="25" type="stmt"/>
        <line num="46" count="19" type="stmt"/>
      </file>
      <file name="category.ts" path="/home/thanghq/Workspace/turborepo/apps/web-next/src/mocks/category.ts">
        <metrics statements="2" coveredstatements="2" conditionals="0" coveredconditionals="0" methods="0" coveredmethods="0"/>
        <line num="1" count="19" type="stmt"/>
        <line num="24" count="19" type="stmt"/>
      </file>
      <file name="image.ts" path="/home/thanghq/Workspace/turborepo/apps/web-next/src/mocks/image.ts">
        <metrics statements="3" coveredstatements="3" conditionals="0" coveredconditionals="0" methods="0" coveredmethods="0"/>
        <line num="1" count="19" type="stmt"/>
        <line num="3" count="57" type="stmt"/>
        <line num="8" count="19" type="stmt"/>
      </file>
      <file name="index.ts" path="/home/thanghq/Workspace/turborepo/apps/web-next/src/mocks/index.ts">
        <metrics statements="7" coveredstatements="7" conditionals="0" coveredconditionals="0" methods="0" coveredmethods="0"/>
        <line num="1" count="19" type="stmt"/>
        <line num="2" count="19" type="stmt"/>
        <line num="3" count="19" type="stmt"/>
        <line num="4" count="19" type="stmt"/>
        <line num="5" count="19" type="stmt"/>
        <line num="6" count="19" type="stmt"/>
        <line num="7" count="19" type="stmt"/>
      </file>
      <file name="product.ts" path="/home/thanghq/Workspace/turborepo/apps/web-next/src/mocks/product.ts">
        <metrics statements="4" coveredstatements="4" conditionals="0" coveredconditionals="0" methods="0" coveredmethods="0"/>
        <line num="3" count="19" type="stmt"/>
        <line num="6" count="53" type="stmt"/>
        <line num="23" count="19" type="stmt"/>
        <line num="39" count="19" type="stmt"/>
      </file>
      <file name="radio-group.ts" path="/home/thanghq/Workspace/turborepo/apps/web-next/src/mocks/radio-group.ts">
        <metrics statements="2" coveredstatements="2" conditionals="0" coveredconditionals="0" methods="0" coveredmethods="0"/>
        <line num="1" count="19" type="stmt"/>
        <line num="9" count="19" type="stmt"/>
      </file>
      <file name="user.ts" path="/home/thanghq/Workspace/turborepo/apps/web-next/src/mocks/user.ts">
        <metrics statements="2" coveredstatements="2" conditionals="0" coveredconditionals="0" methods="0" coveredmethods="0"/>
        <line num="3" count="19" type="stmt"/>
        <line num="5" count="19" type="stmt"/>
      </file>
    </package>
    <package name="services">
      <metrics statements="146" coveredstatements="137" conditionals="54" coveredconditionals="39" methods="17" coveredmethods="16"/>
      <file name="api.ts" path="/home/thanghq/Workspace/turborepo/apps/web-next/src/services/api.ts">
        <metrics statements="36" coveredstatements="34" conditionals="13" coveredconditionals="10" methods="7" coveredmethods="7"/>
        <line num="1" count="13" type="stmt"/>
        <line num="12" count="5" type="stmt"/>
        <line num="18" count="13" type="stmt"/>
        <line num="19" count="13" type="stmt"/>
        <line num="23" count="13" type="cond" truecount="1" falsecount="0"/>
        <line num="25" count="13" type="cond" truecount="1" falsecount="0"/>
        <line num="26" count="13" type="stmt"/>
        <line num="27" count="13" type="stmt"/>
        <line num="31" count="2" type="stmt"/>
        <line num="32" count="2" type="cond" truecount="1" falsecount="0"/>
        <line num="33" count="1" type="stmt"/>
        <line num="35" count="1" type="stmt"/>
        <line num="36" count="1" type="stmt"/>
        <line num="40" count="2" type="stmt"/>
        <line num="46" count="2" type="cond" truecount="1" falsecount="0"/>
        <line num="47" count="1" type="stmt"/>
        <line num="49" count="1" type="stmt"/>
        <line num="50" count="1" type="stmt"/>
        <line num="54" count="2" type="stmt"/>
        <line num="60" count="2" type="cond" truecount="1" falsecount="0"/>
        <line num="61" count="1" type="stmt"/>
        <line num="63" count="1" type="stmt"/>
        <line num="64" count="1" type="stmt"/>
        <line num="68" count="2" type="stmt"/>
        <line num="73" count="2" type="cond" truecount="1" falsecount="0"/>
        <line num="74" count="1" type="stmt"/>
        <line num="78" count="1" type="stmt"/>
        <line num="79" count="1" type="stmt"/>
        <line num="81" count="1" type="cond" truecount="3" falsecount="1"/>
        <line num="83" count="0" type="stmt"/>
        <line num="86" count="1" type="stmt"/>
        <line num="87" count="1" type="stmt"/>
        <line num="88" count="1" type="stmt"/>
        <line num="91" count="0" type="stmt"/>
        <line num="96" count="8" type="stmt"/>
        <line num="107" count="21" type="stmt"/>
      </file>
      <file name="cart.ts" path="/home/thanghq/Workspace/turborepo/apps/web-next/src/services/cart.ts">
        <metrics statements="61" coveredstatements="61" conditionals="27" coveredconditionals="19" methods="5" coveredmethods="5"/>
        <line num="1" count="12" type="stmt"/>
        <line num="4" count="12" type="stmt"/>
        <line num="6" count="12" type="stmt"/>
        <line num="15" count="12" type="stmt"/>
        <line num="17" count="12" type="stmt"/>
        <line num="20" count="2" type="stmt"/>
        <line num="21" count="2" type="stmt"/>
        <line num="22" count="2" type="stmt"/>
        <line num="29" count="1" type="stmt"/>
        <line num="34" count="1" type="cond" truecount="1" falsecount="1"/>
        <line num="40" count="1" type="stmt"/>
        <line num="41" count="1" type="stmt"/>
        <line num="47" count="12" type="stmt"/>
        <line num="50" count="5" type="stmt"/>
        <line num="51" count="5" type="stmt"/>
        <line num="64" count="4" type="stmt"/>
        <line num="65" count="4" type="stmt"/>
        <line num="67" count="4" type="stmt"/>
        <line num="70" count="1" type="cond" truecount="1" falsecount="1"/>
        <line num="75" count="1" type="stmt"/>
        <line num="77" count="1" type="stmt"/>
        <line num="81" count="12" type="stmt"/>
        <line num="85" count="8" type="stmt"/>
        <line num="86" count="8" type="stmt"/>
        <line num="96" count="6" type="stmt"/>
        <line num="97" count="6" type="stmt"/>
        <line num="99" count="6" type="stmt"/>
        <line num="102" count="2" type="cond" truecount="1" falsecount="1"/>
        <line num="107" count="2" type="stmt"/>
        <line num="109" count="2" type="stmt"/>
        <line num="113" count="12" type="stmt"/>
        <line num="114" count="6" type="stmt"/>
        <line num="115" count="6" type="stmt"/>
        <line num="120" count="4" type="cond" truecount="1" falsecount="0"/>
        <line num="121" count="2" type="stmt"/>
        <line num="122" count="2" type="stmt"/>
        <line num="123" count="2" type="stmt"/>
        <line num="126" count="2" type="stmt"/>
        <line num="129" count="2" type="cond" truecount="1" falsecount="1"/>
        <line num="134" count="2" type="stmt"/>
        <line num="135" count="2" type="stmt"/>
        <line num="139" count="12" type="stmt"/>
        <line num="146" count="9" type="stmt"/>
        <line num="147" count="9" type="stmt"/>
        <line num="151" count="9" type="stmt"/>
        <line num="152" count="7" type="cond" truecount="1" falsecount="1"/>
        <line num="153" count="7" type="cond" truecount="2" falsecount="0"/>
        <line num="154" count="7" type="stmt"/>
        <line num="155" count="7" type="cond" truecount="2" falsecount="0"/>
        <line num="156" count="7" type="cond" truecount="2" falsecount="0"/>
        <line num="158" count="7" type="stmt"/>
        <line num="165" count="7" type="cond" truecount="2" falsecount="0"/>
        <line num="166" count="4" type="stmt"/>
        <line num="167" count="4" type="stmt"/>
        <line num="173" count="4" type="cond" truecount="1" falsecount="1"/>
        <line num="174" count="4" type="stmt"/>
        <line num="181" count="3" type="stmt"/>
        <line num="184" count="7" type="stmt"/>
        <line num="190" count="2" type="cond" truecount="1" falsecount="1"/>
        <line num="196" count="2" type="stmt"/>
        <line num="198" count="2" type="stmt"/>
      </file>
      <file name="category.ts" path="/home/thanghq/Workspace/turborepo/apps/web-next/src/services/category.ts">
        <metrics statements="18" coveredstatements="11" conditionals="4" coveredconditionals="2" methods="2" coveredmethods="1"/>
        <line num="2" count="12" type="stmt"/>
        <line num="4" count="12" type="stmt"/>
        <line num="8" count="12" type="stmt"/>
        <line num="9" count="3" type="stmt"/>
        <line num="12" count="3" type="stmt"/>
        <line num="13" count="3" type="stmt"/>
        <line num="19" count="1" type="stmt"/>
        <line num="24" count="2" type="cond" truecount="2" falsecount="0"/>
        <line num="30" count="2" type="stmt"/>
        <line num="31" count="2" type="stmt"/>
        <line num="38" count="12" type="stmt"/>
        <line num="39" count="0" type="stmt"/>
        <line num="40" count="0" type="stmt"/>
        <line num="41" count="0" type="stmt"/>
        <line num="47" count="0" type="stmt"/>
        <line num="52" count="0" type="cond" truecount="0" falsecount="2"/>
        <line num="57" count="0" type="stmt"/>
        <line num="58" count="0" type="stmt"/>
      </file>
      <file name="index.ts" path="/home/thanghq/Workspace/turborepo/apps/web-next/src/services/index.ts">
        <metrics statements="4" coveredstatements="4" conditionals="0" coveredconditionals="0" methods="0" coveredmethods="0"/>
        <line num="1" count="12" type="stmt"/>
        <line num="2" count="12" type="stmt"/>
        <line num="3" count="12" type="stmt"/>
        <line num="4" count="12" type="stmt"/>
      </file>
      <file name="product.ts" path="/home/thanghq/Workspace/turborepo/apps/web-next/src/services/product.ts">
        <metrics statements="18" coveredstatements="18" conditionals="8" coveredconditionals="6" methods="2" coveredmethods="2"/>
        <line num="2" count="12" type="stmt"/>
        <line num="4" count="12" type="stmt"/>
        <line num="18" count="12" type="cond" truecount="1" falsecount="0"/>
        <line num="22" count="2" type="stmt"/>
        <line num="23" count="2" type="stmt"/>
        <line num="26" count="2" type="stmt"/>
        <line num="31" count="1" type="stmt"/>
        <line num="37" count="1" type="cond" truecount="1" falsecount="1"/>
        <line num="43" count="1" type="stmt"/>
        <line num="44" count="1" type="stmt"/>
        <line num="55" count="12" type="stmt"/>
        <line num="59" count="3" type="stmt"/>
        <line num="60" count="3" type="stmt"/>
        <line num="61" count="3" type="stmt"/>
        <line num="71" count="2" type="stmt"/>
        <line num="74" count="1" type="cond" truecount="1" falsecount="1"/>
        <line num="80" count="1" type="stmt"/>
        <line num="81" count="1" type="stmt"/>
      </file>
      <file name="user.ts" path="/home/thanghq/Workspace/turborepo/apps/web-next/src/services/user.ts">
        <metrics statements="9" coveredstatements="9" conditionals="2" coveredconditionals="2" methods="1" coveredmethods="1"/>
        <line num="1" count="1" type="stmt"/>
        <line num="2" count="1" type="stmt"/>
        <line num="5" count="3" type="stmt"/>
        <line num="6" count="3" type="stmt"/>
        <line num="7" count="3" type="stmt"/>
        <line num="8" count="3" type="stmt"/>
        <line num="15" count="1" type="stmt"/>
        <line num="19" count="2" type="stmt"/>
        <line num="23" count="2" type="stmt"/>
      </file>
    </package>
    <package name="ui.cart.CartDetail">
      <metrics statements="22" coveredstatements="22" conditionals="20" coveredconditionals="9" methods="6" coveredmethods="6"/>
      <file name="index.tsx" path="/home/thanghq/Workspace/turborepo/apps/web-next/src/ui/cart/CartDetail/index.tsx">
        <metrics statements="22" coveredstatements="22" conditionals="20" coveredconditionals="9" methods="6" coveredmethods="6"/>
        <line num="3" count="1" type="stmt"/>
        <line num="5" count="1" type="stmt"/>
        <line num="7" count="1" type="stmt"/>
        <line num="9" count="1" type="stmt"/>
        <line num="12" count="1" type="stmt"/>
        <line num="15" count="2" type="stmt"/>
        <line num="16" count="2" type="stmt"/>
        <line num="22" count="1" type="stmt"/>
        <line num="24" count="1" type="stmt"/>
        <line num="26" count="1" type="cond" truecount="0" falsecount="1"/>
        <line num="42" count="2" type="stmt"/>
        <line num="50" count="2" type="cond" truecount="1" falsecount="1"/>
        <line num="52" count="2" type="cond" truecount="2" falsecount="0"/>
        <line num="53" count="2" type="cond" truecount="2" falsecount="0"/>
        <line num="54" count="2" type="cond" truecount="2" falsecount="0"/>
        <line num="55" count="2" type="cond" truecount="2" falsecount="0"/>
        <line num="57" count="2" type="stmt"/>
        <line num="58" count="2" type="stmt"/>
        <line num="59" count="2" type="stmt"/>
        <line num="60" count="2" type="stmt"/>
        <line num="62" count="2" type="stmt"/>
        <line num="92" count="1" type="stmt"/>
      </file>
    </package>
    <package name="ui.cart.CartItem">
      <metrics statements="42" coveredstatements="39" conditionals="11" coveredconditionals="8" methods="9" coveredmethods="9"/>
      <file name="index.tsx" path="/home/thanghq/Workspace/turborepo/apps/web-next/src/ui/cart/CartItem/index.tsx">
        <metrics statements="42" coveredstatements="39" conditionals="11" coveredconditionals="8" methods="9" coveredmethods="9"/>
        <line num="3" count="2" type="stmt"/>
        <line num="5" count="2" type="stmt"/>
        <line num="8" count="2" type="stmt"/>
        <line num="10" count="2" type="stmt"/>
        <line num="12" count="2" type="stmt"/>
        <line num="13" count="2" type="stmt"/>
        <line num="15" count="2" type="stmt"/>
        <line num="19" count="2" type="stmt"/>
        <line num="37" count="2" type="stmt"/>
        <line num="53" count="10" type="stmt"/>
        <line num="54" count="10" type="stmt"/>
        <line num="56" count="10" type="stmt"/>
        <line num="57" count="10" type="stmt"/>
        <line num="70" count="10" type="stmt"/>
        <line num="71" count="10" type="stmt"/>
        <line num="73" count="2" type="cond" truecount="1" falsecount="1"/>
        <line num="74" count="0" type="stmt"/>
        <line num="80" count="0" type="stmt"/>
        <line num="81" count="2" type="cond" truecount="1" falsecount="0"/>
        <line num="82" count="2" type="stmt"/>
        <line num="88" count="2" type="stmt"/>
        <line num="96" count="2" type="cond" truecount="1" falsecount="1"/>
        <line num="97" count="0" type="stmt"/>
        <line num="101" count="10" type="stmt"/>
        <line num="104" count="2" type="cond" truecount="2" falsecount="0"/>
        <line num="106" count="2" type="stmt"/>
        <line num="107" count="2" type="stmt"/>
        <line num="112" count="10" type="stmt"/>
        <line num="113" count="1" type="stmt"/>
        <line num="116" count="10" type="stmt"/>
        <line num="117" count="1" type="stmt"/>
        <line num="121" count="10" type="stmt"/>
        <line num="122" count="1" type="stmt"/>
        <line num="128" count="1" type="stmt"/>
        <line num="131" count="10" type="stmt"/>
        <line num="132" count="6" type="stmt"/>
        <line num="136" count="10" type="stmt"/>
        <line num="137" count="10" type="stmt"/>
        <line num="138" count="10" type="stmt"/>
        <line num="139" count="10" type="stmt"/>
        <line num="230" count="2" type="stmt"/>
        <line num="231" count="5" type="stmt"/>
      </file>
    </package>
    <package name="ui.cart.OrderSummary">
      <metrics statements="10" coveredstatements="10" conditionals="0" coveredconditionals="0" methods="1" coveredmethods="1"/>
      <file name="index.tsx" path="/home/thanghq/Workspace/turborepo/apps/web-next/src/ui/cart/OrderSummary/index.tsx">
        <metrics statements="10" coveredstatements="10" conditionals="0" coveredconditionals="0" methods="1" coveredmethods="1"/>
        <line num="1" count="2" type="stmt"/>
        <line num="3" count="2" type="stmt"/>
        <line num="6" count="2" type="stmt"/>
        <line num="8" count="2" type="stmt"/>
        <line num="10" count="2" type="stmt"/>
        <line num="18" count="2" type="stmt"/>
        <line num="20" count="2" type="stmt"/>
        <line num="21" count="2" type="stmt"/>
        <line num="75" count="2" type="stmt"/>
        <line num="76" count="2" type="stmt"/>
      </file>
    </package>
    <package name="ui.product-detail.ColorRadioGroup">
      <metrics statements="16" coveredstatements="16" conditionals="11" coveredconditionals="11" methods="2" coveredmethods="2"/>
      <file name="index.tsx" path="/home/thanghq/Workspace/turborepo/apps/web-next/src/ui/product-detail/ColorRadioGroup/index.tsx">
        <metrics statements="16" coveredstatements="16" conditionals="11" coveredconditionals="11" methods="2" coveredmethods="2"/>
        <line num="1" count="1" type="stmt"/>
        <line num="4" count="1" type="stmt"/>
        <line num="6" count="1" type="stmt"/>
        <line num="7" count="1" type="stmt"/>
        <line num="9" count="1" type="stmt"/>
        <line num="10" count="1" type="stmt"/>
        <line num="43" count="5" type="stmt"/>
        <line num="44" count="5" type="stmt"/>
        <line num="47" count="16" type="cond" truecount="2" falsecount="0"/>
        <line num="49" count="5" type="stmt"/>
        <line num="50" count="5" type="cond" truecount="2" falsecount="0"/>
        <line num="53" count="5" type="cond" truecount="2" falsecount="0"/>
        <line num="57" count="5" type="cond" truecount="2" falsecount="0"/>
        <line num="59" count="5" type="stmt"/>
        <line num="101" count="1" type="stmt"/>
        <line num="102" count="1" type="stmt"/>
      </file>
    </package>
    <package name="ui.product-detail.MediaPreview">
      <metrics statements="27" coveredstatements="27" conditionals="11" coveredconditionals="9" methods="10" coveredmethods="10"/>
      <file name="ThumbnailItem.tsx" path="/home/thanghq/Workspace/turborepo/apps/web-next/src/ui/product-detail/MediaPreview/ThumbnailItem.tsx">
        <metrics statements="7" coveredstatements="7" conditionals="2" coveredconditionals="2" methods="2" coveredmethods="2"/>
        <line num="1" count="2" type="stmt"/>
        <line num="4" count="2" type="stmt"/>
        <line num="5" count="2" type="stmt"/>
        <line num="7" count="2" type="stmt"/>
        <line num="17" count="24" type="stmt"/>
        <line num="23" count="1" type="stmt"/>
        <line num="43" count="2" type="stmt"/>
      </file>
      <file name="index.tsx" path="/home/thanghq/Workspace/turborepo/apps/web-next/src/ui/product-detail/MediaPreview/index.tsx">
        <metrics statements="20" coveredstatements="20" conditionals="9" coveredconditionals="7" methods="8" coveredmethods="8"/>
        <line num="3" count="2" type="stmt"/>
        <line num="6" count="2" type="stmt"/>
        <line num="8" count="2" type="stmt"/>
        <line num="9" count="2" type="stmt"/>
        <line num="13" count="2" type="stmt"/>
        <line num="15" count="2" type="stmt"/>
        <line num="16" count="11" type="stmt"/>
        <line num="18" count="11" type="stmt"/>
        <line num="19" count="4" type="stmt"/>
        <line num="20" count="4" type="cond" truecount="3" falsecount="0"/>
        <line num="22" count="2" type="cond" truecount="2" falsecount="0"/>
        <line num="26" count="11" type="stmt"/>
        <line num="27" count="11" type="cond" truecount="0" falsecount="2"/>
        <line num="49" count="1" type="stmt"/>
        <line num="59" count="1" type="stmt"/>
        <line num="73" count="1" type="stmt"/>
        <line num="79" count="24" type="stmt"/>
        <line num="95" count="1" type="stmt"/>
        <line num="105" count="2" type="stmt"/>
        <line num="106" count="2" type="stmt"/>
      </file>
    </package>
    <package name="ui.product-detail.ProductDetail">
      <metrics statements="63" coveredstatements="56" conditionals="46" coveredconditionals="27" methods="27" coveredmethods="18"/>
      <file name="ProductAction.tsx" path="/home/thanghq/Workspace/turborepo/apps/web-next/src/ui/product-detail/ProductDetail/ProductAction.tsx">
        <metrics statements="46" coveredstatements="40" conditionals="32" coveredconditionals="21" methods="18" coveredmethods="10"/>
        <line num="3" count="1" type="stmt"/>
        <line num="5" count="1" type="stmt"/>
        <line num="8" count="1" type="stmt"/>
        <line num="10" count="1" type="stmt"/>
        <line num="11" count="1" type="stmt"/>
        <line num="18" count="1" type="stmt"/>
        <line num="22" count="1" type="stmt"/>
        <line num="25" count="0" type="stmt"/>
        <line num="28" count="0" type="stmt"/>
        <line num="30" count="2" type="stmt"/>
        <line num="40" count="1" type="stmt"/>
        <line num="48" count="13" type="cond" truecount="1" falsecount="1"/>
        <line num="52" count="13" type="stmt"/>
        <line num="54" count="13" type="stmt"/>
        <line num="55" count="13" type="stmt"/>
        <line num="56" count="13" type="stmt"/>
        <line num="59" count="13" type="stmt"/>
        <line num="61" count="13" type="cond" truecount="1" falsecount="1"/>
        <line num="62" count="13" type="stmt"/>
        <line num="63" count="0" type="stmt"/>
        <line num="66" count="13" type="stmt"/>
        <line num="67" count="5" type="stmt"/>
        <line num="74" count="13" type="stmt"/>
        <line num="75" count="13" type="stmt"/>
        <line num="78" count="13" type="stmt"/>
        <line num="79" count="9" type="stmt"/>
        <line num="80" count="9" type="cond" truecount="2" falsecount="0"/>
        <line num="82" count="9" type="cond" truecount="1" falsecount="2"/>
        <line num="83" count="0" type="cond" truecount="0" falsecount="2"/>
        <line num="84" count="0" type="cond" truecount="0" falsecount="3"/>
        <line num="86" count="0" type="stmt"/>
        <line num="89" count="9" type="stmt"/>
        <line num="90" count="9" type="cond" truecount="2" falsecount="0"/>
        <line num="91" count="9" type="cond" truecount="2" falsecount="0"/>
        <line num="102" count="13" type="stmt"/>
        <line num="103" count="2" type="stmt"/>
        <line num="104" count="2" type="cond" truecount="2" falsecount="0"/>
        <line num="108" count="13" type="stmt"/>
        <line num="109" count="1" type="stmt"/>
        <line num="112" count="13" type="stmt"/>
        <line num="113" count="1" type="stmt"/>
        <line num="117" count="13" type="stmt"/>
        <line num="118" count="2" type="stmt"/>
        <line num="126" count="2" type="stmt"/>
        <line num="129" count="13" type="stmt"/>
        <line num="250" count="1" type="stmt"/>
      </file>
      <file name="ProductHeaderInfo.tsx" path="/home/thanghq/Workspace/turborepo/apps/web-next/src/ui/product-detail/ProductDetail/ProductHeaderInfo.tsx">
        <metrics statements="6" coveredstatements="6" conditionals="1" coveredconditionals="1" methods="1" coveredmethods="1"/>
        <line num="5" count="1" type="stmt"/>
        <line num="6" count="1" type="stmt"/>
        <line num="7" count="1" type="stmt"/>
        <line num="15" count="1" type="stmt"/>
        <line num="16" count="10" type="stmt"/>
        <line num="54" count="1" type="stmt"/>
      </file>
      <file name="index.tsx" path="/home/thanghq/Workspace/turborepo/apps/web-next/src/ui/product-detail/ProductDetail/index.tsx">
        <metrics statements="11" coveredstatements="10" conditionals="13" coveredconditionals="5" methods="8" coveredmethods="7"/>
        <line num="1" count="1" type="stmt"/>
        <line num="3" count="1" type="stmt"/>
        <line num="6" count="1" type="stmt"/>
        <line num="10" count="2" type="stmt"/>
        <line num="12" count="2" type="stmt"/>
        <line num="15" count="2" type="stmt"/>
        <line num="25" count="1" type="cond" truecount="2" falsecount="0"/>
        <line num="34" count="5" type="stmt"/>
        <line num="37" count="5" type="cond" truecount="1" falsecount="1"/>
        <line num="38" count="0" type="stmt"/>
        <line num="73" count="5" type="stmt"/>
      </file>
    </package>
    <package name="ui.product-detail.RelatedInfo">
      <metrics statements="10" coveredstatements="10" conditionals="3" coveredconditionals="3" methods="1" coveredmethods="1"/>
      <file name="index.tsx" path="/home/thanghq/Workspace/turborepo/apps/web-next/src/ui/product-detail/RelatedInfo/index.tsx">
        <metrics statements="10" coveredstatements="10" conditionals="3" coveredconditionals="3" methods="1" coveredmethods="1"/>
        <line num="1" count="2" type="stmt"/>
        <line num="3" count="2" type="stmt"/>
        <line num="6" count="2" type="stmt"/>
        <line num="8" count="2" type="stmt"/>
        <line num="9" count="2" type="stmt"/>
        <line num="17" count="2" type="stmt"/>
        <line num="59" count="12" type="cond" truecount="2" falsecount="0"/>
        <line num="61" count="12" type="stmt"/>
        <line num="80" count="2" type="stmt"/>
        <line num="81" count="2" type="stmt"/>
      </file>
    </package>
    <package name="ui.product-detail.SizeRadioGroup">
      <metrics statements="8" coveredstatements="8" conditionals="6" coveredconditionals="6" methods="1" coveredmethods="1"/>
      <file name="index.tsx" path="/home/thanghq/Workspace/turborepo/apps/web-next/src/ui/product-detail/SizeRadioGroup/index.tsx">
        <metrics statements="8" coveredstatements="8" conditionals="6" coveredconditionals="6" methods="1" coveredmethods="1"/>
        <line num="1" count="1" type="stmt"/>
        <line num="4" count="1" type="stmt"/>
        <line num="5" count="1" type="stmt"/>
        <line num="39" count="3" type="stmt"/>
        <line num="40" count="3" type="stmt"/>
        <line num="42" count="3" type="stmt"/>
        <line num="65" count="1" type="stmt"/>
        <line num="66" count="1" type="stmt"/>
      </file>
    </package>
    <package name="ui.product.Banner">
      <metrics statements="7" coveredstatements="7" conditionals="0" coveredconditionals="0" methods="1" coveredmethods="1"/>
      <file name="index.tsx" path="/home/thanghq/Workspace/turborepo/apps/web-next/src/ui/product/Banner/index.tsx">
        <metrics statements="7" coveredstatements="7" conditionals="0" coveredconditionals="0" methods="1" coveredmethods="1"/>
        <line num="1" count="1" type="stmt"/>
        <line num="3" count="1" type="stmt"/>
        <line num="11" count="1" type="stmt"/>
        <line num="12" count="1" type="stmt"/>
        <line num="13" count="1" type="stmt"/>
        <line num="43" count="1" type="stmt"/>
        <line num="44" count="1" type="stmt"/>
      </file>
    </package>
    <package name="ui.product.ProductCard">
      <metrics statements="18" coveredstatements="18" conditionals="3" coveredconditionals="2" methods="3" coveredmethods="3"/>
      <file name="index.tsx" path="/home/thanghq/Workspace/turborepo/apps/web-next/src/ui/product/ProductCard/index.tsx">
        <metrics statements="18" coveredstatements="18" conditionals="3" coveredconditionals="2" methods="3" coveredmethods="3"/>
        <line num="1" count="2" type="stmt"/>
        <line num="3" count="2" type="stmt"/>
        <line num="4" count="2" type="stmt"/>
        <line num="6" count="2" type="stmt"/>
        <line num="9" count="2" type="stmt"/>
        <line num="11" count="2" type="stmt"/>
        <line num="12" count="2" type="stmt"/>
        <line num="14" count="2" type="stmt"/>
        <line num="16" count="2" type="stmt"/>
        <line num="29" count="2" type="stmt"/>
        <line num="40" count="6" type="stmt"/>
        <line num="41" count="6" type="stmt"/>
        <line num="43" count="6" type="stmt"/>
        <line num="44" count="6" type="stmt"/>
        <line num="45" count="1" type="stmt"/>
        <line num="93" count="30" type="stmt"/>
        <line num="127" count="2" type="stmt"/>
        <line num="128" count="3" type="stmt"/>
      </file>
    </package>
    <package name="ui.product.ProductList">
      <metrics statements="45" coveredstatements="34" conditionals="38" coveredconditionals="11" methods="18" coveredmethods="9"/>
      <file name="ProductCardListSkeleton.tsx" path="/home/thanghq/Workspace/turborepo/apps/web-next/src/ui/product/ProductList/ProductCardListSkeleton.tsx">
        <metrics statements="6" coveredstatements="5" conditionals="0" coveredconditionals="0" methods="2" coveredmethods="0"/>
        <line num="1" count="1" type="stmt"/>
        <line num="3" count="1" type="stmt"/>
        <line num="5" count="1" type="stmt"/>
        <line num="6" count="1" type="stmt"/>
        <line num="8" count="1" type="stmt"/>
        <line num="20" count="0" type="stmt"/>
      </file>
      <file name="index.tsx" path="/home/thanghq/Workspace/turborepo/apps/web-next/src/ui/product/ProductList/index.tsx">
        <metrics statements="39" coveredstatements="29" conditionals="38" coveredconditionals="11" methods="16" coveredmethods="9"/>
        <line num="3" count="1" type="stmt"/>
        <line num="5" count="1" type="stmt"/>
        <line num="6" count="1" type="stmt"/>
        <line num="9" count="1" type="stmt"/>
        <line num="11" count="1" type="stmt"/>
        <line num="17" count="1" type="stmt"/>
        <line num="19" count="1" type="stmt"/>
        <line num="23" count="1" type="stmt"/>
        <line num="25" count="0" type="stmt"/>
        <line num="26" count="2" type="stmt"/>
        <line num="27" count="2" type="stmt"/>
        <line num="29" count="2" type="stmt"/>
        <line num="39" count="1" type="stmt"/>
        <line num="50" count="2" type="stmt"/>
        <line num="52" count="2" type="stmt"/>
        <line num="54" count="2" type="cond" truecount="1" falsecount="1"/>
        <line num="55" count="2" type="cond" truecount="1" falsecount="1"/>
        <line num="56" count="2" type="stmt"/>
        <line num="58" count="2" type="stmt"/>
        <line num="59" count="2" type="stmt"/>
        <line num="63" count="2" type="stmt"/>
        <line num="65" count="0" type="stmt"/>
        <line num="66" count="0" type="stmt"/>
        <line num="72" count="2" type="stmt"/>
        <line num="74" count="0" type="cond" truecount="0" falsecount="2"/>
        <line num="75" count="0" type="stmt"/>
        <line num="76" count="0" type="cond" truecount="0" falsecount="1"/>
        <line num="77" count="0" type="stmt"/>
        <line num="80" count="0" type="stmt"/>
        <line num="85" count="2" type="stmt"/>
        <line num="86" count="0" type="stmt"/>
        <line num="87" count="0" type="stmt"/>
        <line num="91" count="2" type="cond" truecount="1" falsecount="1"/>
        <line num="95" count="2" type="cond" truecount="1" falsecount="1"/>
        <line num="222" count="4" type="stmt"/>
        <line num="224" count="4" type="stmt"/>
        <line num="226" count="4" type="cond" truecount="2" falsecount="0"/>
        <line num="228" count="4" type="stmt"/>
        <line num="265" count="2" type="stmt"/>
      </file>
    </package>
    <package name="utils">
      <metrics statements="51" coveredstatements="50" conditionals="19" coveredconditionals="17" methods="11" coveredmethods="10"/>
      <file name="api.ts" path="/home/thanghq/Workspace/turborepo/apps/web-next/src/utils/api.ts">
        <metrics statements="3" coveredstatements="2" conditionals="2" coveredconditionals="0" methods="1" coveredmethods="0"/>
        <line num="2" count="14" type="stmt"/>
        <line num="4" count="14" type="stmt"/>
        <line num="5" count="0" type="cond" truecount="0" falsecount="2"/>
      </file>
      <file name="common.ts" path="/home/thanghq/Workspace/turborepo/apps/web-next/src/utils/common.ts">
        <metrics statements="13" coveredstatements="13" conditionals="9" coveredconditionals="9" methods="2" coveredmethods="2"/>
        <line num="1" count="15" type="stmt"/>
        <line num="4" count="15" type="stmt"/>
        <line num="5" count="10" type="stmt"/>
        <line num="6" count="10" type="cond" truecount="2" falsecount="0"/>
        <line num="8" count="10" type="stmt"/>
        <line num="9" count="38" type="stmt"/>
        <line num="10" count="10" type="cond" truecount="1" falsecount="0"/>
        <line num="11" count="10" type="cond" truecount="2" falsecount="0"/>
        <line num="12" count="11" type="stmt"/>
        <line num="14" count="10" type="stmt"/>
        <line num="17" count="5" type="stmt"/>
        <line num="26" count="5" type="cond" truecount="2" falsecount="0"/>
        <line num="28" count="5" type="stmt"/>
      </file>
      <file name="index.ts" path="/home/thanghq/Workspace/turborepo/apps/web-next/src/utils/index.ts">
        <metrics statements="4" coveredstatements="4" conditionals="0" coveredconditionals="0" methods="0" coveredmethods="0"/>
        <line num="1" count="14" type="stmt"/>
        <line num="2" count="14" type="stmt"/>
        <line num="3" count="14" type="stmt"/>
        <line num="4" count="14" type="stmt"/>
      </file>
      <file name="number.ts" path="/home/thanghq/Workspace/turborepo/apps/web-next/src/utils/number.ts">
        <metrics statements="5" coveredstatements="5" conditionals="1" coveredconditionals="1" methods="1" coveredmethods="1"/>
        <line num="1" count="44" type="stmt"/>
        <line num="2" count="44" type="stmt"/>
        <line num="7" count="44" type="cond" truecount="1" falsecount="0"/>
        <line num="8" count="3" type="stmt"/>
        <line num="11" count="41" type="stmt"/>
      </file>
      <file name="product.ts" path="/home/thanghq/Workspace/turborepo/apps/web-next/src/utils/product.ts">
        <metrics statements="26" coveredstatements="26" conditionals="7" coveredconditionals="7" methods="7" coveredmethods="7"/>
        <line num="3" count="16" type="stmt"/>
        <line num="7" count="16" type="stmt"/>
        <line num="9" count="16" type="cond" truecount="1" falsecount="0"/>
        <line num="10" count="14" type="stmt"/>
        <line num="13" count="2" type="stmt"/>
        <line num="14" count="2" type="stmt"/>
        <line num="16" count="2" type="stmt"/>
        <line num="17" count="6" type="stmt"/>
        <line num="18" count="6" type="stmt"/>
        <line num="23" count="2" type="stmt"/>
        <line num="26" count="15" type="stmt"/>
        <line num="31" count="12" type="cond" truecount="2" falsecount="0"/>
        <line num="32" count="12" type="stmt"/>
        <line num="33" count="12" type="cond" truecount="2" falsecount="0"/>
        <line num="35" count="12" type="stmt"/>
        <line num="41" count="15" type="stmt"/>
        <line num="52" count="3" type="stmt"/>
        <line num="53" count="3" type="stmt"/>
        <line num="55" count="3" type="stmt"/>
        <line num="56" count="3" type="stmt"/>
        <line num="58" count="3" type="stmt"/>
        <line num="61" count="15" type="stmt"/>
        <line num="72" count="7" type="stmt"/>
        <line num="73" count="7" type="stmt"/>
        <line num="75" count="7" type="stmt"/>
        <line num="77" count="7" type="stmt"/>
      </file>
    </package>
  </project>
</coverage>
