{"/home/thanghq/Workspace/turborepo/apps/web-next/src/app/actions/cart.ts": {"path":"/home/thanghq/Workspace/turborepo/apps/web-next/src/app/actions/cart.ts","statementMap":{"0":{"start":{"line":12,"column":13},"end":{"line":12,"column":35}},"1":{"start":{"line":23,"column":13},"end":{"line":23,"column":27}},"2":{"start":{"line":25,"column":13},"end":{"line":25,"column":27}},"3":{"start":{"line":9,"column":7},"end":{"line":9,"column":null}},"4":{"start":{"line":12,"column":38},"end":{"line":21,"column":null}},"5":{"start":{"line":13,"column":23},"end":{"line":13,"column":null}},"6":{"start":{"line":14,"column":2},"end":{"line":14,"column":null}},"7":{"start":{"line":15,"column":2},"end":{"line":15,"column":null}},"8":{"start":{"line":16,"column":2},"end":{"line":16,"column":null}},"9":{"start":{"line":17,"column":2},"end":{"line":17,"column":null}},"10":{"start":{"line":18,"column":2},"end":{"line":18,"column":null}},"11":{"start":{"line":20,"column":2},"end":{"line":20,"column":null}},"12":{"start":{"line":23,"column":30},"end":{"line":23,"column":null}},"13":{"start":{"line":23,"column":60},"end":{"line":23,"column":null}},"14":{"start":{"line":25,"column":30},"end":{"line":25,"column":null}},"15":{"start":{"line":25,"column":87},"end":{"line":25,"column":null}}},"fnMap":{"0":{"name":"(anonymous_4)","decl":{"start":{"line":12,"column":38},"end":{"line":12,"column":45}},"loc":{"start":{"line":12,"column":45},"end":{"line":21,"column":null}}},"1":{"name":"(anonymous_5)","decl":{"start":{"line":23,"column":30},"end":{"line":23,"column":37}},"loc":{"start":{"line":23,"column":60},"end":{"line":23,"column":null}}},"2":{"name":"(anonymous_6)","decl":{"start":{"line":25,"column":30},"end":{"line":25,"column":37}},"loc":{"start":{"line":25,"column":87},"end":{"line":25,"column":null}}}},"branchMap":{},"s":{"0":6,"1":3,"2":2,"3":8,"4":8,"5":6,"6":6,"7":6,"8":6,"9":6,"10":6,"11":6,"12":8,"13":3,"14":8,"15":2},"f":{"0":6,"1":3,"2":2},"b":{}}
,"/home/thanghq/Workspace/turborepo/apps/web-next/src/app/actions/index.ts": {"path":"/home/thanghq/Workspace/turborepo/apps/web-next/src/app/actions/index.ts","statementMap":{"0":{"start":{"line":1,"column":14},"end":{"line":1,"column":null}}},"fnMap":{},"branchMap":{},"s":{"0":7},"f":{},"b":{}}
,"/home/thanghq/Workspace/turborepo/apps/web-next/src/components/index.ts": {"path":"/home/thanghq/Workspace/turborepo/apps/web-next/src/components/index.ts","statementMap":{"0":{"start":{"line":1,"column":14},"end":{"line":1,"column":null}},"1":{"start":{"line":2,"column":14},"end":{"line":2,"column":null}},"2":{"start":{"line":3,"column":14},"end":{"line":3,"column":null}},"3":{"start":{"line":4,"column":14},"end":{"line":4,"column":null}},"4":{"start":{"line":5,"column":14},"end":{"line":5,"column":null}},"5":{"start":{"line":6,"column":14},"end":{"line":6,"column":null}},"6":{"start":{"line":7,"column":14},"end":{"line":7,"column":null}}},"fnMap":{},"branchMap":{},"s":{"0":22,"1":22,"2":22,"3":22,"4":22,"5":22,"6":22},"f":{},"b":{}}
,"/home/thanghq/Workspace/turborepo/apps/web-next/src/components/Breadcrumb/index.tsx": {"path":"/home/thanghq/Workspace/turborepo/apps/web-next/src/components/Breadcrumb/index.tsx","statementMap":{"0":{"start":{"line":18,"column":13},"end":{"line":18,"column":26}},"1":{"start":{"line":3,"column":21},"end":{"line":3,"column":null}},"2":{"start":{"line":6,"column":44},"end":{"line":6,"column":null}},"3":{"start":{"line":9,"column":23},"end":{"line":9,"column":null}},"4":{"start":{"line":11,"column":23},"end":{"line":11,"column":null}},"5":{"start":{"line":18,"column":26},"end":{"line":45,"column":null}},"6":{"start":{"line":38,"column":10},"end":{"line":38,"column":59}},"7":{"start":{"line":47,"column":0},"end":{"line":47,"column":null}}},"fnMap":{"0":{"name":"(anonymous_1)","decl":{"start":{"line":18,"column":31},"end":{"line":18,"column":32}},"loc":{"start":{"line":18,"column":70},"end":{"line":45,"column":null}}},"1":{"name":"(anonymous_2)","decl":{"start":{"line":37,"column":19},"end":{"line":37,"column":20}},"loc":{"start":{"line":38,"column":10},"end":{"line":38,"column":59}}}},"branchMap":{},"s":{"0":11,"1":23,"2":23,"3":23,"4":23,"5":23,"6":22,"7":23},"f":{"0":11,"1":22},"b":{}}
,"/home/thanghq/Workspace/turborepo/apps/web-next/src/components/Content/index.tsx": {"path":"/home/thanghq/Workspace/turborepo/apps/web-next/src/components/Content/index.tsx","statementMap":{"0":{"start":{"line":10,"column":13},"end":{"line":10,"column":23}},"1":{"start":{"line":1,"column":21},"end":{"line":1,"column":null}},"2":{"start":{"line":3,"column":17},"end":{"line":3,"column":null}},"3":{"start":{"line":6,"column":29},"end":{"line":6,"column":null}},"4":{"start":{"line":8,"column":23},"end":{"line":8,"column":null}},"5":{"start":{"line":38,"column":0},"end":{"line":38,"column":null}}},"fnMap":{},"branchMap":{"0":{"loc":{"start":{"line":12,"column":4},"end":{"line":12,"column":25}},"type":"default-arg","locations":[{"start":{"line":12,"column":12},"end":{"line":12,"column":25}}]},"1":{"loc":{"start":{"line":13,"column":4},"end":{"line":13,"column":45}},"type":"default-arg","locations":[{"start":{"line":13,"column":15},"end":{"line":13,"column":45}}]},"2":{"loc":{"start":{"line":19,"column":7},"end":{"line":19,"column":null}},"type":"binary-expr","locations":[{"start":{"line":19,"column":7},"end":{"line":19,"column":null}}]},"3":{"loc":{"start":{"line":24,"column":7},"end":{"line":24,"column":null}},"type":"binary-expr","locations":[{"start":{"line":24,"column":7},"end":{"line":24,"column":null}}]}},"s":{"0":3,"1":22,"2":22,"3":22,"4":22,"5":22},"f":{},"b":{"0":[1],"1":[1],"2":[3],"3":[3]}}
,"/home/thanghq/Workspace/turborepo/apps/web-next/src/components/CustomImage/index.tsx": {"path":"/home/thanghq/Workspace/turborepo/apps/web-next/src/components/CustomImage/index.tsx","statementMap":{"0":{"start":{"line":10,"column":13},"end":{"line":10,"column":27}},"1":{"start":{"line":3,"column":31},"end":{"line":3,"column":null}},"2":{"start":{"line":5,"column":34},"end":{"line":5,"column":null}},"3":{"start":{"line":8,"column":61},"end":{"line":8,"column":null}},"4":{"start":{"line":10,"column":27},"end":{"line":28,"column":null}},"5":{"start":{"line":12,"column":42},"end":{"line":12,"column":null}},"6":{"start":{"line":14,"column":26},"end":{"line":14,"column":null}},"7":{"start":{"line":14,"column":32},"end":{"line":14,"column":null}},"8":{"start":{"line":16,"column":6},"end":{"line":16,"column":72}},"9":{"start":{"line":31,"column":0},"end":{"line":31,"column":null}}},"fnMap":{"0":{"name":"(anonymous_2)","decl":{"start":{"line":11,"column":2},"end":{"line":11,"column":3}},"loc":{"start":{"line":11,"column":54},"end":{"line":28,"column":null}}},"1":{"name":"(anonymous_3)","decl":{"start":{"line":14,"column":26},"end":{"line":14,"column":32}},"loc":{"start":{"line":14,"column":32},"end":{"line":14,"column":null}}}},"branchMap":{"0":{"loc":{"start":{"line":16,"column":6},"end":{"line":16,"column":72}},"type":"cond-expr","locations":[{"start":{"line":16,"column":47},"end":{"line":16,"column":53}},{"start":{"line":16,"column":53},"end":{"line":16,"column":72}}]},"1":{"loc":{"start":{"line":16,"column":6},"end":{"line":16,"column":47}},"type":"binary-expr","locations":[{"start":{"line":16,"column":6},"end":{"line":16,"column":37}},{"start":{"line":16,"column":41},"end":{"line":16,"column":47}}]},"2":{"loc":{"start":{"line":21,"column":13},"end":{"line":21,"column":null}},"type":"cond-expr","locations":[{"start":{"line":21,"column":27},"end":{"line":21,"column":50}},{"start":{"line":21,"column":53},"end":{"line":21,"column":null}}]}},"s":{"0":44,"1":22,"2":22,"3":22,"4":22,"5":40,"6":40,"7":1,"8":40,"9":22},"f":{"0":40,"1":1},"b":{"0":[32,8],"1":[40,39],"2":[1,39]}}
,"/home/thanghq/Workspace/turborepo/apps/web-next/src/components/FilterList/index.tsx": {"path":"/home/thanghq/Workspace/turborepo/apps/web-next/src/components/FilterList/index.tsx","statementMap":{"0":{"start":{"line":153,"column":0},"end":{"line":153,"column":15}},"1":{"start":{"line":3,"column":53},"end":{"line":3,"column":null}},"2":{"start":{"line":6,"column":40},"end":{"line":6,"column":null}},"3":{"start":{"line":8,"column":29},"end":{"line":8,"column":null}},"4":{"start":{"line":9,"column":19},"end":{"line":9,"column":null}},"5":{"start":{"line":11,"column":28},"end":{"line":11,"column":null}},"6":{"start":{"line":12,"column":43},"end":{"line":12,"column":null}},"7":{"start":{"line":25,"column":19},"end":{"line":149,"column":null}},"8":{"start":{"line":34,"column":46},"end":{"line":34,"column":null}},"9":{"start":{"line":35,"column":28},"end":{"line":35,"column":null}},"10":{"start":{"line":37,"column":25},"end":{"line":39,"column":null}},"11":{"start":{"line":38,"column":6},"end":{"line":38,"column":null}},"12":{"start":{"line":41,"column":25},"end":{"line":41,"column":null}},"13":{"start":{"line":41,"column":39},"end":{"line":41,"column":62}},"14":{"start":{"line":43,"column":31},"end":{"line":56,"column":null}},"15":{"start":{"line":45,"column":8},"end":{"line":45,"column":null}},"16":{"start":{"line":47,"column":8},"end":{"line":53,"column":null}},"17":{"start":{"line":48,"column":31},"end":{"line":48,"column":null}},"18":{"start":{"line":50,"column":12},"end":{"line":52,"column":null}},"19":{"start":{"line":51,"column":14},"end":{"line":51,"column":null}},"20":{"start":{"line":54,"column":8},"end":{"line":54,"column":null}},"21":{"start":{"line":59,"column":27},"end":{"line":65,"column":null}},"22":{"start":{"line":60,"column":6},"end":{"line":64,"column":null}},"23":{"start":{"line":61,"column":8},"end":{"line":61,"column":null}},"24":{"start":{"line":63,"column":8},"end":{"line":63,"column":null}},"25":{"start":{"line":67,"column":34},"end":{"line":72,"column":null}},"26":{"start":{"line":69,"column":8},"end":{"line":69,"column":null}},"27":{"start":{"line":70,"column":8},"end":{"line":70,"column":null}},"28":{"start":{"line":112,"column":14},"end":{"line":114,"column":null}},"29":{"start":{"line":152,"column":0},"end":{"line":152,"column":null}},"30":{"start":{"line":153,"column":15},"end":{"line":153,"column":null}}},"fnMap":{"0":{"name":"(anonymous_1)","decl":{"start":{"line":26,"column":2},"end":{"line":26,"column":3}},"loc":{"start":{"line":33,"column":20},"end":{"line":149,"column":null}}},"1":{"name":"(anonymous_2)","decl":{"start":{"line":37,"column":37},"end":{"line":37,"column":null}},"loc":{"start":{"line":37,"column":37},"end":{"line":39,"column":7}}},"2":{"name":"(anonymous_3)","decl":{"start":{"line":41,"column":33},"end":{"line":41,"column":39}},"loc":{"start":{"line":41,"column":39},"end":{"line":41,"column":62}}},"3":{"name":"(anonymous_4)","decl":{"start":{"line":44,"column":6},"end":{"line":44,"column":7}},"loc":{"start":{"line":44,"column":7},"end":{"line":55,"column":null}}},"4":{"name":"(anonymous_5)","decl":{"start":{"line":48,"column":18},"end":{"line":48,"column":19}},"loc":{"start":{"line":48,"column":31},"end":{"line":48,"column":null}}},"5":{"name":"(anonymous_6)","decl":{"start":{"line":49,"column":19},"end":{"line":49,"column":20}},"loc":{"start":{"line":49,"column":20},"end":{"line":53,"column":null}}},"6":{"name":"(anonymous_7)","decl":{"start":{"line":59,"column":39},"end":{"line":59,"column":40}},"loc":{"start":{"line":59,"column":40},"end":{"line":65,"column":null}}},"7":{"name":"(anonymous_8)","decl":{"start":{"line":68,"column":6},"end":{"line":68,"column":7}},"loc":{"start":{"line":68,"column":7},"end":{"line":71,"column":null}}},"8":{"name":"(anonymous_9)","decl":{"start":{"line":111,"column":23},"end":{"line":111,"column":24}},"loc":{"start":{"line":112,"column":14},"end":{"line":114,"column":null}}}},"branchMap":{"0":{"loc":{"start":{"line":30,"column":4},"end":{"line":30,"column":21}},"type":"default-arg","locations":[{"start":{"line":30,"column":19},"end":{"line":30,"column":21}}]},"1":{"loc":{"start":{"line":31,"column":4},"end":{"line":31,"column":24}},"type":"default-arg","locations":[{"start":{"line":31,"column":22},"end":{"line":31,"column":24}}]},"2":{"loc":{"start":{"line":50,"column":12},"end":{"line":52,"column":null}},"type":"if","locations":[{"start":{"line":50,"column":12},"end":{"line":52,"column":null}}]},"3":{"loc":{"start":{"line":60,"column":6},"end":{"line":64,"column":null}},"type":"if","locations":[{"start":{"line":60,"column":6},"end":{"line":64,"column":null}},{"start":{"line":62,"column":13},"end":{"line":64,"column":null}}]},"4":{"loc":{"start":{"line":93,"column":14},"end":{"line":97,"column":15}},"type":"cond-expr","locations":[{"start":{"line":93,"column":14},"end":{"line":97,"column":15}}]},"5":{"loc":{"start":{"line":103,"column":9},"end":{"line":103,"column":null}},"type":"binary-expr","locations":[{"start":{"line":103,"column":9},"end":{"line":103,"column":null}}]}},"s":{"0":2,"1":1,"2":1,"3":1,"4":1,"5":1,"6":1,"7":1,"8":4,"9":4,"10":4,"11":1,"12":4,"13":2,"14":4,"15":0,"16":0,"17":0,"18":0,"19":0,"20":0,"21":4,"22":0,"23":0,"24":0,"25":4,"26":1,"27":1,"28":12,"29":1,"30":1},"f":{"0":4,"1":1,"2":2,"3":0,"4":0,"5":0,"6":0,"7":1,"8":12},"b":{"0":[4],"1":[4],"2":[0],"3":[0,0],"4":[3],"5":[4]}}
,"/home/thanghq/Workspace/turborepo/apps/web-next/src/components/InView/index.tsx": {"path":"/home/thanghq/Workspace/turborepo/apps/web-next/src/components/InView/index.tsx","statementMap":{"0":{"start":{"line":5,"column":13},"end":{"line":5,"column":22}},"1":{"start":{"line":3,"column":36},"end":{"line":3,"column":null}},"2":{"start":{"line":5,"column":22},"end":{"line":21,"column":null}}},"fnMap":{"0":{"name":"(anonymous_1)","decl":{"start":{"line":5,"column":22},"end":{"line":5,"column":23}},"loc":{"start":{"line":11,"column":2},"end":{"line":21,"column":null}}}},"branchMap":{},"s":{"0":13,"1":24,"2":24},"f":{"0":13},"b":{}}
,"/home/thanghq/Workspace/turborepo/apps/web-next/src/components/Pagination/index.tsx": {"path":"/home/thanghq/Workspace/turborepo/apps/web-next/src/components/Pagination/index.tsx","statementMap":{"0":{"start":{"line":100,"column":0},"end":{"line":100,"column":15}},"1":{"start":{"line":3,"column":34},"end":{"line":3,"column":null}},"2":{"start":{"line":6,"column":29},"end":{"line":6,"column":null}},"3":{"start":{"line":8,"column":36},"end":{"line":8,"column":null}},"4":{"start":{"line":18,"column":19},"end":{"line":96,"column":null}},"5":{"start":{"line":26,"column":28},"end":{"line":31,"column":null}},"6":{"start":{"line":33,"column":30},"end":{"line":35,"column":null}},"7":{"start":{"line":34,"column":6},"end":{"line":34,"column":null}},"8":{"start":{"line":37,"column":34},"end":{"line":39,"column":null}},"9":{"start":{"line":38,"column":6},"end":{"line":38,"column":null}},"10":{"start":{"line":41,"column":34},"end":{"line":41,"column":56}},"11":{"start":{"line":42,"column":32},"end":{"line":42,"column":null}},"12":{"start":{"line":43,"column":21},"end":{"line":43,"column":63}},"13":{"start":{"line":58,"column":35},"end":{"line":58,"column":null}},"14":{"start":{"line":60,"column":14},"end":{"line":70,"column":null}},"15":{"start":{"line":61,"column":16},"end":{"line":63,"column":null}},"16":{"start":{"line":72,"column":14},"end":{"line":76,"column":null}},"17":{"start":{"line":78,"column":33},"end":{"line":78,"column":null}},"18":{"start":{"line":99,"column":0},"end":{"line":99,"column":null}},"19":{"start":{"line":100,"column":15},"end":{"line":100,"column":null}}},"fnMap":{"0":{"name":"(anonymous_1)","decl":{"start":{"line":19,"column":2},"end":{"line":19,"column":3}},"loc":{"start":{"line":25,"column":20},"end":{"line":96,"column":null}}},"1":{"name":"(anonymous_2)","decl":{"start":{"line":33,"column":42},"end":{"line":33,"column":null}},"loc":{"start":{"line":33,"column":42},"end":{"line":35,"column":7}}},"2":{"name":"(anonymous_3)","decl":{"start":{"line":37,"column":46},"end":{"line":37,"column":null}},"loc":{"start":{"line":37,"column":46},"end":{"line":39,"column":7}}},"3":{"name":"(anonymous_4)","decl":{"start":{"line":57,"column":33},"end":{"line":57,"column":34}},"loc":{"start":{"line":57,"column":46},"end":{"line":83,"column":null}}},"4":{"name":"(anonymous_5)","decl":{"start":{"line":78,"column":27},"end":{"line":78,"column":33}},"loc":{"start":{"line":78,"column":33},"end":{"line":78,"column":null}}}},"branchMap":{"0":{"loc":{"start":{"line":22,"column":4},"end":{"line":22,"column":20}},"type":"default-arg","locations":[{"start":{"line":22,"column":19},"end":{"line":22,"column":20}}]},"1":{"loc":{"start":{"line":47,"column":9},"end":{"line":47,"column":null}},"type":"binary-expr","locations":[{"start":{"line":47,"column":9},"end":{"line":47,"column":null}}]},"2":{"loc":{"start":{"line":60,"column":14},"end":{"line":70,"column":null}},"type":"if","locations":[{"start":{"line":60,"column":14},"end":{"line":70,"column":null}}]}},"s":{"0":6,"1":2,"2":2,"3":2,"4":2,"5":6,"6":6,"7":1,"8":6,"9":1,"10":6,"11":6,"12":6,"13":18,"14":18,"15":2,"16":16,"17":1,"18":2,"19":2},"f":{"0":6,"1":1,"2":1,"3":18,"4":1},"b":{"0":[6],"1":[6],"2":[2]}}
,"/home/thanghq/Workspace/turborepo/apps/web-next/src/components/Profile/index.tsx": {"path":"/home/thanghq/Workspace/turborepo/apps/web-next/src/components/Profile/index.tsx","statementMap":{"0":{"start":{"line":14,"column":13},"end":{"line":14,"column":23}},"1":{"start":{"line":1,"column":21},"end":{"line":1,"column":null}},"2":{"start":{"line":3,"column":23},"end":{"line":3,"column":null}},"3":{"start":{"line":5,"column":21},"end":{"line":5,"column":null}},"4":{"start":{"line":34,"column":0},"end":{"line":34,"column":null}}},"fnMap":{},"branchMap":{"0":{"loc":{"start":{"line":15,"column":25},"end":{"line":15,"column":45}},"type":"default-arg","locations":[{"start":{"line":15,"column":43},"end":{"line":15,"column":45}}]}},"s":{"0":9,"1":22,"2":22,"3":22,"4":22},"f":{},"b":{"0":[1]}}
,"/home/thanghq/Workspace/turborepo/apps/web-next/src/components/Toast/index.tsx": {"path":"/home/thanghq/Workspace/turborepo/apps/web-next/src/components/Toast/index.tsx","statementMap":{"0":{"start":{"line":19,"column":13},"end":{"line":19,"column":21}},"1":{"start":{"line":2,"column":29},"end":{"line":2,"column":null}},"2":{"start":{"line":3,"column":26},"end":{"line":3,"column":null}},"3":{"start":{"line":13,"column":18},"end":{"line":17,"column":null}},"4":{"start":{"line":19,"column":21},"end":{"line":38,"column":null}}},"fnMap":{"0":{"name":"(anonymous_1)","decl":{"start":{"line":19,"column":21},"end":{"line":19,"column":22}},"loc":{"start":{"line":19,"column":71},"end":{"line":38,"column":null}}}},"branchMap":{"0":{"loc":{"start":{"line":19,"column":33},"end":{"line":19,"column":48}},"type":"default-arg","locations":[{"start":{"line":19,"column":41},"end":{"line":19,"column":48}}]}},"s":{"0":7,"1":22,"2":22,"3":22,"4":22},"f":{"0":7},"b":{"0":[1]}}
,"/home/thanghq/Workspace/turborepo/apps/web-next/src/components/common/index.ts": {"path":"/home/thanghq/Workspace/turborepo/apps/web-next/src/components/common/index.ts","statementMap":{"0":{"start":{"line":1,"column":14},"end":{"line":1,"column":null}},"1":{"start":{"line":2,"column":14},"end":{"line":2,"column":null}},"2":{"start":{"line":3,"column":14},"end":{"line":3,"column":null}}},"fnMap":{},"branchMap":{},"s":{"0":22,"1":22,"2":22},"f":{},"b":{}}
,"/home/thanghq/Workspace/turborepo/apps/web-next/src/components/common/Button/index.tsx": {"path":"/home/thanghq/Workspace/turborepo/apps/web-next/src/components/common/Button/index.tsx","statementMap":{"0":{"start":{"line":29,"column":13},"end":{"line":29,"column":22}},"1":{"start":{"line":1,"column":21},"end":{"line":1,"column":null}},"2":{"start":{"line":3,"column":52},"end":{"line":3,"column":null}},"3":{"start":{"line":5,"column":23},"end":{"line":14,"column":null}},"4":{"start":{"line":16,"column":20},"end":{"line":20,"column":null}},"5":{"start":{"line":29,"column":22},"end":{"line":54,"column":null}},"6":{"start":{"line":38,"column":6},"end":{"line":42,"column":null}},"7":{"start":{"line":44,"column":20},"end":{"line":44,"column":173}},"8":{"start":{"line":57,"column":0},"end":{"line":57,"column":null}}},"fnMap":{"0":{"name":"(anonymous_1)","decl":{"start":{"line":30,"column":2},"end":{"line":30,"column":3}},"loc":{"start":{"line":36,"column":22},"end":{"line":54,"column":null}}}},"branchMap":{"0":{"loc":{"start":{"line":31,"column":4},"end":{"line":31,"column":21}},"type":"default-arg","locations":[{"start":{"line":31,"column":14},"end":{"line":31,"column":21}}]},"1":{"loc":{"start":{"line":33,"column":4},"end":{"line":33,"column":20}},"type":"default-arg","locations":[{"start":{"line":33,"column":15},"end":{"line":33,"column":20}}]},"2":{"loc":{"start":{"line":34,"column":4},"end":{"line":34,"column":24}},"type":"default-arg","locations":[{"start":{"line":34,"column":22},"end":{"line":34,"column":24}}]},"3":{"loc":{"start":{"line":38,"column":6},"end":{"line":42,"column":null}},"type":"cond-expr","locations":[{"start":{"line":39,"column":10},"end":{"line":41,"column":null}},{"start":{"line":42,"column":10},"end":{"line":42,"column":null}}]},"4":{"loc":{"start":{"line":39,"column":10},"end":{"line":41,"column":null}},"type":"cond-expr","locations":[{"start":{"line":40,"column":12},"end":{"line":40,"column":null}},{"start":{"line":41,"column":12},"end":{"line":41,"column":null}}]},"5":{"loc":{"start":{"line":44,"column":72},"end":{"line":44,"column":102}},"type":"cond-expr","locations":[{"start":{"line":44,"column":79},"end":{"line":44,"column":96}},{"start":{"line":44,"column":99},"end":{"line":44,"column":102}}]},"6":{"loc":{"start":{"line":44,"column":105},"end":{"line":44,"column":138}},"type":"cond-expr","locations":[{"start":{"line":44,"column":116},"end":{"line":44,"column":135}},{"start":{"line":44,"column":135},"end":{"line":44,"column":138}}]}},"s":{"0":126,"1":22,"2":22,"3":22,"4":22,"5":22,"6":114,"7":114,"8":22},"f":{"0":114},"b":{"0":[0],"1":[86],"2":[35],"3":[16,98],"4":[6,10],"5":[27,87],"6":[11,103]}}
,"/home/thanghq/Workspace/turborepo/apps/web-next/src/components/common/ButtonIcon/index.tsx": {"path":"/home/thanghq/Workspace/turborepo/apps/web-next/src/components/common/ButtonIcon/index.tsx","statementMap":{"0":{"start":{"line":38,"column":13},"end":{"line":38,"column":26}},"1":{"start":{"line":1,"column":21},"end":{"line":1,"column":null}},"2":{"start":{"line":3,"column":52},"end":{"line":3,"column":null}},"3":{"start":{"line":5,"column":23},"end":{"line":12,"column":null}},"4":{"start":{"line":14,"column":26},"end":{"line":17,"column":null}},"5":{"start":{"line":19,"column":26},"end":{"line":22,"column":null}},"6":{"start":{"line":24,"column":20},"end":{"line":28,"column":null}},"7":{"start":{"line":38,"column":26},"end":{"line":60,"column":null}},"8":{"start":{"line":48,"column":6},"end":{"line":48,"column":76}},"9":{"start":{"line":49,"column":23},"end":{"line":49,"column":null}},"10":{"start":{"line":50,"column":20},"end":{"line":50,"column":176}},"11":{"start":{"line":63,"column":0},"end":{"line":63,"column":null}}},"fnMap":{"0":{"name":"(anonymous_1)","decl":{"start":{"line":39,"column":2},"end":{"line":39,"column":3}},"loc":{"start":{"line":46,"column":26},"end":{"line":60,"column":null}}}},"branchMap":{"0":{"loc":{"start":{"line":40,"column":4},"end":{"line":40,"column":21}},"type":"default-arg","locations":[{"start":{"line":40,"column":14},"end":{"line":40,"column":21}}]},"1":{"loc":{"start":{"line":41,"column":4},"end":{"line":41,"column":15}},"type":"default-arg","locations":[{"start":{"line":41,"column":11},"end":{"line":41,"column":15}}]},"2":{"loc":{"start":{"line":42,"column":4},"end":{"line":42,"column":20}},"type":"default-arg","locations":[{"start":{"line":42,"column":12},"end":{"line":42,"column":20}}]},"3":{"loc":{"start":{"line":43,"column":4},"end":{"line":43,"column":20}},"type":"default-arg","locations":[{"start":{"line":43,"column":15},"end":{"line":43,"column":20}}]},"4":{"loc":{"start":{"line":44,"column":4},"end":{"line":44,"column":24}},"type":"default-arg","locations":[{"start":{"line":44,"column":22},"end":{"line":44,"column":24}}]},"5":{"loc":{"start":{"line":48,"column":6},"end":{"line":48,"column":76}},"type":"cond-expr","locations":[{"start":{"line":48,"column":27},"end":{"line":48,"column":50}},{"start":{"line":48,"column":53},"end":{"line":48,"column":76}}]},"6":{"loc":{"start":{"line":49,"column":23},"end":{"line":49,"column":null}},"type":"cond-expr","locations":[{"start":{"line":49,"column":45},"end":{"line":49,"column":66}},{"start":{"line":49,"column":66},"end":{"line":49,"column":null}}]},"7":{"loc":{"start":{"line":50,"column":123},"end":{"line":50,"column":156}},"type":"cond-expr","locations":[{"start":{"line":50,"column":134},"end":{"line":50,"column":153}},{"start":{"line":50,"column":153},"end":{"line":50,"column":156}}]}},"s":{"0":103,"1":23,"2":23,"3":23,"4":23,"5":23,"6":23,"7":23,"8":95,"9":95,"10":95,"11":23},"f":{"0":95},"b":{"0":[1],"1":[1],"2":[1],"3":[94],"4":[25],"5":[47,48],"6":[17,78],"7":[1,94]}}
,"/home/thanghq/Workspace/turborepo/apps/web-next/src/components/common/SelectMultiple/index.tsx": {"path":"/home/thanghq/Workspace/turborepo/apps/web-next/src/components/common/SelectMultiple/index.tsx","statementMap":{"0":{"start":{"line":100,"column":0},"end":{"line":100,"column":15}},"1":{"start":{"line":3,"column":66},"end":{"line":3,"column":null}},"2":{"start":{"line":6,"column":35},"end":{"line":6,"column":null}},"3":{"start":{"line":9,"column":28},"end":{"line":9,"column":null}},"4":{"start":{"line":22,"column":23},"end":{"line":96,"column":null}},"5":{"start":{"line":31,"column":32},"end":{"line":31,"column":null}},"6":{"start":{"line":32,"column":25},"end":{"line":32,"column":null}},"7":{"start":{"line":32,"column":39},"end":{"line":32,"column":62}},"8":{"start":{"line":34,"column":31},"end":{"line":52,"column":null}},"9":{"start":{"line":36,"column":8},"end":{"line":36,"column":null}},"10":{"start":{"line":38,"column":8},"end":{"line":49,"column":null}},"11":{"start":{"line":39,"column":31},"end":{"line":39,"column":null}},"12":{"start":{"line":41,"column":31},"end":{"line":41,"column":null}},"13":{"start":{"line":42,"column":26},"end":{"line":42,"column":null}},"14":{"start":{"line":44,"column":30},"end":{"line":44,"column":48}},"15":{"start":{"line":46,"column":12},"end":{"line":48,"column":null}},"16":{"start":{"line":47,"column":14},"end":{"line":47,"column":null}},"17":{"start":{"line":50,"column":8},"end":{"line":50,"column":null}},"18":{"start":{"line":55,"column":27},"end":{"line":59,"column":null}},"19":{"start":{"line":56,"column":6},"end":{"line":56,"column":null}},"20":{"start":{"line":56,"column":18},"end":{"line":56,"column":null}},"21":{"start":{"line":58,"column":6},"end":{"line":58,"column":null}},"22":{"start":{"line":61,"column":34},"end":{"line":66,"column":null}},"23":{"start":{"line":63,"column":8},"end":{"line":63,"column":null}},"24":{"start":{"line":64,"column":8},"end":{"line":64,"column":null}},"25":{"start":{"line":86,"column":10},"end":{"line":87,"column":null}},"26":{"start":{"line":99,"column":0},"end":{"line":99,"column":null}},"27":{"start":{"line":100,"column":15},"end":{"line":100,"column":null}}},"fnMap":{"0":{"name":"(anonymous_1)","decl":{"start":{"line":23,"column":2},"end":{"line":23,"column":3}},"loc":{"start":{"line":30,"column":24},"end":{"line":96,"column":null}}},"1":{"name":"(anonymous_2)","decl":{"start":{"line":32,"column":33},"end":{"line":32,"column":39}},"loc":{"start":{"line":32,"column":39},"end":{"line":32,"column":62}}},"2":{"name":"(anonymous_3)","decl":{"start":{"line":35,"column":6},"end":{"line":35,"column":7}},"loc":{"start":{"line":35,"column":25},"end":{"line":51,"column":null}}},"3":{"name":"(anonymous_4)","decl":{"start":{"line":39,"column":18},"end":{"line":39,"column":19}},"loc":{"start":{"line":39,"column":31},"end":{"line":39,"column":null}}},"4":{"name":"(anonymous_5)","decl":{"start":{"line":40,"column":19},"end":{"line":40,"column":20}},"loc":{"start":{"line":40,"column":20},"end":{"line":49,"column":null}}},"5":{"name":"(anonymous_6)","decl":{"start":{"line":55,"column":39},"end":{"line":55,"column":40}},"loc":{"start":{"line":55,"column":40},"end":{"line":59,"column":null}}},"6":{"name":"(anonymous_7)","decl":{"start":{"line":62,"column":6},"end":{"line":62,"column":7}},"loc":{"start":{"line":62,"column":7},"end":{"line":65,"column":null}}},"7":{"name":"(anonymous_8)","decl":{"start":{"line":85,"column":19},"end":{"line":85,"column":20}},"loc":{"start":{"line":86,"column":10},"end":{"line":87,"column":null}}}},"branchMap":{"0":{"loc":{"start":{"line":25,"column":4},"end":{"line":25,"column":32}},"type":"default-arg","locations":[{"start":{"line":25,"column":18},"end":{"line":25,"column":32}}]},"1":{"loc":{"start":{"line":26,"column":4},"end":{"line":26,"column":21}},"type":"default-arg","locations":[{"start":{"line":26,"column":19},"end":{"line":26,"column":21}}]},"2":{"loc":{"start":{"line":27,"column":4},"end":{"line":27,"column":24}},"type":"default-arg","locations":[{"start":{"line":27,"column":22},"end":{"line":27,"column":24}}]},"3":{"loc":{"start":{"line":28,"column":4},"end":{"line":28,"column":22}},"type":"default-arg","locations":[{"start":{"line":28,"column":17},"end":{"line":28,"column":22}}]},"4":{"loc":{"start":{"line":46,"column":12},"end":{"line":48,"column":null}},"type":"if","locations":[{"start":{"line":46,"column":12},"end":{"line":48,"column":null}}]},"5":{"loc":{"start":{"line":56,"column":6},"end":{"line":56,"column":null}},"type":"if","locations":[{"start":{"line":56,"column":6},"end":{"line":56,"column":null}}]}},"s":{"0":3,"1":2,"2":2,"3":2,"4":2,"5":16,"6":16,"7":16,"8":16,"9":0,"10":0,"11":0,"12":0,"13":0,"14":0,"15":0,"16":0,"17":0,"18":16,"19":0,"20":0,"21":0,"22":16,"23":0,"24":0,"25":12,"26":2,"27":2},"f":{"0":16,"1":16,"2":0,"3":0,"4":0,"5":0,"6":0,"7":12},"b":{"0":[2],"1":[14],"2":[2],"3":[4],"4":[0],"5":[0]}}
,"/home/thanghq/Workspace/turborepo/apps/web-next/src/components/common/Text/index.tsx": {"path":"/home/thanghq/Workspace/turborepo/apps/web-next/src/components/common/Text/index.tsx","statementMap":{"0":{"start":{"line":42,"column":13},"end":{"line":42,"column":20}},"1":{"start":{"line":1,"column":37},"end":{"line":1,"column":null}},"2":{"start":{"line":19,"column":23},"end":{"line":28,"column":null}},"3":{"start":{"line":30,"column":20},"end":{"line":34,"column":null}},"4":{"start":{"line":36,"column":24},"end":{"line":40,"column":null}},"5":{"start":{"line":42,"column":20},"end":{"line":53,"column":null}},"6":{"start":{"line":50,"column":20},"end":{"line":50,"column":173}},"7":{"start":{"line":56,"column":0},"end":{"line":56,"column":null}}},"fnMap":{"0":{"name":"(anonymous_1)","decl":{"start":{"line":43,"column":2},"end":{"line":43,"column":3}},"loc":{"start":{"line":49,"column":14},"end":{"line":53,"column":null}}}},"branchMap":{"0":{"loc":{"start":{"line":44,"column":4},"end":{"line":44,"column":23}},"type":"default-arg","locations":[{"start":{"line":44,"column":14},"end":{"line":44,"column":23}}]},"1":{"loc":{"start":{"line":46,"column":4},"end":{"line":46,"column":20}},"type":"default-arg","locations":[{"start":{"line":46,"column":11},"end":{"line":46,"column":20}}]},"2":{"loc":{"start":{"line":50,"column":50},"end":{"line":50,"column":80}},"type":"cond-expr","locations":[{"start":{"line":50,"column":57},"end":{"line":50,"column":74}},{"start":{"line":50,"column":77},"end":{"line":50,"column":80}}]},"3":{"loc":{"start":{"line":50,"column":156},"end":{"line":50,"column":172}},"type":"binary-expr","locations":[{"start":{"line":50,"column":156},"end":{"line":50,"column":169}},{"start":{"line":50,"column":169},"end":{"line":50,"column":172}}]}},"s":{"0":243,"1":22,"2":22,"3":22,"4":22,"5":22,"6":203,"7":22},"f":{"0":203},"b":{"0":[73],"1":[192],"2":[112,91],"3":[203,9]}}
,"/home/thanghq/Workspace/turborepo/apps/web-next/src/constants/api-endpoint.ts": {"path":"/home/thanghq/Workspace/turborepo/apps/web-next/src/constants/api-endpoint.ts","statementMap":{"0":{"start":{"line":1,"column":13},"end":{"line":1,"column":25}},"1":{"start":{"line":13,"column":13},"end":{"line":13,"column":26}},"2":{"start":{"line":11,"column":13},"end":{"line":11,"column":20}},"3":{"start":{"line":9,"column":13},"end":{"line":9,"column":28}},"4":{"start":{"line":1,"column":28},"end":{"line":7,"column":null}},"5":{"start":{"line":9,"column":31},"end":{"line":9,"column":null}},"6":{"start":{"line":12,"column":2},"end":{"line":12,"column":null}},"7":{"start":{"line":14,"column":2},"end":{"line":14,"column":null}}},"fnMap":{},"branchMap":{"0":{"loc":{"start":{"line":12,"column":2},"end":{"line":12,"column":null}},"type":"binary-expr","locations":[{"start":{"line":12,"column":2},"end":{"line":12,"column":33}},{"start":{"line":12,"column":37},"end":{"line":12,"column":null}}]},"1":{"loc":{"start":{"line":14,"column":2},"end":{"line":14,"column":null}},"type":"binary-expr","locations":[{"start":{"line":14,"column":2},"end":{"line":14,"column":39}},{"start":{"line":14,"column":43},"end":{"line":14,"column":null}}]}},"s":{"0":78,"1":51,"2":13,"3":20,"4":39,"5":39,"6":39,"7":39},"f":{},"b":{"0":[39,0],"1":[39,0]}}
,"/home/thanghq/Workspace/turborepo/apps/web-next/src/constants/color-list.ts": {"path":"/home/thanghq/Workspace/turborepo/apps/web-next/src/constants/color-list.ts","statementMap":{"0":{"start":{"line":1,"column":13},"end":{"line":1,"column":24}},"1":{"start":{"line":34,"column":13},"end":{"line":34,"column":31}},"2":{"start":{"line":1,"column":27},"end":{"line":32,"column":null}},"3":{"start":{"line":34,"column":34},"end":{"line":34,"column":null}}},"fnMap":{},"branchMap":{},"s":{"0":5,"1":1,"2":39,"3":39},"f":{},"b":{}}
,"/home/thanghq/Workspace/turborepo/apps/web-next/src/constants/image.ts": {"path":"/home/thanghq/Workspace/turborepo/apps/web-next/src/constants/image.ts","statementMap":{"0":{"start":{"line":6,"column":13},"end":{"line":6,"column":26}},"1":{"start":{"line":1,"column":13},"end":{"line":1,"column":32}},"2":{"start":{"line":4,"column":13},"end":{"line":4,"column":33}},"3":{"start":{"line":2,"column":13},"end":{"line":2,"column":36}},"4":{"start":{"line":1,"column":35},"end":{"line":1,"column":null}},"5":{"start":{"line":2,"column":39},"end":{"line":2,"column":null}},"6":{"start":{"line":4,"column":36},"end":{"line":4,"column":null}},"7":{"start":{"line":6,"column":29},"end":{"line":9,"column":null}}},"fnMap":{},"branchMap":{},"s":{"0":5,"1":8,"2":1,"3":137,"4":39,"5":39,"6":39,"7":39},"f":{},"b":{}}
,"/home/thanghq/Workspace/turborepo/apps/web-next/src/constants/index.ts": {"path":"/home/thanghq/Workspace/turborepo/apps/web-next/src/constants/index.ts","statementMap":{"0":{"start":{"line":1,"column":14},"end":{"line":1,"column":null}},"1":{"start":{"line":2,"column":14},"end":{"line":2,"column":null}},"2":{"start":{"line":3,"column":14},"end":{"line":3,"column":null}},"3":{"start":{"line":4,"column":14},"end":{"line":4,"column":null}},"4":{"start":{"line":5,"column":14},"end":{"line":5,"column":null}},"5":{"start":{"line":6,"column":14},"end":{"line":6,"column":null}},"6":{"start":{"line":7,"column":14},"end":{"line":7,"column":null}},"7":{"start":{"line":8,"column":14},"end":{"line":8,"column":null}},"8":{"start":{"line":9,"column":14},"end":{"line":9,"column":null}},"9":{"start":{"line":10,"column":14},"end":{"line":10,"column":null}},"10":{"start":{"line":11,"column":14},"end":{"line":11,"column":null}}},"fnMap":{},"branchMap":{},"s":{"0":39,"1":39,"2":39,"3":39,"4":39,"5":39,"6":39,"7":39,"8":39,"9":39,"10":39},"f":{},"b":{}}
,"/home/thanghq/Workspace/turborepo/apps/web-next/src/constants/message.ts": {"path":"/home/thanghq/Workspace/turborepo/apps/web-next/src/constants/message.ts","statementMap":{"0":{"start":{"line":1,"column":13},"end":{"line":1,"column":29}},"1":{"start":{"line":1,"column":29},"end":{"line":16,"column":null}}},"fnMap":{},"branchMap":{},"s":{"0":20,"1":39},"f":{},"b":{}}
,"/home/thanghq/Workspace/turborepo/apps/web-next/src/constants/navbar.ts": {"path":"/home/thanghq/Workspace/turborepo/apps/web-next/src/constants/navbar.ts","statementMap":{"0":{"start":{"line":1,"column":13},"end":{"line":1,"column":27}},"1":{"start":{"line":1,"column":27},"end":{"line":22,"column":null}}},"fnMap":{},"branchMap":{},"s":{"0":16,"1":39},"f":{},"b":{}}
,"/home/thanghq/Workspace/turborepo/apps/web-next/src/constants/pagination.ts": {"path":"/home/thanghq/Workspace/turborepo/apps/web-next/src/constants/pagination.ts","statementMap":{"0":{"start":{"line":2,"column":13},"end":{"line":2,"column":25}},"1":{"start":{"line":1,"column":13},"end":{"line":1,"column":30}},"2":{"start":{"line":1,"column":33},"end":{"line":1,"column":null}},"3":{"start":{"line":2,"column":28},"end":{"line":2,"column":null}}},"fnMap":{},"branchMap":{},"s":{"0":0,"1":0,"2":39,"3":39},"f":{},"b":{}}
,"/home/thanghq/Workspace/turborepo/apps/web-next/src/constants/product.ts": {"path":"/home/thanghq/Workspace/turborepo/apps/web-next/src/constants/product.ts","statementMap":{"0":{"start":{"line":2,"column":13},"end":{"line":2,"column":29}},"1":{"start":{"line":1,"column":13},"end":{"line":1,"column":25}},"2":{"start":{"line":1,"column":28},"end":{"line":1,"column":null}},"3":{"start":{"line":2,"column":32},"end":{"line":2,"column":null}}},"fnMap":{},"branchMap":{},"s":{"0":0,"1":11,"2":39,"3":39},"f":{},"b":{}}
,"/home/thanghq/Workspace/turborepo/apps/web-next/src/constants/regex.ts": {"path":"/home/thanghq/Workspace/turborepo/apps/web-next/src/constants/regex.ts","statementMap":{"0":{"start":{"line":1,"column":13},"end":{"line":1,"column":34}},"1":{"start":{"line":1,"column":34},"end":{"line":1,"column":null}}},"fnMap":{},"branchMap":{},"s":{"0":25,"1":39},"f":{},"b":{}}
,"/home/thanghq/Workspace/turborepo/apps/web-next/src/constants/relationship.ts": {"path":"/home/thanghq/Workspace/turborepo/apps/web-next/src/constants/relationship.ts","statementMap":{"0":{"start":{"line":1,"column":13},"end":{"line":1,"column":36}},"1":{"start":{"line":1,"column":36},"end":{"line":6,"column":null}}},"fnMap":{},"branchMap":{},"s":{"0":0,"1":39},"f":{},"b":{}}
,"/home/thanghq/Workspace/turborepo/apps/web-next/src/constants/router.ts": {"path":"/home/thanghq/Workspace/turborepo/apps/web-next/src/constants/router.ts","statementMap":{"0":{"start":{"line":1,"column":13},"end":{"line":1,"column":22}},"1":{"start":{"line":1,"column":22},"end":{"line":9,"column":null}}},"fnMap":{},"branchMap":{},"s":{"0":57,"1":39},"f":{},"b":{}}
,"/home/thanghq/Workspace/turborepo/apps/web-next/src/constants/styles.ts": {"path":"/home/thanghq/Workspace/turborepo/apps/web-next/src/constants/styles.ts","statementMap":{"0":{"start":{"line":1,"column":13},"end":{"line":1,"column":null}},"1":{"start":{"line":2,"column":2},"end":{"line":2,"column":null}}},"fnMap":{},"branchMap":{},"s":{"0":31,"1":39},"f":{},"b":{}}
,"/home/thanghq/Workspace/turborepo/apps/web-next/src/context/toast.tsx": {"path":"/home/thanghq/Workspace/turborepo/apps/web-next/src/context/toast.tsx","statementMap":{"0":{"start":{"line":27,"column":0},"end":{"line":27,"column":15}},"1":{"start":{"line":29,"column":13},"end":{"line":29,"column":21}},"2":{"start":{"line":3,"column":62},"end":{"line":3,"column":null}},"3":{"start":{"line":5,"column":50},"end":{"line":5,"column":null}},"4":{"start":{"line":11,"column":43},"end":{"line":11,"column":null}},"5":{"start":{"line":13,"column":21},"end":{"line":13,"column":null}},"6":{"start":{"line":15,"column":22},"end":{"line":24,"column":null}},"7":{"start":{"line":21,"column":16},"end":{"line":21,"column":null}},"8":{"start":{"line":21,"column":31},"end":{"line":21,"column":47}},"9":{"start":{"line":26,"column":31},"end":{"line":26,"column":null}},"10":{"start":{"line":27,"column":15},"end":{"line":27,"column":37}},"11":{"start":{"line":29,"column":24},"end":{"line":32,"column":null}},"12":{"start":{"line":30,"column":18},"end":{"line":30,"column":null}},"13":{"start":{"line":31,"column":2},"end":{"line":31,"column":null}}},"fnMap":{"0":{"name":"(anonymous_3)","decl":{"start":{"line":11,"column":56},"end":{"line":11,"column":63}},"loc":{"start":{"line":11,"column":56},"end":{"line":11,"column":65}}},"1":{"name":"(anonymous_4)","decl":{"start":{"line":15,"column":22},"end":{"line":15,"column":23}},"loc":{"start":{"line":20,"column":2},"end":{"line":24,"column":null}}},"2":{"name":"(anonymous_5)","decl":{"start":{"line":21,"column":24},"end":{"line":21,"column":31}},"loc":{"start":{"line":21,"column":31},"end":{"line":21,"column":47}}},"3":{"name":"(anonymous_6)","decl":{"start":{"line":29,"column":24},"end":{"line":29,"column":null}},"loc":{"start":{"line":29,"column":24},"end":{"line":32,"column":null}}}},"branchMap":{},"s":{"0":1,"1":17,"2":8,"3":8,"4":8,"5":8,"6":8,"7":2,"8":2,"9":8,"10":8,"11":8,"12":17,"13":17},"f":{"0":2,"1":2,"2":2,"3":17},"b":{}}
,"/home/thanghq/Workspace/turborepo/apps/web-next/src/hocs/withToast.tsx": {"path":"/home/thanghq/Workspace/turborepo/apps/web-next/src/hocs/withToast.tsx","statementMap":{"0":{"start":{"line":17,"column":13},"end":{"line":17,"column":31}},"1":{"start":{"line":46,"column":13},"end":{"line":46,"column":22}},"2":{"start":{"line":3,"column":43},"end":{"line":3,"column":null}},"3":{"start":{"line":5,"column":34},"end":{"line":5,"column":null}},"4":{"start":{"line":7,"column":12},"end":{"line":7,"column":null}},"5":{"start":{"line":17,"column":34},"end":{"line":38,"column":null}},"6":{"start":{"line":18,"column":2},"end":{"line":37,"column":null}},"7":{"start":{"line":20,"column":6},"end":{"line":23,"column":null}},"8":{"start":{"line":26,"column":6},"end":{"line":29,"column":null}},"9":{"start":{"line":33,"column":6},"end":{"line":36,"column":null}},"10":{"start":{"line":46,"column":25},"end":{"line":94,"column":null}},"11":{"start":{"line":50,"column":22},"end":{"line":91,"column":null}},"12":{"start":{"line":51,"column":38},"end":{"line":51,"column":null}},"13":{"start":{"line":52,"column":30},"end":{"line":55,"column":null}},"14":{"start":{"line":57,"column":23},"end":{"line":62,"column":null}},"15":{"start":{"line":58,"column":6},"end":{"line":61,"column":null}},"16":{"start":{"line":64,"column":22},"end":{"line":79,"column":null}},"17":{"start":{"line":68,"column":28},"end":{"line":68,"column":null}},"18":{"start":{"line":70,"column":6},"end":{"line":70,"column":null}},"19":{"start":{"line":72,"column":6},"end":{"line":72,"column":null}},"20":{"start":{"line":74,"column":6},"end":{"line":78,"column":null}},"21":{"start":{"line":75,"column":8},"end":{"line":75,"column":null}},"22":{"start":{"line":76,"column":8},"end":{"line":76,"column":null}},"23":{"start":{"line":77,"column":8},"end":{"line":77,"column":null}},"24":{"start":{"line":81,"column":31},"end":{"line":81,"column":null}},"25":{"start":{"line":93,"column":2},"end":{"line":93,"column":null}}},"fnMap":{"0":{"name":"(anonymous_7)","decl":{"start":{"line":7,"column":12},"end":{"line":7,"column":null}},"loc":{"start":{"line":7,"column":12},"end":{"line":7,"column":null}}},"1":{"name":"(anonymous_8)","decl":{"start":{"line":17,"column":34},"end":{"line":17,"column":35}},"loc":{"start":{"line":17,"column":64},"end":{"line":38,"column":null}}},"2":{"name":"(anonymous_9)","decl":{"start":{"line":46,"column":25},"end":{"line":46,"column":null}},"loc":{"start":{"line":48,"column":2},"end":{"line":94,"column":null}}},"3":{"name":"(anonymous_10)","decl":{"start":{"line":50,"column":22},"end":{"line":50,"column":23}},"loc":{"start":{"line":50,"column":23},"end":{"line":91,"column":null}}},"4":{"name":"(anonymous_11)","decl":{"start":{"line":57,"column":23},"end":{"line":57,"column":null}},"loc":{"start":{"line":57,"column":23},"end":{"line":62,"column":null}}},"5":{"name":"(anonymous_12)","decl":{"start":{"line":64,"column":22},"end":{"line":64,"column":null}},"loc":{"start":{"line":66,"column":6},"end":{"line":79,"column":null}}},"6":{"name":"(anonymous_13)","decl":{"start":{"line":74,"column":17},"end":{"line":74,"column":null}},"loc":{"start":{"line":74,"column":17},"end":{"line":78,"column":9}}}},"branchMap":{"0":{"loc":{"start":{"line":7,"column":12},"end":{"line":7,"column":null}},"type":"binary-expr","locations":[{"start":{"line":7,"column":12},"end":{"line":7,"column":null}},{"start":{"line":7,"column":12},"end":{"line":7,"column":null}}]},"1":{"loc":{"start":{"line":18,"column":2},"end":{"line":37,"column":null}},"type":"switch","locations":[{"start":{"line":19,"column":4},"end":{"line":23,"column":null}},{"start":{"line":25,"column":4},"end":{"line":29,"column":null}},{"start":{"line":31,"column":4},"end":{"line":31,"column":null}},{"start":{"line":32,"column":4},"end":{"line":36,"column":null}}]},"2":{"loc":{"start":{"line":21,"column":17},"end":{"line":21,"column":null}},"type":"binary-expr","locations":[{"start":{"line":21,"column":17},"end":{"line":21,"column":28}},{"start":{"line":21,"column":28},"end":{"line":21,"column":null}}]},"3":{"loc":{"start":{"line":27,"column":17},"end":{"line":27,"column":null}},"type":"binary-expr","locations":[{"start":{"line":27,"column":17},"end":{"line":27,"column":28}},{"start":{"line":27,"column":28},"end":{"line":27,"column":null}}]},"4":{"loc":{"start":{"line":34,"column":17},"end":{"line":34,"column":null}},"type":"binary-expr","locations":[{"start":{"line":34,"column":17},"end":{"line":34,"column":28}},{"start":{"line":34,"column":28},"end":{"line":34,"column":null}}]},"5":{"loc":{"start":{"line":65,"column":8},"end":{"line":65,"column":33}},"type":"default-arg","locations":[{"start":{"line":65,"column":8},"end":{"line":65,"column":33}}]},"6":{"loc":{"start":{"line":68,"column":28},"end":{"line":68,"column":null}},"type":"binary-expr","locations":[{"start":{"line":68,"column":28},"end":{"line":68,"column":40}},{"start":{"line":68,"column":40},"end":{"line":68,"column":null}}]},"7":{"loc":{"start":{"line":70,"column":12},"end":{"line":70,"column":46}},"type":"binary-expr","locations":[{"start":{"line":70,"column":12},"end":{"line":70,"column":29}},{"start":{"line":70,"column":29},"end":{"line":70,"column":46}}]},"8":{"loc":{"start":{"line":76,"column":14},"end":{"line":76,"column":49}},"type":"binary-expr","locations":[{"start":{"line":76,"column":14},"end":{"line":76,"column":31}},{"start":{"line":76,"column":31},"end":{"line":76,"column":49}}]},"9":{"loc":{"start":{"line":85,"column":9},"end":{"line":85,"column":21}},"type":"binary-expr","locations":[{"start":{"line":85,"column":9},"end":{"line":85,"column":21}}]},"10":{"loc":{"start":{"line":88,"column":21},"end":{"line":88,"column":37}},"type":"cond-expr","locations":[{"start":{"line":88,"column":21},"end":{"line":88,"column":37}}]}},"s":{"0":6,"1":13,"2":10,"3":10,"4":10,"5":10,"6":21,"7":2,"8":2,"9":17,"10":10,"11":13,"12":15,"13":15,"14":15,"15":3,"16":15,"17":6,"18":6,"19":6,"20":6,"21":3,"22":3,"23":3,"24":15,"25":13},"f":{"0":10,"1":21,"2":13,"3":15,"4":3,"5":6,"6":3},"b":{"0":[10,10],"1":[2,2,17,17],"2":[2,1],"3":[2,1],"4":[17,10],"5":[5],"6":[6,5],"7":[6,1],"8":[3,1],"9":[15],"10":[1]}}
,"/home/thanghq/Workspace/turborepo/apps/web-next/src/hooks/index.ts": {"path":"/home/thanghq/Workspace/turborepo/apps/web-next/src/hooks/index.ts","statementMap":{"0":{"start":{"line":1,"column":14},"end":{"line":1,"column":null}},"1":{"start":{"line":2,"column":14},"end":{"line":2,"column":null}},"2":{"start":{"line":3,"column":14},"end":{"line":3,"column":null}},"3":{"start":{"line":4,"column":14},"end":{"line":4,"column":null}},"4":{"start":{"line":5,"column":14},"end":{"line":5,"column":null}}},"fnMap":{},"branchMap":{},"s":{"0":7,"1":7,"2":7,"3":7,"4":7},"f":{},"b":{}}
,"/home/thanghq/Workspace/turborepo/apps/web-next/src/hooks/useBreadcrumb.ts": {"path":"/home/thanghq/Workspace/turborepo/apps/web-next/src/hooks/useBreadcrumb.ts","statementMap":{"0":{"start":{"line":6,"column":13},"end":{"line":6,"column":29}},"1":{"start":{"line":1,"column":28},"end":{"line":1,"column":null}},"2":{"start":{"line":4,"column":43},"end":{"line":4,"column":null}},"3":{"start":{"line":6,"column":29},"end":{"line":28,"column":null}},"4":{"start":{"line":7,"column":19},"end":{"line":7,"column":null}},"5":{"start":{"line":9,"column":18},"end":{"line":9,"column":null}},"6":{"start":{"line":9,"column":56},"end":{"line":9,"column":null}},"7":{"start":{"line":10,"column":21},"end":{"line":10,"column":35}},"8":{"start":{"line":12,"column":21},"end":{"line":17,"column":null}},"9":{"start":{"line":19,"column":44},"end":{"line":19,"column":null}},"10":{"start":{"line":21,"column":2},"end":{"line":25,"column":null}},"11":{"start":{"line":22,"column":4},"end":{"line":25,"column":null}},"12":{"start":{"line":27,"column":2},"end":{"line":27,"column":null}}},"fnMap":{"0":{"name":"(anonymous_1)","decl":{"start":{"line":6,"column":29},"end":{"line":6,"column":null}},"loc":{"start":{"line":6,"column":29},"end":{"line":28,"column":null}}},"1":{"name":"(anonymous_2)","decl":{"start":{"line":9,"column":46},"end":{"line":9,"column":47}},"loc":{"start":{"line":9,"column":56},"end":{"line":9,"column":null}}}},"branchMap":{"0":{"loc":{"start":{"line":12,"column":21},"end":{"line":17,"column":null}},"type":"cond-expr","locations":[{"start":{"line":13,"column":6},"end":{"line":16,"column":null}},{"start":{"line":17,"column":7},"end":{"line":17,"column":null}}]},"1":{"loc":{"start":{"line":21,"column":2},"end":{"line":25,"column":null}},"type":"if","locations":[{"start":{"line":21,"column":2},"end":{"line":25,"column":null}}]},"2":{"loc":{"start":{"line":21,"column":6},"end":{"line":21,"column":null}},"type":"binary-expr","locations":[{"start":{"line":21,"column":6},"end":{"line":21,"column":24}},{"start":{"line":21,"column":24},"end":{"line":21,"column":null}}]}},"s":{"0":14,"1":8,"2":8,"3":8,"4":14,"5":14,"6":38,"7":14,"8":14,"9":14,"10":14,"11":11,"12":14},"f":{"0":14,"1":38},"b":{"0":[11,3],"1":[11],"2":[14,11]}}
,"/home/thanghq/Workspace/turborepo/apps/web-next/src/hooks/useCart.ts": {"path":"/home/thanghq/Workspace/turborepo/apps/web-next/src/hooks/useCart.ts","statementMap":{"0":{"start":{"line":19,"column":13},"end":{"line":19,"column":23}},"1":{"start":{"line":3,"column":38},"end":{"line":3,"column":null}},"2":{"start":{"line":10,"column":7},"end":{"line":10,"column":null}},"3":{"start":{"line":12,"column":30},"end":{"line":12,"column":null}},"4":{"start":{"line":14,"column":25},"end":{"line":14,"column":null}},"5":{"start":{"line":15,"column":27},"end":{"line":15,"column":null}},"6":{"start":{"line":19,"column":23},"end":{"line":103,"column":null}},"7":{"start":{"line":20,"column":20},"end":{"line":20,"column":null}},"8":{"start":{"line":21,"column":36},"end":{"line":21,"column":null}},"9":{"start":{"line":23,"column":31},"end":{"line":37,"column":null}},"10":{"start":{"line":25,"column":23},"end":{"line":25,"column":null}},"11":{"start":{"line":27,"column":34},"end":{"line":27,"column":54}},"12":{"start":{"line":28,"column":22},"end":{"line":28,"column":null}},"13":{"start":{"line":30,"column":6},"end":{"line":33,"column":null}},"14":{"start":{"line":35,"column":6},"end":{"line":35,"column":null}},"15":{"start":{"line":40,"column":23},"end":{"line":70,"column":null}},"16":{"start":{"line":42,"column":6},"end":{"line":42,"column":null}},"17":{"start":{"line":44,"column":6},"end":{"line":68,"column":null}},"18":{"start":{"line":45,"column":26},"end":{"line":45,"column":null}},"19":{"start":{"line":47,"column":36},"end":{"line":47,"column":56}},"20":{"start":{"line":48,"column":24},"end":{"line":48,"column":null}},"21":{"start":{"line":50,"column":8},"end":{"line":53,"column":null}},"22":{"start":{"line":55,"column":8},"end":{"line":55,"column":null}},"23":{"start":{"line":58,"column":27},"end":{"line":58,"column":47}},"24":{"start":{"line":60,"column":8},"end":{"line":63,"column":null}},"25":{"start":{"line":65,"column":8},"end":{"line":65,"column":null}},"26":{"start":{"line":67,"column":8},"end":{"line":67,"column":null}},"27":{"start":{"line":73,"column":31},"end":{"line":95,"column":null}},"28":{"start":{"line":75,"column":6},"end":{"line":75,"column":null}},"29":{"start":{"line":76,"column":23},"end":{"line":76,"column":null}},"30":{"start":{"line":77,"column":6},"end":{"line":77,"column":null}},"31":{"start":{"line":79,"column":43},"end":{"line":79,"column":60}},"32":{"start":{"line":81,"column":8},"end":{"line":81,"column":null}},"33":{"start":{"line":83,"column":6},"end":{"line":91,"column":null}},"34":{"start":{"line":93,"column":6},"end":{"line":93,"column":null}},"35":{"start":{"line":97,"column":2},"end":{"line":102,"column":null}}},"fnMap":{"0":{"name":"(anonymous_1)","decl":{"start":{"line":19,"column":23},"end":{"line":19,"column":null}},"loc":{"start":{"line":19,"column":23},"end":{"line":103,"column":null}}},"1":{"name":"(anonymous_2)","decl":{"start":{"line":24,"column":4},"end":{"line":24,"column":11}},"loc":{"start":{"line":24,"column":31},"end":{"line":36,"column":null}}},"2":{"name":"(anonymous_3)","decl":{"start":{"line":41,"column":4},"end":{"line":41,"column":11}},"loc":{"start":{"line":41,"column":11},"end":{"line":69,"column":null}}},"3":{"name":"(anonymous_4)","decl":{"start":{"line":74,"column":4},"end":{"line":74,"column":11}},"loc":{"start":{"line":74,"column":11},"end":{"line":94,"column":null}}}},"branchMap":{"0":{"loc":{"start":{"line":28,"column":22},"end":{"line":28,"column":null}},"type":"cond-expr","locations":[{"start":{"line":28,"column":33},"end":{"line":28,"column":43}},{"start":{"line":28,"column":43},"end":{"line":28,"column":null}}]},"1":{"loc":{"start":{"line":31,"column":14},"end":{"line":31,"column":62}},"type":"cond-expr","locations":[{"start":{"line":31,"column":25},"end":{"line":31,"column":43}},{"start":{"line":31,"column":46},"end":{"line":31,"column":62}}]},"2":{"loc":{"start":{"line":48,"column":24},"end":{"line":48,"column":null}},"type":"cond-expr","locations":[{"start":{"line":48,"column":36},"end":{"line":48,"column":46}},{"start":{"line":48,"column":46},"end":{"line":48,"column":null}}]},"3":{"loc":{"start":{"line":51,"column":16},"end":{"line":51,"column":65}},"type":"cond-expr","locations":[{"start":{"line":51,"column":28},"end":{"line":51,"column":46}},{"start":{"line":51,"column":49},"end":{"line":51,"column":65}}]},"4":{"loc":{"start":{"line":81,"column":8},"end":{"line":81,"column":null}},"type":"cond-expr","locations":[{"start":{"line":81,"column":28},"end":{"line":81,"column":37}},{"start":{"line":81,"column":37},"end":{"line":81,"column":null}}]},"5":{"loc":{"start":{"line":81,"column":37},"end":{"line":81,"column":null}},"type":"cond-expr","locations":[{"start":{"line":81,"column":61},"end":{"line":81,"column":71}},{"start":{"line":81,"column":71},"end":{"line":81,"column":null}}]},"6":{"loc":{"start":{"line":85,"column":10},"end":{"line":89,"column":34}},"type":"cond-expr","locations":[{"start":{"line":86,"column":14},"end":{"line":86,"column":30}},{"start":{"line":87,"column":14},"end":{"line":89,"column":34}}]},"7":{"loc":{"start":{"line":87,"column":14},"end":{"line":89,"column":34}},"type":"cond-expr","locations":[{"start":{"line":88,"column":16},"end":{"line":88,"column":34}},{"start":{"line":89,"column":16},"end":{"line":89,"column":34}}]}},"s":{"0":23,"1":8,"2":8,"3":8,"4":8,"5":8,"6":8,"7":23,"8":23,"9":23,"10":2,"11":2,"12":2,"13":2,"14":2,"15":23,"16":3,"17":3,"18":3,"19":3,"20":3,"21":3,"22":3,"23":0,"24":0,"25":0,"26":3,"27":23,"28":2,"29":2,"30":2,"31":2,"32":2,"33":2,"34":2,"35":23},"f":{"0":23,"1":2,"2":3,"3":2},"b":{"0":[1,1],"1":[1,1],"2":[2,1],"3":[2,1],"4":[0,2],"5":[0,2],"6":[0,2],"7":[0,2]}}
,"/home/thanghq/Workspace/turborepo/apps/web-next/src/hooks/useDebounce.ts": {"path":"/home/thanghq/Workspace/turborepo/apps/web-next/src/hooks/useDebounce.ts","statementMap":{"0":{"start":{"line":3,"column":13},"end":{"line":3,"column":27}},"1":{"start":{"line":1,"column":23},"end":{"line":1,"column":null}},"2":{"start":{"line":3,"column":27},"end":{"line":16,"column":null}},"3":{"start":{"line":4,"column":19},"end":{"line":4,"column":null}},"4":{"start":{"line":6,"column":2},"end":{"line":15,"column":null}},"5":{"start":{"line":8,"column":4},"end":{"line":10,"column":null}},"6":{"start":{"line":9,"column":6},"end":{"line":9,"column":null}},"7":{"start":{"line":12,"column":4},"end":{"line":14,"column":null}},"8":{"start":{"line":13,"column":6},"end":{"line":13,"column":null}}},"fnMap":{"0":{"name":"(anonymous_1)","decl":{"start":{"line":3,"column":27},"end":{"line":3,"column":31}},"loc":{"start":{"line":3,"column":74},"end":{"line":16,"column":null}}},"1":{"name":"(anonymous_2)","decl":{"start":{"line":6,"column":9},"end":{"line":6,"column":19}},"loc":{"start":{"line":6,"column":28},"end":{"line":15,"column":null}}},"2":{"name":"(anonymous_3)","decl":{"start":{"line":12,"column":34},"end":{"line":12,"column":null}},"loc":{"start":{"line":12,"column":34},"end":{"line":14,"column":7}}}},"branchMap":{"0":{"loc":{"start":{"line":3,"column":62},"end":{"line":3,"column":74}},"type":"default-arg","locations":[{"start":{"line":3,"column":70},"end":{"line":3,"column":74}}]},"1":{"loc":{"start":{"line":8,"column":4},"end":{"line":10,"column":null}},"type":"if","locations":[{"start":{"line":8,"column":4},"end":{"line":10,"column":null}}]}},"s":{"0":25,"1":8,"2":8,"3":25,"4":25,"5":5,"6":2,"7":5,"8":2},"f":{"0":25,"1":5,"2":2},"b":{"0":[23],"1":[2]}}
,"/home/thanghq/Workspace/turborepo/apps/web-next/src/hooks/useOrderSummary.ts": {"path":"/home/thanghq/Workspace/turborepo/apps/web-next/src/hooks/useOrderSummary.ts","statementMap":{"0":{"start":{"line":8,"column":13},"end":{"line":8,"column":31}},"1":{"start":{"line":3,"column":30},"end":{"line":3,"column":null}},"2":{"start":{"line":6,"column":32},"end":{"line":6,"column":null}},"3":{"start":{"line":8,"column":31},"end":{"line":53,"column":null}},"4":{"start":{"line":9,"column":56},"end":{"line":27,"column":null}},"5":{"start":{"line":12,"column":32},"end":{"line":13,"column":null}},"6":{"start":{"line":13,"column":18},"end":{"line":13,"column":44}},"7":{"start":{"line":16,"column":6},"end":{"line":26,"column":null}},"8":{"start":{"line":17,"column":29},"end":{"line":17,"column":null}},"9":{"start":{"line":18,"column":8},"end":{"line":21,"column":null}},"10":{"start":{"line":23,"column":8},"end":{"line":23,"column":null}},"11":{"start":{"line":25,"column":8},"end":{"line":25,"column":null}},"12":{"start":{"line":30,"column":38},"end":{"line":45,"column":null}},"13":{"start":{"line":32,"column":49},"end":{"line":32,"column":null}},"14":{"start":{"line":33,"column":26},"end":{"line":33,"column":null}},"15":{"start":{"line":35,"column":23},"end":{"line":35,"column":null}},"16":{"start":{"line":36,"column":20},"end":{"line":36,"column":null}},"17":{"start":{"line":38,"column":21},"end":{"line":38,"column":null}},"18":{"start":{"line":40,"column":6},"end":{"line":43,"column":null}},"19":{"start":{"line":48,"column":2},"end":{"line":52,"column":null}}},"fnMap":{"0":{"name":"(anonymous_1)","decl":{"start":{"line":8,"column":31},"end":{"line":8,"column":32}},"loc":{"start":{"line":8,"column":32},"end":{"line":53,"column":null}}},"1":{"name":"(anonymous_2)","decl":{"start":{"line":11,"column":4},"end":{"line":11,"column":5}},"loc":{"start":{"line":11,"column":32},"end":{"line":27,"column":null}}},"2":{"name":"(anonymous_3)","decl":{"start":{"line":13,"column":8},"end":{"line":13,"column":9}},"loc":{"start":{"line":13,"column":18},"end":{"line":13,"column":44}}},"3":{"name":"(anonymous_4)","decl":{"start":{"line":31,"column":4},"end":{"line":31,"column":5}},"loc":{"start":{"line":31,"column":10},"end":{"line":44,"column":null}}}},"branchMap":{"0":{"loc":{"start":{"line":10,"column":4},"end":{"line":10,"column":45}},"type":"cond-expr","locations":[{"start":{"line":10,"column":31},"end":{"line":10,"column":43}},{"start":{"line":10,"column":43},"end":{"line":10,"column":45}}]},"1":{"loc":{"start":{"line":16,"column":6},"end":{"line":26,"column":null}},"type":"if","locations":[{"start":{"line":16,"column":6},"end":{"line":26,"column":null}},{"start":{"line":24,"column":13},"end":{"line":26,"column":null}}]},"2":{"loc":{"start":{"line":30,"column":39},"end":{"line":30,"column":99}},"type":"cond-expr","locations":[{"start":{"line":30,"column":76},"end":{"line":30,"column":98}},{"start":{"line":30,"column":98},"end":{"line":30,"column":99}}]},"3":{"loc":{"start":{"line":32,"column":14},"end":{"line":32,"column":26}},"type":"default-arg","locations":[{"start":{"line":32,"column":25},"end":{"line":32,"column":26}}]},"4":{"loc":{"start":{"line":33,"column":14},"end":{"line":33,"column":21}},"type":"default-arg","locations":[{"start":{"line":33,"column":20},"end":{"line":33,"column":21}}]},"5":{"loc":{"start":{"line":33,"column":26},"end":{"line":33,"column":null}},"type":"binary-expr","locations":[{"start":{"line":33,"column":26},"end":{"line":33,"column":46}},{"start":{"line":33,"column":46},"end":{"line":33,"column":null}}]},"6":{"loc":{"start":{"line":35,"column":23},"end":{"line":35,"column":null}},"type":"binary-expr","locations":[{"start":{"line":35,"column":23},"end":{"line":35,"column":64}},{"start":{"line":35,"column":64},"end":{"line":35,"column":null}}]},"7":{"loc":{"start":{"line":36,"column":20},"end":{"line":36,"column":null}},"type":"binary-expr","locations":[{"start":{"line":36,"column":20},"end":{"line":36,"column":58}},{"start":{"line":36,"column":58},"end":{"line":36,"column":null}}]}},"s":{"0":4,"1":7,"2":7,"3":7,"4":4,"5":2,"6":3,"7":2,"8":1,"9":1,"10":1,"11":1,"12":4,"13":8,"14":8,"15":8,"16":8,"17":8,"18":8,"19":4},"f":{"0":4,"1":2,"2":3,"3":8},"b":{"0":[4,0],"1":[1,1],"2":[4,0],"3":[0],"4":[6],"5":[8,6],"6":[8,8],"7":[8,8]}}
,"/home/thanghq/Workspace/turborepo/apps/web-next/src/hooks/usePagination.ts": {"path":"/home/thanghq/Workspace/turborepo/apps/web-next/src/hooks/usePagination.ts","statementMap":{"0":{"start":{"line":3,"column":13},"end":{"line":3,"column":17}},"1":{"start":{"line":12,"column":13},"end":{"line":12,"column":26}},"2":{"start":{"line":1,"column":37},"end":{"line":1,"column":null}},"3":{"start":{"line":3,"column":20},"end":{"line":3,"column":null}},"4":{"start":{"line":12,"column":29},"end":{"line":79,"column":null}},"5":{"start":{"line":18,"column":16},"end":{"line":21,"column":null}},"6":{"start":{"line":19,"column":19},"end":{"line":19,"column":null}},"7":{"start":{"line":20,"column":4},"end":{"line":20,"column":null}},"8":{"start":{"line":20,"column":46},"end":{"line":20,"column":null}},"9":{"start":{"line":23,"column":26},"end":{"line":76,"column":null}},"10":{"start":{"line":24,"column":27},"end":{"line":24,"column":null}},"11":{"start":{"line":27,"column":29},"end":{"line":27,"column":null}},"12":{"start":{"line":33,"column":4},"end":{"line":35,"column":null}},"13":{"start":{"line":34,"column":6},"end":{"line":34,"column":null}},"14":{"start":{"line":37,"column":29},"end":{"line":37,"column":null}},"15":{"start":{"line":38,"column":30},"end":{"line":40,"column":null}},"16":{"start":{"line":48,"column":31},"end":{"line":48,"column":null}},"17":{"start":{"line":49,"column":32},"end":{"line":49,"column":null}},"18":{"start":{"line":51,"column":27},"end":{"line":51,"column":null}},"19":{"start":{"line":52,"column":26},"end":{"line":52,"column":null}},"20":{"start":{"line":54,"column":4},"end":{"line":59,"column":null}},"21":{"start":{"line":55,"column":28},"end":{"line":55,"column":null}},"22":{"start":{"line":56,"column":24},"end":{"line":56,"column":null}},"23":{"start":{"line":58,"column":6},"end":{"line":58,"column":null}},"24":{"start":{"line":61,"column":4},"end":{"line":68,"column":null}},"25":{"start":{"line":62,"column":29},"end":{"line":62,"column":null}},"26":{"start":{"line":63,"column":25},"end":{"line":65,"column":null}},"27":{"start":{"line":67,"column":6},"end":{"line":67,"column":null}},"28":{"start":{"line":70,"column":4},"end":{"line":73,"column":null}},"29":{"start":{"line":71,"column":26},"end":{"line":71,"column":null}},"30":{"start":{"line":72,"column":6},"end":{"line":72,"column":null}},"31":{"start":{"line":75,"column":4},"end":{"line":75,"column":null}},"32":{"start":{"line":78,"column":2},"end":{"line":78,"column":null}}},"fnMap":{"0":{"name":"(anonymous_3)","decl":{"start":{"line":12,"column":29},"end":{"line":12,"column":30}},"loc":{"start":{"line":17,"column":21},"end":{"line":79,"column":null}}},"1":{"name":"(anonymous_4)","decl":{"start":{"line":18,"column":28},"end":{"line":18,"column":29}},"loc":{"start":{"line":18,"column":44},"end":{"line":21,"column":5}}},"2":{"name":"(anonymous_5)","decl":{"start":{"line":20,"column":34},"end":{"line":20,"column":35}},"loc":{"start":{"line":20,"column":46},"end":{"line":20,"column":null}}},"3":{"name":"(anonymous_6)","decl":{"start":{"line":23,"column":34},"end":{"line":23,"column":null}},"loc":{"start":{"line":23,"column":34},"end":{"line":76,"column":5}}}},"branchMap":{"0":{"loc":{"start":{"line":33,"column":4},"end":{"line":35,"column":null}},"type":"if","locations":[{"start":{"line":33,"column":4},"end":{"line":35,"column":null}}]},"1":{"loc":{"start":{"line":54,"column":4},"end":{"line":59,"column":null}},"type":"if","locations":[{"start":{"line":54,"column":4},"end":{"line":59,"column":null}}]},"2":{"loc":{"start":{"line":54,"column":8},"end":{"line":54,"column":52}},"type":"binary-expr","locations":[{"start":{"line":54,"column":8},"end":{"line":54,"column":31}},{"start":{"line":54,"column":31},"end":{"line":54,"column":52}}]},"3":{"loc":{"start":{"line":61,"column":4},"end":{"line":68,"column":null}},"type":"if","locations":[{"start":{"line":61,"column":4},"end":{"line":68,"column":null}}]},"4":{"loc":{"start":{"line":61,"column":8},"end":{"line":61,"column":52}},"type":"binary-expr","locations":[{"start":{"line":61,"column":8},"end":{"line":61,"column":30}},{"start":{"line":61,"column":30},"end":{"line":61,"column":52}}]},"5":{"loc":{"start":{"line":70,"column":4},"end":{"line":73,"column":null}},"type":"if","locations":[{"start":{"line":70,"column":4},"end":{"line":73,"column":null}}]},"6":{"loc":{"start":{"line":70,"column":8},"end":{"line":70,"column":51}},"type":"binary-expr","locations":[{"start":{"line":70,"column":8},"end":{"line":70,"column":30}},{"start":{"line":70,"column":30},"end":{"line":70,"column":51}}]}},"s":{"0":22,"1":12,"2":8,"3":8,"4":8,"5":12,"6":11,"7":11,"8":38,"9":12,"10":12,"11":12,"12":12,"13":7,"14":5,"15":5,"16":5,"17":5,"18":5,"19":5,"20":5,"21":1,"22":1,"23":1,"24":4,"25":1,"26":1,"27":1,"28":3,"29":2,"30":2,"31":1,"32":12},"f":{"0":12,"1":11,"2":38,"3":12},"b":{"0":[7],"1":[1],"2":[5,2],"3":[1],"4":[4,3],"5":[2],"6":[3,2]}}
,"/home/thanghq/Workspace/turborepo/apps/web-next/src/icons/ArrowDown.tsx": {"path":"/home/thanghq/Workspace/turborepo/apps/web-next/src/icons/ArrowDown.tsx","statementMap":{"0":{"start":{"line":3,"column":13},"end":{"line":3,"column":29}}},"fnMap":{},"branchMap":{"0":{"loc":{"start":{"line":4,"column":2},"end":{"line":4,"column":31}},"type":"default-arg","locations":[{"start":{"line":4,"column":16},"end":{"line":4,"column":31}}]}},"s":{"0":3},"f":{},"b":{"0":[0]}}
,"/home/thanghq/Workspace/turborepo/apps/web-next/src/icons/ArrowLeft.tsx": {"path":"/home/thanghq/Workspace/turborepo/apps/web-next/src/icons/ArrowLeft.tsx","statementMap":{"0":{"start":{"line":3,"column":13},"end":{"line":3,"column":29}}},"fnMap":{},"branchMap":{"0":{"loc":{"start":{"line":4,"column":2},"end":{"line":4,"column":31}},"type":"default-arg","locations":[{"start":{"line":4,"column":16},"end":{"line":4,"column":31}}]}},"s":{"0":12},"f":{},"b":{"0":[12]}}
,"/home/thanghq/Workspace/turborepo/apps/web-next/src/icons/ArrowRight.tsx": {"path":"/home/thanghq/Workspace/turborepo/apps/web-next/src/icons/ArrowRight.tsx","statementMap":{"0":{"start":{"line":3,"column":13},"end":{"line":3,"column":30}}},"fnMap":{},"branchMap":{"0":{"loc":{"start":{"line":4,"column":2},"end":{"line":4,"column":31}},"type":"default-arg","locations":[{"start":{"line":4,"column":16},"end":{"line":4,"column":31}}]}},"s":{"0":12},"f":{},"b":{"0":[12]}}
,"/home/thanghq/Workspace/turborepo/apps/web-next/src/icons/ArrowUp.tsx": {"path":"/home/thanghq/Workspace/turborepo/apps/web-next/src/icons/ArrowUp.tsx","statementMap":{"0":{"start":{"line":3,"column":13},"end":{"line":3,"column":27}}},"fnMap":{},"branchMap":{"0":{"loc":{"start":{"line":4,"column":2},"end":{"line":4,"column":31}},"type":"default-arg","locations":[{"start":{"line":4,"column":16},"end":{"line":4,"column":31}}]}},"s":{"0":1},"f":{},"b":{"0":[0]}}
,"/home/thanghq/Workspace/turborepo/apps/web-next/src/icons/Brightness.tsx": {"path":"/home/thanghq/Workspace/turborepo/apps/web-next/src/icons/Brightness.tsx","statementMap":{"0":{"start":{"line":3,"column":13},"end":{"line":3,"column":30}}},"fnMap":{},"branchMap":{"0":{"loc":{"start":{"line":4,"column":2},"end":{"line":4,"column":31}},"type":"default-arg","locations":[{"start":{"line":4,"column":16},"end":{"line":4,"column":31}}]}},"s":{"0":1},"f":{},"b":{"0":[1]}}
,"/home/thanghq/Workspace/turborepo/apps/web-next/src/icons/Close.tsx": {"path":"/home/thanghq/Workspace/turborepo/apps/web-next/src/icons/Close.tsx","statementMap":{"0":{"start":{"line":3,"column":13},"end":{"line":3,"column":25}}},"fnMap":{},"branchMap":{"0":{"loc":{"start":{"line":4,"column":2},"end":{"line":4,"column":31}},"type":"default-arg","locations":[{"start":{"line":4,"column":16},"end":{"line":4,"column":31}}]}},"s":{"0":17},"f":{},"b":{"0":[0]}}
,"/home/thanghq/Workspace/turborepo/apps/web-next/src/icons/CopyLink.tsx": {"path":"/home/thanghq/Workspace/turborepo/apps/web-next/src/icons/CopyLink.tsx","statementMap":{"0":{"start":{"line":3,"column":13},"end":{"line":3,"column":28}}},"fnMap":{},"branchMap":{"0":{"loc":{"start":{"line":4,"column":2},"end":{"line":4,"column":31}},"type":"default-arg","locations":[{"start":{"line":4,"column":16},"end":{"line":4,"column":31}}]}},"s":{"0":10},"f":{},"b":{"0":[10]}}
,"/home/thanghq/Workspace/turborepo/apps/web-next/src/icons/Heart.tsx": {"path":"/home/thanghq/Workspace/turborepo/apps/web-next/src/icons/Heart.tsx","statementMap":{"0":{"start":{"line":3,"column":13},"end":{"line":3,"column":25}}},"fnMap":{},"branchMap":{"0":{"loc":{"start":{"line":4,"column":2},"end":{"line":4,"column":31}},"type":"default-arg","locations":[{"start":{"line":4,"column":16},"end":{"line":4,"column":31}}]}},"s":{"0":16},"f":{},"b":{"0":[16]}}
,"/home/thanghq/Workspace/turborepo/apps/web-next/src/icons/Message.tsx": {"path":"/home/thanghq/Workspace/turborepo/apps/web-next/src/icons/Message.tsx","statementMap":{"0":{"start":{"line":3,"column":13},"end":{"line":3,"column":27}}},"fnMap":{},"branchMap":{"0":{"loc":{"start":{"line":4,"column":2},"end":{"line":4,"column":31}},"type":"default-arg","locations":[{"start":{"line":4,"column":16},"end":{"line":4,"column":31}}]}},"s":{"0":13},"f":{},"b":{"0":[9]}}
,"/home/thanghq/Workspace/turborepo/apps/web-next/src/icons/Minus.tsx": {"path":"/home/thanghq/Workspace/turborepo/apps/web-next/src/icons/Minus.tsx","statementMap":{"0":{"start":{"line":3,"column":13},"end":{"line":3,"column":25}}},"fnMap":{},"branchMap":{"0":{"loc":{"start":{"line":4,"column":2},"end":{"line":4,"column":31}},"type":"default-arg","locations":[{"start":{"line":4,"column":16},"end":{"line":4,"column":31}}]}},"s":{"0":23},"f":{},"b":{"0":[0]}}
,"/home/thanghq/Workspace/turborepo/apps/web-next/src/icons/Moon.tsx": {"path":"/home/thanghq/Workspace/turborepo/apps/web-next/src/icons/Moon.tsx","statementMap":{"0":{"start":{"line":3,"column":13},"end":{"line":3,"column":24}}},"fnMap":{},"branchMap":{"0":{"loc":{"start":{"line":4,"column":2},"end":{"line":4,"column":31}},"type":"default-arg","locations":[{"start":{"line":4,"column":16},"end":{"line":4,"column":31}}]}},"s":{"0":3},"f":{},"b":{"0":[3]}}
,"/home/thanghq/Workspace/turborepo/apps/web-next/src/icons/Plus.tsx": {"path":"/home/thanghq/Workspace/turborepo/apps/web-next/src/icons/Plus.tsx","statementMap":{"0":{"start":{"line":3,"column":13},"end":{"line":3,"column":24}}},"fnMap":{},"branchMap":{"0":{"loc":{"start":{"line":4,"column":2},"end":{"line":4,"column":31}},"type":"default-arg","locations":[{"start":{"line":4,"column":16},"end":{"line":4,"column":31}}]}},"s":{"0":23},"f":{},"b":{"0":[0]}}
,"/home/thanghq/Workspace/turborepo/apps/web-next/src/icons/Saved.tsx": {"path":"/home/thanghq/Workspace/turborepo/apps/web-next/src/icons/Saved.tsx","statementMap":{"0":{"start":{"line":3,"column":13},"end":{"line":3,"column":25}}},"fnMap":{},"branchMap":{"0":{"loc":{"start":{"line":4,"column":2},"end":{"line":4,"column":31}},"type":"default-arg","locations":[{"start":{"line":4,"column":16},"end":{"line":4,"column":31}}]}},"s":{"0":10},"f":{},"b":{"0":[10]}}
,"/home/thanghq/Workspace/turborepo/apps/web-next/src/icons/ShoppingBag.tsx": {"path":"/home/thanghq/Workspace/turborepo/apps/web-next/src/icons/ShoppingBag.tsx","statementMap":{"0":{"start":{"line":3,"column":13},"end":{"line":3,"column":31}}},"fnMap":{},"branchMap":{"0":{"loc":{"start":{"line":4,"column":2},"end":{"line":4,"column":31}},"type":"default-arg","locations":[{"start":{"line":4,"column":16},"end":{"line":4,"column":31}}]}},"s":{"0":19},"f":{},"b":{"0":[14]}}
,"/home/thanghq/Workspace/turborepo/apps/web-next/src/icons/Star.tsx": {"path":"/home/thanghq/Workspace/turborepo/apps/web-next/src/icons/Star.tsx","statementMap":{"0":{"start":{"line":3,"column":13},"end":{"line":3,"column":24}}},"fnMap":{},"branchMap":{"0":{"loc":{"start":{"line":4,"column":2},"end":{"line":4,"column":31}},"type":"default-arg","locations":[{"start":{"line":4,"column":16},"end":{"line":4,"column":31}}]}},"s":{"0":30},"f":{},"b":{"0":[30]}}
,"/home/thanghq/Workspace/turborepo/apps/web-next/src/icons/StarLine.tsx": {"path":"/home/thanghq/Workspace/turborepo/apps/web-next/src/icons/StarLine.tsx","statementMap":{"0":{"start":{"line":3,"column":13},"end":{"line":3,"column":28}}},"fnMap":{},"branchMap":{"0":{"loc":{"start":{"line":4,"column":2},"end":{"line":4,"column":31}},"type":"default-arg","locations":[{"start":{"line":4,"column":16},"end":{"line":4,"column":31}}]}},"s":{"0":13},"f":{},"b":{"0":[0]}}
,"/home/thanghq/Workspace/turborepo/apps/web-next/src/icons/Stick.tsx": {"path":"/home/thanghq/Workspace/turborepo/apps/web-next/src/icons/Stick.tsx","statementMap":{"0":{"start":{"line":3,"column":13},"end":{"line":3,"column":25}}},"fnMap":{},"branchMap":{"0":{"loc":{"start":{"line":4,"column":2},"end":{"line":4,"column":31}},"type":"default-arg","locations":[{"start":{"line":4,"column":16},"end":{"line":4,"column":31}}]}},"s":{"0":1},"f":{},"b":{"0":[0]}}
,"/home/thanghq/Workspace/turborepo/apps/web-next/src/icons/Truck.tsx": {"path":"/home/thanghq/Workspace/turborepo/apps/web-next/src/icons/Truck.tsx","statementMap":{"0":{"start":{"line":3,"column":13},"end":{"line":3,"column":25}}},"fnMap":{},"branchMap":{"0":{"loc":{"start":{"line":4,"column":2},"end":{"line":4,"column":31}},"type":"default-arg","locations":[{"start":{"line":4,"column":16},"end":{"line":4,"column":31}}]}},"s":{"0":2},"f":{},"b":{"0":[6]}}
,"/home/thanghq/Workspace/turborepo/apps/web-next/src/icons/index.ts": {"path":"/home/thanghq/Workspace/turborepo/apps/web-next/src/icons/index.ts","statementMap":{"0":{"start":{"line":1,"column":14},"end":{"line":1,"column":null}},"1":{"start":{"line":2,"column":14},"end":{"line":2,"column":null}},"2":{"start":{"line":3,"column":14},"end":{"line":3,"column":null}},"3":{"start":{"line":4,"column":14},"end":{"line":4,"column":null}},"4":{"start":{"line":5,"column":14},"end":{"line":5,"column":null}},"5":{"start":{"line":6,"column":14},"end":{"line":6,"column":null}},"6":{"start":{"line":7,"column":14},"end":{"line":7,"column":null}},"7":{"start":{"line":8,"column":14},"end":{"line":8,"column":null}},"8":{"start":{"line":9,"column":14},"end":{"line":9,"column":null}},"9":{"start":{"line":10,"column":14},"end":{"line":10,"column":null}},"10":{"start":{"line":11,"column":14},"end":{"line":11,"column":null}},"11":{"start":{"line":12,"column":14},"end":{"line":12,"column":null}},"12":{"start":{"line":13,"column":14},"end":{"line":13,"column":null}},"13":{"start":{"line":14,"column":14},"end":{"line":14,"column":null}},"14":{"start":{"line":15,"column":14},"end":{"line":15,"column":null}},"15":{"start":{"line":16,"column":14},"end":{"line":16,"column":null}},"16":{"start":{"line":17,"column":14},"end":{"line":17,"column":null}},"17":{"start":{"line":18,"column":14},"end":{"line":18,"column":null}}},"fnMap":{},"branchMap":{},"s":{"0":22,"1":22,"2":22,"3":22,"4":22,"5":22,"6":22,"7":22,"8":22,"9":22,"10":22,"11":22,"12":22,"13":22,"14":22,"15":22,"16":22,"17":22},"f":{},"b":{}}
,"/home/thanghq/Workspace/turborepo/apps/web-next/src/layouts/Navbar/index.tsx": {"path":"/home/thanghq/Workspace/turborepo/apps/web-next/src/layouts/Navbar/index.tsx","statementMap":{"0":{"start":{"line":26,"column":13},"end":{"line":26,"column":22}},"1":{"start":{"line":3,"column":65},"end":{"line":3,"column":null}},"2":{"start":{"line":5,"column":17},"end":{"line":5,"column":null}},"3":{"start":{"line":16,"column":7},"end":{"line":16,"column":null}},"4":{"start":{"line":17,"column":25},"end":{"line":17,"column":null}},"5":{"start":{"line":19,"column":42},"end":{"line":19,"column":null}},"6":{"start":{"line":21,"column":36},"end":{"line":21,"column":null}},"7":{"start":{"line":22,"column":58},"end":{"line":22,"column":null}},"8":{"start":{"line":26,"column":22},"end":{"line":163,"column":null}},"9":{"start":{"line":27,"column":44},"end":{"line":27,"column":null}},"10":{"start":{"line":29,"column":22},"end":{"line":29,"column":null}},"11":{"start":{"line":30,"column":2},"end":{"line":32,"column":null}},"12":{"start":{"line":31,"column":4},"end":{"line":31,"column":null}},"13":{"start":{"line":34,"column":32},"end":{"line":34,"column":null}},"14":{"start":{"line":35,"column":30},"end":{"line":35,"column":null}},"15":{"start":{"line":37,"column":2},"end":{"line":39,"column":null}},"16":{"start":{"line":38,"column":4},"end":{"line":38,"column":null}},"17":{"start":{"line":41,"column":24},"end":{"line":43,"column":null}},"18":{"start":{"line":42,"column":4},"end":{"line":42,"column":null}},"19":{"start":{"line":45,"column":38},"end":{"line":45,"column":null}},"20":{"start":{"line":46,"column":18},"end":{"line":48,"column":null}},"21":{"start":{"line":47,"column":4},"end":{"line":47,"column":null}},"22":{"start":{"line":88,"column":10},"end":{"line":89,"column":null}},"23":{"start":{"line":151,"column":10},"end":{"line":152,"column":null}},"24":{"start":{"line":165,"column":0},"end":{"line":165,"column":null}}},"fnMap":{"0":{"name":"(anonymous_2)","decl":{"start":{"line":26,"column":27},"end":{"line":26,"column":28}},"loc":{"start":{"line":26,"column":64},"end":{"line":163,"column":null}}},"1":{"name":"(anonymous_3)","decl":{"start":{"line":30,"column":17},"end":{"line":30,"column":18}},"loc":{"start":{"line":30,"column":30},"end":{"line":32,"column":null}}},"2":{"name":"(anonymous_4)","decl":{"start":{"line":37,"column":12},"end":{"line":37,"column":null}},"loc":{"start":{"line":37,"column":12},"end":{"line":39,"column":5}}},"3":{"name":"(anonymous_5)","decl":{"start":{"line":41,"column":36},"end":{"line":41,"column":null}},"loc":{"start":{"line":41,"column":36},"end":{"line":43,"column":5}}},"4":{"name":"(anonymous_6)","decl":{"start":{"line":46,"column":30},"end":{"line":46,"column":null}},"loc":{"start":{"line":46,"column":30},"end":{"line":48,"column":5}}},"5":{"name":"(anonymous_7)","decl":{"start":{"line":87,"column":25},"end":{"line":87,"column":26}},"loc":{"start":{"line":88,"column":10},"end":{"line":89,"column":null}}},"6":{"name":"(anonymous_8)","decl":{"start":{"line":150,"column":25},"end":{"line":150,"column":26}},"loc":{"start":{"line":151,"column":10},"end":{"line":152,"column":null}}}},"branchMap":{"0":{"loc":{"start":{"line":27,"column":10},"end":{"line":27,"column":23}},"type":"default-arg","locations":[{"start":{"line":27,"column":21},"end":{"line":27,"column":23}}]},"1":{"loc":{"start":{"line":27,"column":25},"end":{"line":27,"column":39}},"type":"default-arg","locations":[{"start":{"line":27,"column":37},"end":{"line":27,"column":39}}]},"2":{"loc":{"start":{"line":27,"column":44},"end":{"line":27,"column":null}},"type":"binary-expr","locatio
[...]
"line":87,"column":null}},"33":{"start":{"line":91,"column":27},"end":{"line":93,"column":null}},"34":{"start":{"line":95,"column":33},"end":{"line":97,"column":null}},"35":{"start":{"line":222,"column":24},"end":{"line":222,"column":null}},"36":{"start":{"line":224,"column":37},"end":{"line":224,"column":null}},"37":{"start":{"line":226,"column":42},"end":{"line":226,"column":null}},"38":{"start":{"line":228,"column":20},"end":{"line":229,"column":null}},"39":{"start":{"line":265,"column":15},"end":{"line":265,"column":null}}},"fnMap":{"0":{"name":"(anonymous_5)","decl":{"start":{"line":25,"column":27},"end":{"line":25,"column":33}},"loc":{"start":{"line":25,"column":33},"end":{"line":25,"column":null}}},"1":{"name":"(anonymous_6)","decl":{"start":{"line":25,"column":33},"end":{"line":25,"column":40}},"loc":{"start":{"line":25,"column":33},"end":{"line":25,"column":null}}},"2":{"name":"(anonymous_8)","decl":{"start":{"line":26,"column":28},"end":{"line":26,"column":34}},"loc":{"start":{"line":26,"column":34},"end":{"line":26,"column":null}}},"3":{"name":"(anonymous_9)","decl":{"start":{"line":26,"column":34},"end":{"line":26,"column":41}},"loc":{"start":{"line":26,"column":34},"end":{"line":26,"column":null}}},"4":{"name":"(anonymous_11)","decl":{"start":{"line":27,"column":27},"end":{"line":27,"column":33}},"loc":{"start":{"line":27,"column":33},"end":{"line":27,"column":null}}},"5":{"name":"(anonymous_12)","decl":{"start":{"line":27,"column":33},"end":{"line":27,"column":40}},"loc":{"start":{"line":27,"column":33},"end":{"line":27,"column":null}}},"6":{"name":"(anonymous_14)","decl":{"start":{"line":29,"column":2},"end":{"line":29,"column":8}},"loc":{"start":{"line":29,"column":8},"end":{"line":29,"column":null}}},"7":{"name":"(anonymous_15)","decl":{"start":{"line":29,"column":8},"end":{"line":29,"column":15}},"loc":{"start":{"line":29,"column":8},"end":{"line":29,"column":null}}},"8":{"name":"(anonymous_17)","decl":{"start":{"line":39,"column":20},"end":{"line":39,"column":21}},"loc":{"start":{"line":45,"column":19},"end":{"line":263,"column":null}}},"9":{"name":"(anonymous_18)","decl":{"start":{"line":59,"column":4},"end":{"line":59,"column":10}},"loc":{"start":{"line":59,"column":10},"end":{"line":59,"column":null}}},"10":{"name":"(anonymous_19)","decl":{"start":{"line":64,"column":4},"end":{"line":64,"column":5}},"loc":{"start":{"line":64,"column":5},"end":{"line":68,"column":null}}},"11":{"name":"(anonymous_20)","decl":{"start":{"line":65,"column":22},"end":{"line":65,"column":null}},"loc":{"start":{"line":65,"column":22},"end":{"line":67,"column":null}}},"12":{"name":"(anonymous_21)","decl":{"start":{"line":73,"column":4},"end":{"line":73,"column":5}},"loc":{"start":{"line":73,"column":5},"end":{"line":81,"column":null}}},"13":{"name":"(anonymous_22)","decl":{"start":{"line":85,"column":40},"end":{"line":85,"column":null}},"loc":{"start":{"line":85,"column":40},"end":{"line":89,"column":5}}},"14":{"name":"(anonymous_23)","decl":{"start":{"line":86,"column":20},"end":{"line":86,"column":null}},"loc":{"start":{"line":86,"column":20},"end":{"line":88,"column":null}}},"15":{"name":"(anonymous_24)","decl":{"start":{"line":213,"column":32},"end":{"line":213,"column":33}},"loc":{"start":{"line":213,"column":33},"end":{"line":242,"column":null}}}},"branchMap":{"0":{"loc":{"start":{"line":44,"column":2},"end":{"line":44,"column":22}},"type":"default-arg","locations":[{"start":{"line":44,"column":20},"end":{"line":44,"column":22}}]},"1":{"loc":{"start":{"line":47,"column":4},"end":{"line":47,"column":23}},"type":"default-arg","locations":[{"start":{"line":47,"column":11},"end":{"line":47,"column":23}}]},"2":{"loc":{"start":{"line":48,"column":4},"end":{"line":48,"column":32}},"type":"default-arg","locations":[{"start":{"line":48,"column":15},"end":{"line":48,"column":32}}]},"3":{"loc":{"start":{"line":49,"column":4},"end":{"line":49,"column":44}},"type":"default-arg","locations":[{"start":{"line":49,"column":12},"end":{"line":49,"column":44}}]},"4":{"loc":{"start":{"line":54,"column":23},"end":{"line":54,"column":null}},"type":"binary-expr","locations":[{"start":{"line":54,"column":23},"end":{"line":54,"column":44}},{"start":{"line":54,"column":44},"end":{"line":54,"column":null}}]},"5":{"loc":{"start":{"line":55,"column":19},"end":{"line":55,"column":null}},"type":"binary-expr","locations":[{"start":{"line":55,"column":19},"end":{"line":55,"column":36}},{"start":{"line":55,"column":36},"end":{"line":55,"column":null}}]},"6":{"loc":{"start":{"line":74,"column":6},"end":{"line":78,"column":null}},"type":"if","locations":[{"start":{"line":74,"column":6},"end":{"line":78,"column":null}},{"start":{"line":76,"column":13},"end":{"line":78,"column":null}}]},"7":{"loc":{"start":{"line":76,"column":13},"end":{"line":78,"column":null}},"type":"if","locations":[{"start":{"line":76,"column":13},"end":{"line":78,"column":null}}]},"8":{"loc":{"start":{"line":91,"column":27},"end":{"line":93,"column":null}},"type":"cond-expr","locations":[{"start":{"line":92,"column":6},"end":{"line":92,"column":null}},{"start":{"line":93,"column":6},"end":{"line":93,"column":null}}]},"9":{"loc":{"start":{"line":95,"column":33},"end":{"line":97,"column":null}},"type":"cond-expr","locations":[{"start":{"line":96,"column":6},"end":{"line":96,"column":null}},{"start":{"line":97,"column":6},"end":{"line":97,"column":null}}]},"10":{"loc":{"start":{"line":103,"column":7},"end":{"line":103,"column":null}},"type":"binary-expr","locations":[{"start":{"line":103,"column":7},"end":{"line":103,"column":null}}]},"11":{"loc":{"start":{"line":138,"column":88},"end":{"line":138,"column":157}},"type":"cond-expr","locations":[{"start":{"line":138,"column":99},"end":{"line":138,"column":129}},{"start":{"line":138,"column":129},"end":{"line":138,"column":157}}]},"12":{"loc":{"start":{"line":142,"column":14},"end":{"line":154,"column":15}},"type":"cond-expr","locations":[{"start":{"line":142,"column":14},"end":{"line":154,"column":15}}]},"13":{"loc":{"start":{"line":144,"column":18},"end":{"line":146,"column":19}},"type":"cond-expr","locations":[{"start":{"line":144,"column":18},"end":{"line":146,"column":19}}]},"14":{"loc":{"start":{"line":147,"column":21},"end":{"line":149,"column":145}},"type":"cond-expr","locations":[{"start":{"line":148,"column":24},"end":{"line":148,"column":99}},{"start":{"line":149,"column":24},"end":{"line":149,"column":145}}]},"15":{"loc":{"start":{"line":148,"column":35},"end":{"line":148,"column":71}},"type":"cond-expr","locations":[{"start":{"line":148,"column":54},"end":{"line":148,"column":62}},{"start":{"line":148,"column":62},"end":{"line":148,"column":71}}]},"16":{"loc":{"start":{"line":149,"column":67},"end":{"line":149,"column":117}},"type":"cond-expr","locations":[{"start":{"line":149,"column":93},"end":{"line":149,"column":101}},{"start":{"line":149,"column":101},"end":{"line":149,"column":117}}]},"17":{"loc":{"start":{"line":199,"column":97},"end":{"line":199,"column":146}},"type":"cond-expr","locations":[{"start":{"line":199,"column":108},"end":{"line":199,"column":128}},{"start":{"line":199,"column":128},"end":{"line":199,"column":146}}]},"18":{"loc":{"start":{"line":205,"column":10},"end":{"line":207,"column":null}},"type":"cond-expr","locations":[{"start":{"line":205,"column":10},"end":{"line":207,"column":null}}]},"19":{"loc":{"start":{"line":209,"column":14},"end":{"line":254,"column":15}},"type":"cond-expr","locations":[{"start":{"line":209,"column":14},"end":{"line":254,"column":15}}]},"20":{"loc":{"start":{"line":215,"column":22},"end":{"line":215,"column":29}},"type":"default-arg","locations":[{"start":{"line":215,"column":27},"end":{"line":215,"column":29}}]},"21":{"loc":{"start":{"line":216,"column":22},"end":{"line":216,"column":37}},"type":"default-arg","locations":[{"start":{"line":216,"column":35},"end":{"line":216,"column":37}}]},"22":{"loc":{"start":{"line":217,"column":22},"end":{"line":217,"column":31}},"type":"default-arg","locations":[{"start":{"line":217,"column":29},"end":{"line":217,"column":31}}]},"23":{"loc":{"start":{"line":218,"column":22},"end":{"line":218,"column":31}},"type":"default-arg","locations":[{"start":{"line":218,"column":30},"end":{"line":218,"column":31}}]},"24":{"loc":{"start":{"line":219,"column":22},"end":{"line":219,"column":41}},"type":"default-arg","locations":[{"start":{"line":219,"column":29},"end":{"line":219,"column":41}}]},"25":{"loc":{"start":{"line":220,"column":22},"end":{"line":220,"column":49}},"type":"default-arg","locations":[{"start":{"line":220,"column":33},"end":{"line":220,"column":49}}]},"26":{"loc":{"start":{"line":226,"column":42},"end":{"line":226,"column":null}},"type":"binary-expr","locations":[{"start":{"line":226,"column":42},"end":{"line":226,"column":77}},{"start":{"line":226,"column":77},"end":{"line":226,"column":null}}]}},"s":{"0":2,"1":1,"2":1,"3":1,"4":1,"5":1,"6":1,"7":1,"8":1,"9":0,"10":2,"11":2,"12":2,"13":1,"14":2,"15":2,"16":2,"17":2,"18":2,"19":2,"20":2,"21":2,"22":0,"23":0,"24":2,"25":0,"26":0,"27":0,"28":0,"29":0,"30":2,"31":0,"32":0,"33":2,"34":2,"35":4,"36":4,"37":4,"38":4,"39":1},"f":{"0":0,"1":0,"2":1,"3":1,"4":1,"5":1,"6":1,"7":1,"8":2,"9":2,"10":0,"11":0,"12":0,"13":0,"14":0,"15":4},"b":{"0":[2],"1":[0],"2":[0],"3":[0],"4":[2,0],"5":[2,0],"6":[0,0],"7":[0],"8":[0,2],"9":[0,2],"10":[2],"11":[0,2],"12":[0],"13":[0],"14":[0,0],"15":[0,0],"16":[0,0],"17":[0,2],"18":[0],"19":[1],"20":[0],"21":[0],"22":[0],"23":[0],"24":[0],"25":[0],"26":[4,3]}}
,"/home/thanghq/Workspace/turborepo/apps/web-next/src/utils/api.ts": {"path":"/home/thanghq/Workspace/turborepo/apps/web-next/src/utils/api.ts","statementMap":{"0":{"start":{"line":4,"column":13},"end":{"line":4,"column":26}},"1":{"start":{"line":2,"column":22},"end":{"line":2,"column":null}},"2":{"start":{"line":4,"column":26},"end":{"line":5,"column":null}},"3":{"start":{"line":5,"column":2},"end":{"line":5,"column":null}}},"fnMap":{"0":{"name":"(anonymous_1)","decl":{"start":{"line":4,"column":26},"end":{"line":4,"column":27}},"loc":{"start":{"line":5,"column":2},"end":{"line":5,"column":null}}}},"branchMap":{"0":{"loc":{"start":{"line":5,"column":2},"end":{"line":5,"column":null}},"type":"binary-expr","locations":[{"start":{"line":5,"column":2},"end":{"line":5,"column":30}},{"start":{"line":5,"column":30},"end":{"line":5,"column":null}}]}},"s":{"0":0,"1":14,"2":14,"3":0},"f":{"0":0},"b":{"0":[0,0]}}
,"/home/thanghq/Workspace/turborepo/apps/web-next/src/utils/common.ts": {"path":"/home/thanghq/Workspace/turborepo/apps/web-next/src/utils/common.ts","statementMap":{"0":{"start":{"line":17,"column":16},"end":{"line":17,"column":32}},"1":{"start":{"line":4,"column":13},"end":{"line":4,"column":21}},"2":{"start":{"line":1,"column":44},"end":{"line":1,"column":null}},"3":{"start":{"line":4,"column":24},"end":{"line":15,"column":null}},"4":{"start":{"line":5,"column":26},"end":{"line":5,"column":28}},"5":{"start":{"line":6,"column":15},"end":{"line":6,"column":36}},"6":{"start":{"line":8,"column":24},"end":{"line":8,"column":null}},"7":{"start":{"line":9,"column":2},"end":{"line":9,"column":null}},"8":{"start":{"line":9,"column":15},"end":{"line":9,"column":18}},"9":{"start":{"line":9,"column":34},"end":{"line":9,"column":null}},"10":{"start":{"line":10,"column":2},"end":{"line":10,"column":null}},"11":{"start":{"line":10,"column":16},"end":{"line":10,"column":null}},"12":{"start":{"line":11,"column":17},"end":{"line":11,"column":59}},"13":{"start":{"line":12,"column":2},"end":{"line":12,"column":null}},"14":{"start":{"line":12,"column":15},"end":{"line":12,"column":22}},"15":{"start":{"line":12,"column":39},"end":{"line":12,"column":null}},"16":{"start":{"line":14,"column":2},"end":{"line":14,"column":null}},"17":{"start":{"line":26,"column":24},"end":{"line":26,"column":null}},"18":{"start":{"line":28,"column":2},"end":{"line":28,"column":null}}},"fnMap":{"0":{"name":"(anonymous_3)","decl":{"start":{"line":4,"column":24},"end":{"line":4,"column":25}},"loc":{"start":{"line":4,"column":25},"end":{"line":15,"column":null}}},"1":{"name":"generateImageURL","decl":{"start":{"line":17,"column":16},"end":{"line":17,"column":32}},"loc":{"start":{"line":25,"column":1},"end":{"line":29,"column":null}}}},"branchMap":{"0":{"loc":{"start":{"line":6,"column":15},"end":{"line":6,"column":36}},"type":"binary-expr","locations":[{"start":{"line":6,"column":15},"end":{"line":6,"column":24}},{"start":{"line":6,"column":24},"end":{"line":6,"column":36}}]},"1":{"loc":{"start":{"line":10,"column":2},"end":{"line":10,"column":null}},"type":"if","locations":[{"start":{"line":10,"column":2},"end":{"line":10,"column":null}}]},"2":{"loc":{"start":{"line":11,"column":17},"end":{"line":11,"column":59}},"type":"cond-expr","locations":[{"start":{"line":11,"column":28},"end":{"line":11,"column":47}},{"start":{"line":11,"column":47},"end":{"line":11,"column":59}}]},"3":{"loc":{"start":{"line":18,"column":2},"end":{"line":18,"column":14}},"type":"default-arg","locations":[{"start":{"line":18,"column":12},"end":{"line":18,"column":14}}]},"4":{"loc":{"start":{"line":20,"column":2},"end":{"line":20,"column":14}},"type":"default-arg","locations":[{"start":{"line":20,"column":8},"end":{"line":20,"column":14}}]},"5":{"loc":{"start":{"line":26,"column":24},"end":{"line":26,"column":null}},"type":"cond-expr","locations":[{"start":{"line":26,"column":34},"end":{"line":26,"column":47}},{"start":{"line":26,"column":50},"end":{"line":26,"column":null}}]}},"s":{"0":5,"1":10,"2":15,"3":15,"4":10,"5":10,"6":10,"7":10,"8":10,"9":38,"10":10,"11":1,"12":10,"13":10,"14":10,"15":11,"16":10,"17":5,"18":5},"f":{"0":10,"1":5},"b":{"0":[10,1],"1":[1],"2":[1,9],"3":[2],"4":[2],"5":[3,2]}}
,"/home/thanghq/Workspace/turborepo/apps/web-next/src/utils/index.ts": {"path":"/home/thanghq/Workspace/turborepo/apps/web-next/src/utils/index.ts","statementMap":{"0":{"start":{"line":1,"column":14},"end":{"line":1,"column":null}},"1":{"start":{"line":2,"column":14},"end":{"line":2,"column":null}},"2":{"start":{"line":3,"column":14},"end":{"line":3,"column":null}},"3":{"start":{"line":4,"column":14},"end":{"line":4,"column":null}}},"fnMap":{},"branchMap":{},"s":{"0":14,"1":14,"2":14,"3":14},"f":{},"b":{}}
,"/home/thanghq/Workspace/turborepo/apps/web-next/src/utils/number.ts": {"path":"/home/thanghq/Workspace/turborepo/apps/web-next/src/utils/number.ts","statementMap":{"0":{"start":{"line":1,"column":13},"end":{"line":1,"column":36}},"1":{"start":{"line":1,"column":36},"end":{"line":12,"column":null}},"2":{"start":{"line":2,"column":44},"end":{"line":5,"column":null}},"3":{"start":{"line":7,"column":2},"end":{"line":9,"column":null}},"4":{"start":{"line":8,"column":4},"end":{"line":8,"column":null}},"5":{"start":{"line":11,"column":2},"end":{"line":11,"column":null}}},"fnMap":{"0":{"name":"(anonymous_1)","decl":{"start":{"line":1,"column":36},"end":{"line":1,"column":37}},"loc":{"start":{"line":1,"column":37},"end":{"line":12,"column":null}}}},"branchMap":{"0":{"loc":{"start":{"line":7,"column":2},"end":{"line":9,"column":null}},"type":"if","locations":[{"start":{"line":7,"column":2},"end":{"line":9,"column":null}}]}},"s":{"0":44,"1":14,"2":44,"3":44,"4":3,"5":41},"f":{"0":44},"b":{"0":[3]}}
,"/home/thanghq/Workspace/turborepo/apps/web-next/src/utils/product.ts": {"path":"/home/thanghq/Workspace/turborepo/apps/web-next/src/utils/product.ts","statementMap":{"0":{"start":{"line":26,"column":13},"end":{"line":26,"column":28}},"1":{"start":{"line":61,"column":13},"end":{"line":61,"column":25}},"2":{"start":{"line":3,"column":13},"end":{"line":3,"column":28}},"3":{"start":{"line":41,"column":13},"end":{"line":41,"column":31}},"4":{"start":{"line":3,"column":31},"end":{"line":24,"column":null}},"5":{"start":{"line":7,"column":23},"end":{"line":7,"column":null}},"6":{"start":{"line":7,"column":43},"end":{"line":7,"column":null}},"7":{"start":{"line":9,"column":2},"end":{"line":11,"column":null}},"8":{"start":{"line":10,"column":4},"end":{"line":10,"column":null}},"9":{"start":{"line":13,"column":16},"end":{"line":13,"column":null}},"10":{"start":{"line":14,"column":17},"end":{"line":14,"column":null}},"11":{"start":{"line":16,"column":23},"end":{"line":21,"column":null}},"12":{"start":{"line":17,"column":4},"end":{"line":20,"column":null}},"13":{"start":{"line":18,"column":56},"end":{"line":18,"column":null}},"14":{"start":{"line":23,"column":2},"end":{"line":23,"column":null}},"15":{"start":{"line":26,"column":31},"end":{"line":39,"column":null}},"16":{"start":{"line":31,"column":24},"end":{"line":31,"column":null}},"17":{"start":{"line":32,"column":24},"end":{"line":32,"column":null}},"18":{"start":{"line":33,"column":19},"end":{"line":33,"column":null}},"19":{"start":{"line":35,"column":2},"end":{"line":38,"column":null}},"20":{"start":{"line":41,"column":34},"end":{"line":59,"column":null}},"21":{"start":{"line":52,"column":19},"end":{"line":52,"column":null}},"22":{"start":{"line":53,"column":20},"end":{"line":53,"column":null}},"23":{"start":{"line":55,"column":20},"end":{"line":55,"column":null}},"24":{"start":{"line":56,"column":2},"end":{"line":56,"column":null}},"25":{"start":{"line":58,"column":2},"end":{"line":58,"column":null}},"26":{"start":{"line":61,"column":28},"end":{"line":81,"column":null}},"27":{"start":{"line":72,"column":19},"end":{"line":72,"column":null}},"28":{"start":{"line":73,"column":20},"end":{"line":73,"column":null}},"29":{"start":{"line":75,"column":20},"end":{"line":75,"column":null}},"30":{"start":{"line":77,"column":2},"end":{"line":80,"column":null}}},"fnMap":{"0":{"name":"(anonymous_5)","decl":{"start":{"line":3,"column":31},"end":{"line":3,"column":null}},"loc":{"start":{"line":5,"column":2},"end":{"line":24,"column":null}}},"1":{"name":"(anonymous_6)","decl":{"start":{"line":7,"column":33},"end":{"line":7,"column":34}},"loc":{"start":{"line":7,"column":43},"end":{"line":7,"column":null}}},"2":{"name":"(anonymous_7)","decl":{"start":{"line":16,"column":33},"end":{"line":16,"column":34}},"loc":{"start":{"line":16,"column":48},"end":{"line":21,"column":null}}},"3":{"name":"(anonymous_8)","decl":{"start":{"line":18,"column":41},"end":{"line":18,"column":42}},"loc":{"start":{"line":18,"column":56},"end":{"line":18,"column":null}}},"4":{"name":"(anonymous_9)","decl":{"start":{"line":26,"column":31},"end":{"line":26,"column":null}},"loc":{"start":{"line":29,"column":2},"end":{"line":39,"column":null}}},"5":{"name":"(anonymous_10)","decl":{"start":{"line":41,"column":34},"end":{"line":41,"column":35}},"loc":{"start":{"line":51,"column":1},"end":{"line":59,"column":null}}},"6":{"name":"(anonymous_11)","decl":{"start":{"line":61,"column":28},"end":{"line":61,"column":29}},"loc":{"start":{"line":71,"column":1},"end":{"line":81,"column":null}}}},"branchMap":{"0":{"loc":{"start":{"line":9,"column":2},"end":{"line":11,"column":null}},"type":"if","locations":[{"start":{"line":9,"column":2},"end":{"line":11,"column":null}}]},"1":{"loc":{"start":{"line":19,"column":13},"end":{"line":19,"column":null}},"type":"binary-expr","locations":[{"start":{"line":19,"column":13},"end":{"line":19,"column":38}},{"start":{"line":19,"column":38},"end":{"line":19,"column":null}}]},"2":{"loc":{"start":{"line":31,"column":24},"end":{"line":31,"column":null}},"type":"binary-expr","locations":[{"start":{"line":31,"column":24},"end":{"line":31,"column":31}},{"start":{"line":31,"column":31},"end":{"line":31,"column":null}}]},"3":{"loc":{"start":{"line":33,"column":19},"end":{"line":33,"column":null}},"type":"cond-expr","locations":[{"start":{"line":33,"column":35},"end":{"line":33,"column":65}},{"start":{"line":33,"column":65},"end":{"line":33,"column":null}}]}},"s":{"0":12,"1":7,"2":16,"3":3,"4":15,"5":16,"6":4,"7":16,"8":14,"9":2,"10":2,"11":2,"12":6,"13":6,"14":2,"15":15,"16":12,"17":12,"18":12,"19":12,"20":15,"21":3,"22":3,"23":3,"24":3,"25":3,"26":15,"27":7,"28":7,"29":7,"30":7},"f":{"0":16,"1":4,"2":6,"3":6,"4":12,"5":3,"6":7},"b":{"0":[14],"1":[6,1],"2":[12,7],"3":[5,7]}}
}
