TN:
SF:src/app/actions/cart.ts
FN:12,(anonymous_4)
FN:23,(anonymous_5)
FN:25,(anonymous_6)
FNF:3
FNH:3
FNDA:6,(anonymous_4)
FNDA:3,(anonymous_5)
FNDA:2,(anonymous_6)
DA:9,8
DA:12,8
DA:13,6
DA:14,6
DA:15,6
DA:16,6
DA:17,6
DA:18,6
DA:20,6
DA:23,8
DA:25,8
LF:11
LH:11
BRF:0
BRH:0
end_of_record
TN:
SF:src/app/actions/index.ts
FNF:0
FNH:0
DA:1,7
LF:1
LH:1
BRF:0
BRH:0
end_of_record
TN:
SF:src/components/index.ts
FNF:0
FNH:0
DA:1,22
DA:2,22
DA:3,22
DA:4,22
DA:5,22
DA:6,22
DA:7,22
LF:7
LH:7
BRF:0
BRH:0
end_of_record
TN:
SF:src/components/Breadcrumb/index.tsx
FN:18,(anonymous_1)
FN:37,(anonymous_2)
FNF:2
FNH:2
FNDA:11,(anonymous_1)
FNDA:22,(anonymous_2)
DA:3,23
DA:6,23
DA:9,23
DA:11,23
DA:18,23
DA:38,22
DA:47,23
LF:7
LH:7
BRF:0
BRH:0
end_of_record
TN:
SF:src/components/Content/index.tsx
FNF:0
FNH:0
DA:1,22
DA:3,22
DA:6,22
DA:8,22
DA:10,3
DA:38,22
LF:6
LH:6
BRDA:12,0,0,1
BRDA:13,1,0,1
BRDA:19,2,0,3
BRDA:24,3,0,3
BRF:4
BRH:4
end_of_record
TN:
SF:src/components/CustomImage/index.tsx
FN:11,(anonymous_2)
FN:14,(anonymous_3)
FNF:2
FNH:2
FNDA:40,(anonymous_2)
FNDA:1,(anonymous_3)
DA:3,22
DA:5,22
DA:8,22
DA:10,44
DA:12,40
DA:14,40
DA:16,40
DA:31,22
LF:8
LH:8
BRDA:16,0,0,32
BRDA:16,0,1,8
BRDA:16,1,0,40
BRDA:16,1,1,39
BRDA:21,2,0,1
BRDA:21,2,1,39
BRF:6
BRH:6
end_of_record
TN:
SF:src/components/FilterList/index.tsx
FN:26,(anonymous_1)
FN:37,(anonymous_2)
FN:41,(anonymous_3)
FN:44,(anonymous_4)
FN:48,(anonymous_5)
FN:49,(anonymous_6)
FN:59,(anonymous_7)
FN:68,(anonymous_8)
FN:111,(anonymous_9)
FNF:9
FNH:5
FNDA:4,(anonymous_1)
FNDA:1,(anonymous_2)
FNDA:2,(anonymous_3)
FNDA:0,(anonymous_4)
FNDA:0,(anonymous_5)
FNDA:0,(anonymous_6)
FNDA:0,(anonymous_7)
FNDA:1,(anonymous_8)
FNDA:12,(anonymous_9)
DA:3,1
DA:6,1
DA:8,1
DA:9,1
DA:11,1
DA:12,1
DA:25,1
DA:34,4
DA:35,4
DA:37,4
DA:38,1
DA:41,4
DA:43,4
DA:45,0
DA:47,0
DA:48,0
DA:50,0
DA:51,0
DA:54,0
DA:59,4
DA:60,0
DA:61,0
DA:63,0
DA:67,4
DA:69,1
DA:70,1
DA:112,12
DA:152,1
DA:153,2
LF:29
LH:20
BRDA:30,0,0,4
BRDA:31,1,0,4
BRDA:50,2,0,0
BRDA:60,3,0,0
BRDA:60,3,1,0
BRDA:93,4,0,3
BRDA:103,5,0,4
BRF:7
BRH:4
end_of_record
TN:
SF:src/components/InView/index.tsx
FN:5,(anonymous_1)
FNF:1
FNH:1
FNDA:13,(anonymous_1)
DA:3,24
DA:5,24
LF:2
LH:2
BRF:0
BRH:0
end_of_record
TN:
SF:src/components/Pagination/index.tsx
FN:19,(anonymous_1)
FN:33,(anonymous_2)
FN:37,(anonymous_3)
FN:57,(anonymous_4)
FN:78,(anonymous_5)
FNF:5
FNH:5
FNDA:6,(anonymous_1)
FNDA:1,(anonymous_2)
FNDA:1,(anonymous_3)
FNDA:18,(anonymous_4)
FNDA:1,(anonymous_5)
DA:3,2
DA:6,2
DA:8,2
DA:18,2
DA:26,6
DA:33,6
DA:34,1
DA:37,6
DA:38,1
DA:41,6
DA:42,6
DA:43,6
DA:58,18
DA:60,18
DA:61,2
DA:72,16
DA:78,1
DA:99,2
DA:100,6
LF:19
LH:19
BRDA:22,0,0,6
BRDA:47,1,0,6
BRDA:60,2,0,2
BRF:3
BRH:3
end_of_record
TN:
SF:src/components/Profile/index.tsx
FNF:0
FNH:0
DA:1,22
DA:3,22
DA:5,22
DA:14,9
DA:34,22
LF:5
LH:5
BRDA:15,0,0,1
BRF:1
BRH:1
end_of_record
TN:
SF:src/components/Toast/index.tsx
FN:19,(anonymous_1)
FNF:1
FNH:1
FNDA:7,(anonymous_1)
DA:2,22
DA:3,22
DA:13,22
DA:19,22
LF:4
LH:4
BRDA:19,0,0,1
BRF:1
BRH:1
end_of_record
TN:
SF:src/components/common/index.ts
FNF:0
FNH:0
DA:1,22
DA:2,22
DA:3,22
LF:3
LH:3
BRF:0
BRH:0
end_of_record
TN:
SF:src/components/common/Button/index.tsx
FN:30,(anonymous_1)
FNF:1
FNH:1
FNDA:114,(anonymous_1)
DA:1,22
DA:3,22
DA:5,22
DA:16,22
DA:29,126
DA:38,114
DA:44,114
DA:57,22
LF:8
LH:8
BRDA:31,0,0,0
BRDA:33,1,0,86
BRDA:34,2,0,35
BRDA:38,3,0,16
BRDA:38,3,1,98
BRDA:39,4,0,6
BRDA:39,4,1,10
BRDA:44,5,0,27
BRDA:44,5,1,87
BRDA:44,6,0,11
BRDA:44,6,1,103
BRF:11
BRH:10
end_of_record
TN:
SF:src/components/common/ButtonIcon/index.tsx
FN:39,(anonymous_1)
FNF:1
FNH:1
FNDA:95,(anonymous_1)
DA:1,23
DA:3,23
DA:5,23
DA:14,23
DA:19,23
DA:24,23
DA:38,103
DA:48,95
DA:49,95
DA:50,95
DA:63,23
LF:11
LH:11
BRDA:40,0,0,1
BRDA:41,1,0,1
BRDA:42,2,0,1
BRDA:43,3,0,94
BRDA:44,4,0,25
BRDA:48,5,0,47
BRDA:48,5,1,48
BRDA:49,6,0,17
BRDA:49,6,1,78
BRDA:50,7,0,1
BRDA:50,7,1,94
BRF:11
BRH:11
end_of_record
TN:
SF:src/components/common/SelectMultiple/index.tsx
FN:23,(anonymous_1)
FN:32,(anonymous_2)
FN:35,(anonymous_3)
FN:39,(anonymous_4)
FN:40,(anonymous_5)
FN:55,(anonymous_6)
FN:62,(anonymous_7)
FN:85,(anonymous_8)
FNF:8
FNH:3
FNDA:16,(anonymous_1)
FNDA:16,(anonymous_2)
FNDA:0,(anonymous_3)
FNDA:0,(anonymous_4)
FNDA:0,(anonymous_5)
FNDA:0,(anonymous_6)
FNDA:0,(anonymous_7)
FNDA:12,(anonymous_8)
DA:3,2
DA:6,2
DA:9,2
DA:22,2
DA:31,16
DA:32,16
DA:34,16
DA:36,0
DA:38,0
DA:39,0
DA:41,0
DA:42,0
DA:44,0
DA:46,0
DA:47,0
DA:50,0
DA:55,16
DA:56,0
DA:58,0
DA:61,16
DA:63,0
DA:64,0
DA:86,12
DA:99,2
DA:100,3
LF:25
LH:12
BRDA:25,0,0,2
BRDA:26,1,0,14
BRDA:27,2,0,2
BRDA:28,3,0,4
BRDA:46,4,0,0
BRDA:56,5,0,0
BRF:6
BRH:4
end_of_record
TN:
SF:src/components/common/Text/index.tsx
FN:43,(anonymous_1)
FNF:1
FNH:1
FNDA:203,(anonymous_1)
DA:1,22
DA:19,22
DA:30,22
DA:36,22
DA:42,243
DA:50,203
DA:56,22
LF:7
LH:7
BRDA:44,0,0,73
BRDA:46,1,0,192
BRDA:50,2,0,112
BRDA:50,2,1,91
BRDA:50,3,0,203
BRDA:50,3,1,9
BRF:6
BRH:6
end_of_record
TN:
SF:src/constants/api-endpoint.ts
FNF:0
FNH:0
DA:1,78
DA:9,39
DA:11,13
DA:12,39
DA:13,51
DA:14,39
LF:6
LH:6
BRDA:12,0,0,39
BRDA:12,0,1,0
BRDA:14,1,0,39
BRDA:14,1,1,0
BRF:4
BRH:2
end_of_record
TN:
SF:src/constants/color-list.ts
FNF:0
FNH:0
DA:1,39
DA:34,39
LF:2
LH:2
BRF:0
BRH:0
end_of_record
TN:
SF:src/constants/image.ts
FNF:0
FNH:0
DA:1,39
DA:2,137
DA:4,39
DA:6,39
LF:4
LH:4
BRF:0
BRH:0
end_of_record
TN:
SF:src/constants/index.ts
FNF:0
FNH:0
DA:1,39
DA:2,39
DA:3,39
DA:4,39
DA:5,39
DA:6,39
DA:7,39
DA:8,39
DA:9,39
DA:10,39
DA:11,39
LF:11
LH:11
BRF:0
BRH:0
end_of_record
TN:
SF:src/constants/message.ts
FNF:0
FNH:0
DA:1,39
LF:1
LH:1
BRF:0
BRH:0
end_of_record
TN:
SF:src/constants/navbar.ts
FNF:0
FNH:0
DA:1,39
LF:1
LH:1
BRF:0
BRH:0
end_of_record
TN:
SF:src/constants/pagination.ts
FNF:0
FNH:0
DA:1,39
DA:2,39
LF:2
LH:2
BRF:0
BRH:0
end_of_record
TN:
SF:src/constants/product.ts
FNF:0
FNH:0
DA:1,39
DA:2,39
LF:2
LH:2
BRF:0
BRH:0
end_of_record
TN:
SF:src/constants/regex.ts
FNF:0
FNH:0
DA:1,39
LF:1
LH:1
BRF:0
BRH:0
end_of_record
TN:
SF:src/constants/relationship.ts
FNF:0
FNH:0
DA:1,39
LF:1
LH:1
BRF:0
BRH:0
end_of_record
TN:
SF:src/constants/router.ts
FNF:0
FNH:0
DA:1,57
LF:1
LH:1
BRF:0
BRH:0
end_of_record
TN:
SF:src/constants/styles.ts
FNF:0
FNH:0
DA:1,31
DA:2,39
LF:2
LH:2
BRF:0
BRH:0
end_of_record
TN:
SF:src/context/toast.tsx
FN:11,(anonymous_3)
FN:15,(anonymous_4)
FN:21,(anonymous_5)
FN:29,(anonymous_6)
FNF:4
FNH:4
FNDA:2,(anonymous_3)
FNDA:2,(anonymous_4)
FNDA:2,(anonymous_5)
FNDA:17,(anonymous_6)
DA:3,8
DA:5,8
DA:11,8
DA:13,8
DA:15,8
DA:21,2
DA:26,8
DA:27,8
DA:29,17
DA:30,17
DA:31,17
LF:11
LH:11
BRF:0
BRH:0
end_of_record
TN:
SF:src/hocs/withToast.tsx
FN:7,(anonymous_7)
FN:17,(anonymous_8)
FN:46,(anonymous_9)
FN:50,(anonymous_10)
FN:57,(anonymous_11)
FN:64,(anonymous_12)
FN:74,(anonymous_13)
FNF:7
FNH:7
FNDA:10,(anonymous_7)
FNDA:21,(anonymous_8)
FNDA:13,(anonymous_9)
FNDA:15,(anonymous_10)
FNDA:3,(anonymous_11)
FNDA:6,(anonymous_12)
FNDA:3,(anonymous_13)
DA:3,10
DA:5,10
DA:7,10
DA:17,10
DA:18,21
DA:20,2
DA:26,2
DA:33,17
DA:46,13
DA:50,13
DA:51,15
DA:52,15
DA:57,15
DA:58,3
DA:64,15
DA:68,6
DA:70,6
DA:72,6
DA:74,6
DA:75,3
DA:76,3
DA:77,3
DA:81,15
DA:93,13
LF:24
LH:24
BRDA:7,0,0,10
BRDA:7,0,1,10
BRDA:18,1,0,2
BRDA:18,1,1,2
BRDA:18,1,2,17
BRDA:18,1,3,17
BRDA:21,2,0,2
BRDA:21,2,1,1
BRDA:27,3,0,2
BRDA:27,3,1,1
BRDA:34,4,0,17
BRDA:34,4,1,10
BRDA:65,5,0,5
BRDA:68,6,0,6
BRDA:68,6,1,5
BRDA:70,7,0,6
BRDA:70,7,1,1
BRDA:76,8,0,3
BRDA:76,8,1,1
BRDA:85,9,0,15
BRDA:88,10,0,1
BRF:21
BRH:21
end_of_record
TN:
SF:src/hooks/index.ts
FNF:0
FNH:0
DA:1,7
DA:2,7
DA:3,7
DA:4,7
DA:5,7
LF:5
LH:5
BRF:0
BRH:0
end_of_record
TN:
SF:src/hooks/useBreadcrumb.ts
FN:6,(anonymous_1)
FN:9,(anonymous_2)
FNF:2
FNH:2
FNDA:14,(anonymous_1)
FNDA:38,(anonymous_2)
DA:1,8
DA:4,8
DA:6,14
DA:7,14
DA:9,38
DA:10,14
DA:12,14
DA:19,14
DA:21,14
DA:22,11
DA:27,14
LF:11
LH:11
BRDA:12,0,0,11
BRDA:12,0,1,3
BRDA:21,1,0,11
BRDA:21,2,0,14
BRDA:21,2,1,11
BRF:5
BRH:5
end_of_record
TN:
SF:src/hooks/useCart.ts
FN:19,(anonymous_1)
FN:24,(anonymous_2)
FN:41,(anonymous_3)
FN:74,(anonymous_4)
FNF:4
FNH:4
FNDA:23,(anonymous_1)
FNDA:2,(anonymous_2)
FNDA:3,(anonymous_3)
FNDA:2,(anonymous_4)
DA:3,8
DA:10,8
DA:12,8
DA:14,8
DA:15,8
DA:19,23
DA:20,23
DA:21,23
DA:23,23
DA:25,2
DA:27,2
DA:28,2
DA:30,2
DA:35,2
DA:40,23
DA:42,3
DA:44,3
DA:45,3
DA:47,3
DA:48,3
DA:50,3
DA:55,3
DA:58,0
DA:60,0
DA:65,0
DA:67,3
DA:73,23
DA:75,2
DA:76,2
DA:77,2
DA:79,2
DA:81,2
DA:83,2
DA:93,2
DA:97,23
LF:35
LH:32
BRDA:28,0,0,1
BRDA:28,0,1,1
BRDA:31,1,0,1
BRDA:31,1,1,1
BRDA:48,2,0,2
BRDA:48,2,1,1
BRDA:51,3,0,2
BRDA:51,3,1,1
BRDA:81,4,0,0
BRDA:81,4,1,2
BRDA:81,5,0,0
BRDA:81,5,1,2
BRDA:85,6,0,0
BRDA:85,6,1,2
BRDA:87,7,0,0
BRDA:87,7,1,2
BRF:16
BRH:12
end_of_record
TN:
SF:src/hooks/useDebounce.ts
FN:3,(anonymous_1)
FN:6,(anonymous_2)
FN:12,(anonymous_3)
FNF:3
FNH:3
FNDA:25,(anonymous_1)
FNDA:5,(anonymous_2)
FNDA:2,(anonymous_3)
DA:1,8
DA:3,25
DA:4,25
DA:6,25
DA:8,5
DA:9,2
DA:12,5
DA:13,2
LF:8
LH:8
BRDA:3,0,0,23
BRDA:8,1,0,2
BRF:2
BRH:2
end_of_record
TN:
SF:src/hooks/useOrderSummary.ts
FN:8,(anonymous_1)
FN:11,(anonymous_2)
FN:13,(anonymous_3)
FN:31,(anonymous_4)
FNF:4
FNH:4
FNDA:4,(anonymous_1)
FNDA:2,(anonymous_2)
FNDA:3,(anonymous_3)
FNDA:8,(anonymous_4)
DA:3,7
DA:6,7
DA:8,7
DA:9,4
DA:12,2
DA:13,3
DA:16,2
DA:17,1
DA:18,1
DA:23,1
DA:25,1
DA:30,4
DA:32,8
DA:33,8
DA:35,8
DA:36,8
DA:38,8
DA:40,8
DA:48,4
LF:19
LH:19
BRDA:10,0,0,4
BRDA:10,0,1,0
BRDA:16,1,0,1
BRDA:16,1,1,1
BRDA:30,2,0,4
BRDA:30,2,1,0
BRDA:32,3,0,0
BRDA:33,4,0,6
BRDA:33,5,0,8
BRDA:33,5,1,6
BRDA:35,6,0,8
BRDA:35,6,1,8
BRDA:36,7,0,8
BRDA:36,7,1,8
BRF:14
BRH:11
end_of_record
TN:
SF:src/hooks/usePagination.ts
FN:12,(anonymous_3)
FN:18,(anonymous_4)
FN:20,(anonymous_5)
FN:23,(anonymous_6)
FNF:4
FNH:4
FNDA:12,(anonymous_3)
FNDA:11,(anonymous_4)
FNDA:38,(anonymous_5)
FNDA:12,(anonymous_6)
DA:1,8
DA:3,22
DA:12,12
DA:18,12
DA:19,11
DA:20,38
DA:23,12
DA:24,12
DA:27,12
DA:33,12
DA:34,7
DA:37,5
DA:38,5
DA:48,5
DA:49,5
DA:51,5
DA:52,5
DA:54,5
DA:55,1
DA:56,1
DA:58,1
DA:61,4
DA:62,1
DA:63,1
DA:67,1
DA:70,3
DA:71,2
DA:72,2
DA:75,1
DA:78,12
LF:30
LH:30
BRDA:33,0,0,7
BRDA:54,1,0,1
BRDA:54,2,0,5
BRDA:54,2,1,2
BRDA:61,3,0,1
BRDA:61,4,0,4
BRDA:61,4,1,3
BRDA:70,5,0,2
BRDA:70,6,0,3
BRDA:70,6,1,2
BRF:10
BRH:10
end_of_record
TN:
SF:src/icons/ArrowDown.tsx
FNF:0
FNH:0
DA:3,3
LF:1
LH:1
BRDA:4,0,0,0
BRF:1
BRH:0
end_of_record
TN:
SF:src/icons/ArrowLeft.tsx
FNF:0
FNH:0
DA:3,12
LF:1
LH:1
BRDA:4,0,0,12
BRF:1
BRH:1
end_of_record
TN:
SF:src/icons/ArrowRight.tsx
FNF:0
FNH:0
DA:3,12
LF:1
LH:1
BRDA:4,0,0,12
BRF:1
BRH:1
end_of_record
TN:
SF:src/icons/ArrowUp.tsx
FNF:0
FNH:0
DA:3,1
LF:1
LH:1
BRDA:4,0,0,0
BRF:1
BRH:0
end_of_record
TN:
SF:src/icons/Brightness.tsx
FNF:0
FNH:0
DA:3,1
LF:1
LH:1
BRDA:4,0,0,1
BRF:1
BRH:1
end_of_record
TN:
SF:src/icons/Close.tsx
FNF:0
FNH:0
DA:3,17
LF:1
LH:1
BRDA:4,0,0,0
BRF:1
BRH:0
end_of_record
TN:
SF:src/icons/CopyLink.tsx
FNF:0
FNH:0
DA:3,10
LF:1
LH:1
BRDA:4,0,0,10
BRF:1
BRH:1
end_of_record
TN:
SF:src/icons/Heart.tsx
FNF:0
FNH:0
DA:3,16
LF:1
LH:1
BRDA:4,0,0,16
BRF:1
BRH:1
end_of_record
TN:
SF:src/icons/Message.tsx
FNF:0
FNH:0
DA:3,13
LF:1
LH:1
BRDA:4,0,0,9
BRF:1
BRH:1
end_of_record
TN:
SF:src/icons/Minus.tsx
FNF:0
FNH:0
DA:3,23
LF:1
LH:1
BRDA:4,0,0,0
BRF:1
BRH:0
end_of_record
TN:
SF:src/icons/Moon.tsx
FNF:0
FNH:0
DA:3,3
LF:1
LH:1
BRDA:4,0,0,3
BRF:1
BRH:1
end_of_record
TN:
SF:src/icons/Plus.tsx
FNF:0
FNH:0
DA:3,23
LF:1
LH:1
BRDA:4,0,0,0
BRF:1
BRH:0
end_of_record
TN:
SF:src/icons/Saved.tsx
FNF:0
FNH:0
DA:3,10
LF:1
LH:1
BRDA:4,0,0,10
BRF:1
BRH:1
end_of_record
TN:
SF:src/icons/ShoppingBag.tsx
FNF:0
FNH:0
DA:3,19
LF:1
LH:1
BRDA:4,0,0,14
BRF:1
BRH:1
end_of_record
TN:
SF:src/icons/Star.tsx
FNF:0
FNH:0
DA:3,30
LF:1
LH:1
BRDA:4,0,0,30
BRF:1
BRH:1
end_of_record
TN:
SF:src/icons/StarLine.tsx
FNF:0
FNH:0
DA:3,13
LF:1
LH:1
BRDA:4,0,0,0
BRF:1
BRH:0
end_of_record
TN:
SF:src/icons/Stick.tsx
FNF:0
FNH:0
DA:3,1
LF:1
LH:1
BRDA:4,0,0,0
BRF:1
BRH:0
end_of_record
TN:
SF:src/icons/Truck.tsx
FNF:0
FNH:0
DA:3,2
LF:1
LH:1
BRDA:4,0,0,6
BRF:1
BRH:1
end_of_record
TN:
SF:src/icons/index.ts
FNF:0
FNH:0
DA:1,22
DA:2,22
DA:3,22
DA:4,22
DA:5,22
DA:6,22
DA:7,22
DA:8,22
DA:9,22
DA:10,22
DA:11,22
DA:12,22
DA:13,22
DA:14,22
DA:15,22
DA:16,22
DA:17,22
DA:18,22
LF:18
LH:18
BRF:0
BRH:0
end_of_record
TN:
SF:src/layouts/Navbar/index.tsx
FN:26,(anonymous_2)
FN:30,(anonymous_3)
FN:37,(anonymous_4)
FN:41,(anonymous_5)
FN:46,(anonymous_6)
FN:87,(anonymous_7)
FN:150,(anonymous_8)
FNF:7
FNH:6
FNDA:8,(anonymous_2)
FNDA:18,(anonymous_3)
FNDA:4,(anonymous_4)
FNDA:2,(anonymous_5)
FNDA:0,(anonymous_6)
FNDA:32,(anonymous_7)
FNDA:32,(anonymous_8)
DA:3,1
DA:5,1
DA:16,1
DA:17,1
DA:19,1
DA:21,1
DA:22,1
DA:26,4
DA:27,8
DA:29,8
DA:30,8
DA:31,18
DA:34,8
DA:35,8
DA:37,8
DA:38,4
DA:41,8
DA:42,2
DA:45,8
DA:46,8
DA:47,0
DA:88,32
DA:151,32
DA:165,1
LF:24
LH:23
BRDA:27,0,0,2
BRDA:27,1,0,2
BRDA:27,2,0,8
BRDA:27,2,1,2
BRDA:42,3,0,1
BRDA:42,3,1,1
BRDA:60,4,0,0
BRDA:60,4,1,8
BRDA:116,5,0,4
BRDA:130,6,0,3
BRDA:130,6,1,1
BRDA:135,7,0,3
BRDA:135,7,1,1
BRF:13
BRH:12
end_of_record
TN:
SF:src/lib/utils.ts
FNF:0
FNH:0
DA:2,34
DA:3,5
LF:2
LH:2
BRF:0
BRH:0
end_of_record
TN:
SF:src/mocks/breadcrumb.ts
FNF:0
FNH:0
DA:1,19
LF:1
LH:1
BRF:0
BRH:0
end_of_record
TN:
SF:src/mocks/cart.ts
FNF:0
FNH:0
DA:2,19
DA:4,19
DA:21,25
DA:46,19
LF:4
LH:4
BRF:0
BRH:0
end_of_record
TN:
SF:src/mocks/category.ts
FNF:0
FNH:0
DA:1,19
DA:24,19
LF:2
LH:2
BRF:0
BRH:0
end_of_record
TN:
SF:src/mocks/image.ts
FNF:0
FNH:0
DA:1,19
DA:3,57
DA:8,19
LF:3
LH:3
BRF:0
BRH:0
end_of_record
TN:
SF:src/mocks/index.ts
FNF:0
FNH:0
DA:1,19
DA:2,19
DA:3,19
DA:4,19
DA:5,19
DA:6,19
DA:7,19
LF:7
LH:7
BRF:0
BRH:0
end_of_record
TN:
SF:src/mocks/product.ts
FNF:0
FNH:0
DA:3,19
DA:6,53
DA:23,19
DA:39,19
LF:4
LH:4
BRF:0
BRH:0
end_of_record
TN:
SF:src/mocks/radio-group.ts
FNF:0
FNH:0
DA:1,19
DA:9,19
LF:2
LH:2
BRF:0
BRH:0
end_of_record
TN:
SF:src/mocks/user.ts
FNF:0
FNH:0
DA:3,19
DA:5,19
LF:2
LH:2
BRF:0
BRH:0
end_of_record
TN:
SF:src/services/api.ts
FN:17,(anonymous_3)
FN:22,(anonymous_4)
FN:30,(anonymous_5)
FN:39,(anonymous_6)
FN:53,(anonymous_7)
FN:67,(anonymous_8)
FN:95,(anonymous_9)
FNF:7
FNH:7
FNDA:13,(anonymous_3)
FNDA:13,(anonymous_4)
FNDA:2,(anonymous_5)
FNDA:2,(anonymous_6)
FNDA:2,(anonymous_7)
FNDA:2,(anonymous_8)
FNDA:8,(anonymous_9)
DA:1,13
DA:12,5
DA:18,13
DA:19,13
DA:23,13
DA:25,13
DA:26,13
DA:27,13
DA:31,2
DA:32,2
DA:33,1
DA:35,1
DA:36,1
DA:40,2
DA:46,2
DA:47,1
DA:49,1
DA:50,1
DA:54,2
DA:60,2
DA:61,1
DA:63,1
DA:64,1
DA:68,2
DA:73,2
DA:74,1
DA:78,1
DA:79,1
DA:81,1
DA:83,0
DA:86,1
DA:87,1
DA:88,1
DA:91,0
DA:96,8
DA:107,21
LF:36
LH:34
BRDA:23,0,0,13
BRDA:25,1,0,13
BRDA:30,2,0,2
BRDA:32,3,0,1
BRDA:39,4,0,0
BRDA:46,5,0,1
BRDA:53,6,0,0
BRDA:60,7,0,1
BRDA:73,8,0,1
BRDA:81,9,0,0
BRDA:81,10,0,1
BRDA:81,10,1,1
BRDA:81,10,2,1
BRF:13
BRH:10
end_of_record
TN:
SF:src/services/cart.ts
FN:17,(anonymous_6)
FN:47,(anonymous_7)
FN:81,(anonymous_8)
FN:113,(anonymous_9)
FN:139,(anonymous_10)
FNF:5
FNH:5
FNDA:2,(anonymous_6)
FNDA:5,(anonymous_7)
FNDA:8,(anonymous_8)
FNDA:6,(anonymous_9)
FNDA:9,(anonymous_10)
DA:1,12
DA:4,12
DA:6,12
DA:15,12
DA:17,12
DA:20,2
DA:21,2
DA:22,2
DA:29,1
DA:34,1
DA:40,1
DA:41,1
DA:47,12
DA:50,5
DA:51,5
DA:64,4
DA:65,4
DA:67,4
DA:70,1
DA:75,1
DA:77,1
DA:81,12
DA:85,8
DA:86,8
DA:96,6
DA:97,6
DA:99,6
DA:102,2
DA:107,2
DA:109,2
DA:113,12
DA:114,6
DA:115,6
DA:120,4
DA:121,2
DA:122,2
DA:123,2
DA:126,2
DA:129,2
DA:134,2
DA:135,2
DA:139,12
DA:146,9
DA:147,9
DA:151,9
DA:152,7
DA:153,7
DA:154,7
DA:155,7
DA:156,7
DA:158,7
DA:165,7
DA:166,4
DA:167,4
DA:173,4
DA:174,4
DA:181,3
DA:184,7
DA:190,2
DA:196,2
DA:198,2
LF:61
LH:61
BRDA:18,0,0,2
BRDA:34,1,0,1
BRDA:34,1,1,0
BRDA:70,2,0,1
BRDA:70,2,1,0
BRDA:102,3,0,2
BRDA:102,3,1,0
BRDA:120,4,0,2
BRDA:129,5,0,2
BRDA:129,5,1,0
BRDA:141,6,0,3
BRDA:152,7,0,7
BRDA:152,7,1,0
BRDA:153,8,0,7
BRDA:153,8,1,3
BRDA:155,9,0,7
BRDA:155,9,1,3
BRDA:156,10,0,7
BRDA:156,10,1,3
BRDA:165,11,0,4
BRDA:165,11,1,3
BRDA:173,12,0,4
BRDA:173,12,1,0
BRDA:178,13,0,0
BRDA:178,13,1,4
BRDA:190,14,0,2
BRDA:190,14,1,0
BRF:27
BRH:19
end_of_record
TN:
SF:src/services/category.ts
FN:8,(anonymous_3)
FN:38,(anonymous_4)
FNF:2
FNH:1
FNDA:3,(anonymous_3)
FNDA:0,(anonymous_4)
DA:2,12
DA:4,12
DA:8,12
DA:9,3
DA:12,3
DA:13,3
DA:19,1
DA:24,2
DA:30,2
DA:31,2
DA:38,12
DA:39,0
DA:40,0
DA:41,0
DA:47,0
DA:52,0
DA:57,0
DA:58,0
LF:18
LH:11
BRDA:24,0,0,1
BRDA:24,0,1,1
BRDA:52,1,0,0
BRDA:52,1,1,0
BRF:4
BRH:2
end_of_record
TN:
SF:src/services/index.ts
FNF:0
FNH:0
DA:1,12
DA:2,12
DA:3,12
DA:4,12
LF:4
LH:4
BRF:0
BRH:0
end_of_record
TN:
SF:src/services/product.ts
FN:18,(anonymous_3)
FN:55,(anonymous_4)
FNF:2
FNH:2
FNDA:2,(anonymous_3)
FNDA:3,(anonymous_4)
DA:2,12
DA:4,12
DA:18,12
DA:22,2
DA:23,2
DA:26,2
DA:31,1
DA:37,1
DA:43,1
DA:44,1
DA:55,12
DA:59,3
DA:60,3
DA:61,3
DA:71,2
DA:74,1
DA:80,1
DA:81,1
LF:18
LH:18
BRDA:18,0,0,2
BRDA:19,1,0,2
BRDA:20,2,0,2
BRDA:37,3,0,0
BRDA:37,3,1,1
BRDA:57,4,0,3
BRDA:74,5,0,0
BRDA:74,5,1,1
BRF:8
BRH:6
end_of_record
TN:
SF:src/services/user.ts
FN:5,(anonymous_1)
FNF:1
FNH:1
FNDA:3,(anonymous_1)
DA:1,1
DA:2,1
DA:5,3
DA:6,3
DA:7,3
DA:8,3
DA:15,1
DA:19,2
DA:23,2
LF:9
LH:9
BRDA:21,0,0,1
BRDA:21,0,1,1
BRF:2
BRH:2
end_of_record
TN:
SF:src/ui/cart/CartDetail/index.tsx
FN:15,(anonymous_5)
FN:15,(anonymous_6)
FN:16,(anonymous_8)
FN:16,(anonymous_9)
FN:22,(anonymous_11)
FN:35,(anonymous_12)
FNF:6
FNH:6
FNDA:1,(anonymous_5)
FNDA:1,(anonymous_6)
FNDA:1,(anonymous_8)
FNDA:1,(anonymous_9)
FNDA:1,(anonymous_11)
FNDA:2,(anonymous_12)
DA:3,1
DA:5,1
DA:7,1
DA:9,1
DA:12,1
DA:15,2
DA:16,2
DA:22,1
DA:24,1
DA:26,1
DA:42,2
DA:50,2
DA:52,2
DA:53,2
DA:54,2
DA:55,2
DA:57,2
DA:58,2
DA:59,2
DA:60,2
DA:62,2
DA:92,1
LF:22
LH:22
BRDA:26,0,0,0
BRDA:37,1,0,0
BRDA:38,2,0,0
BRDA:39,3,0,0
BRDA:40,4,0,0
BRDA:45,5,0,0
BRDA:46,6,0,0
BRDA:47,7,0,0
BRDA:48,8,0,0
BRDA:49,9,0,0
BRDA:50,10,0,2
BRDA:50,10,1,0
BRDA:52,11,0,2
BRDA:52,11,1,2
BRDA:53,12,0,2
BRDA:53,12,1,2
BRDA:54,13,0,2
BRDA:54,13,1,2
BRDA:55,14,0,2
BRDA:55,14,1,2
BRF:20
BRH:9
end_of_record
TN:
SF:src/ui/cart/CartItem/index.tsx
FN:38,(anonymous_1)
FN:56,(anonymous_2)
FN:71,(anonymous_3)
FN:102,(anonymous_4)
FN:112,(anonymous_5)
FN:116,(anonymous_6)
FN:121,(anonymous_7)
FN:132,(anonymous_8)
FN:139,(anonymous_9)
FNF:9
FNH:9
FNDA:10,(anonymous_1)
FNDA:10,(anonymous_2)
FNDA:2,(anonymous_3)
FNDA:2,(anonymous_4)
FNDA:1,(anonymous_5)
FNDA:1,(anonymous_6)
FNDA:1,(anonymous_7)
FNDA:6,(anonymous_8)
FNDA:10,(anonymous_9)
DA:3,2
DA:5,2
DA:8,2
DA:10,2
DA:12,2
DA:13,2
DA:15,2
DA:19,2
DA:37,2
DA:53,10
DA:54,10
DA:56,10
DA:57,10
DA:70,10
DA:71,10
DA:73,2
DA:74,0
DA:80,0
DA:81,2
DA:82,2
DA:88,2
DA:96,2
DA:97,0
DA:101,10
DA:104,2
DA:106,2
DA:107,2
DA:112,10
DA:113,1
DA:116,10
DA:117,1
DA:121,10
DA:122,1
DA:128,1
DA:131,10
DA:132,6
DA:136,10
DA:137,10
DA:138,10
DA:139,10
DA:230,2
DA:231,5
LF:42
LH:39
BRDA:50,0,0,10
BRDA:73,1,0,0
BRDA:73,1,1,2
BRDA:81,2,0,2
BRDA:90,3,0,2
BRDA:90,3,1,0
BRDA:96,4,0,2
BRDA:96,4,1,0
BRDA:104,5,0,1
BRDA:104,5,1,1
BRDA:147,6,0,10
BRF:11
BRH:8
end_of_record
TN:
SF:src/ui/cart/OrderSummary/index.tsx
FN:19,(anonymous_1)
FNF:1
FNH:1
FNDA:2,(anonymous_1)
DA:1,2
DA:3,2
DA:6,2
DA:8,2
DA:10,2
DA:18,2
DA:20,2
DA:21,2
DA:75,2
DA:76,2
LF:10
LH:10
BRF:0
BRH:0
end_of_record
TN:
SF:src/ui/product-detail/ColorRadioGroup/index.tsx
FN:42,(anonymous_2)
FN:47,(anonymous_3)
FNF:2
FNH:2
FNDA:5,(anonymous_2)
FNDA:16,(anonymous_3)
DA:1,1
DA:4,1
DA:6,1
DA:7,1
DA:9,1
DA:10,1
DA:43,5
DA:44,5
DA:47,16
DA:49,5
DA:50,5
DA:53,5
DA:57,5
DA:59,5
DA:101,1
DA:102,1
LF:16
LH:16
BRDA:40,0,0,1
BRDA:40,0,1,1
BRDA:47,1,0,5
BRDA:47,1,1,1
BRDA:50,2,0,1
BRDA:50,2,1,4
BRDA:53,3,0,1
BRDA:53,3,1,4
BRDA:57,4,0,1
BRDA:57,4,1,4
BRDA:88,5,0,5
BRF:11
BRH:11
end_of_record
TN:
SF:src/ui/product-detail/MediaPreview/ThumbnailItem.tsx
FN:18,(anonymous_1)
FN:22,(anonymous_2)
FNF:2
FNH:2
FNDA:14,(anonymous_1)
FNDA:1,(anonymous_2)
DA:1,2
DA:4,2
DA:5,2
DA:7,2
DA:17,24
DA:23,1
DA:43,2
LF:7
LH:7
BRDA:27,0,0,6
BRDA:27,0,1,8
BRF:2
BRH:2
end_of_record
TN:
SF:src/ui/product-detail/MediaPreview/index.tsx
FN:15,(anonymous_1)
FN:18,(anonymous_2)
FN:19,(anonymous_3)
FN:49,(anonymous_4)
FN:59,(anonymous_5)
FN:73,(anonymous_6)
FN:78,(anonymous_7)
FN:95,(anonymous_8)
FNF:8
FNH:8
FNDA:11,(anonymous_1)
FNDA:4,(anonymous_2)
FNDA:4,(anonymous_3)
FNDA:1,(anonymous_4)
FNDA:1,(anonymous_5)
FNDA:1,(anonymous_6)
FNDA:24,(anonymous_7)
FNDA:1,(anonymous_8)
DA:3,2
DA:6,2
DA:8,2
DA:9,2
DA:13,2
DA:15,2
DA:16,11
DA:18,11
DA:19,4
DA:20,4
DA:22,2
DA:26,11
DA:27,11
DA:49,1
DA:59,1
DA:73,1
DA:79,24
DA:95,1
DA:105,2
DA:106,2
LF:20
LH:20
BRDA:20,0,0,2
BRDA:20,1,0,1
BRDA:20,1,1,1
BRDA:22,2,0,1
BRDA:22,2,1,1
BRDA:27,3,0,0
BRDA:27,4,0,0
BRDA:41,5,0,11
BRDA:65,6,0,11
BRF:9
BRH:7
end_of_record
TN:
SF:src/ui/product-detail/ProductDetail/ProductAction.tsx
FN:25,(anonymous_5)
FN:25,(anonymous_6)
FN:28,(anonymous_8)
FN:28,(anonymous_9)
FN:30,(anonymous_11)
FN:30,(anonymous_12)
FN:40,(anonymous_14)
FN:48,(anonymous_15)
FN:63,(anonymous_16)
FN:66,(anonymous_17)
FN:78,(anonymous_18)
FN:79,(anonymous_19)
FN:89,(anonymous_20)
FN:102,(anonymous_21)
FN:103,(anonymous_22)
FN:108,(anonymous_23)
FN:112,(anonymous_24)
FN:117,(anonymous_25)
FNF:18
FNH:10
FNDA:0,(anonymous_5)
FNDA:0,(anonymous_6)
FNDA:0,(anonymous_8)
FNDA:0,(anonymous_9)
FNDA:1,(anonymous_11)
FNDA:1,(anonymous_12)
FNDA:13,(anonymous_14)
FNDA:0,(anonymous_15)
FNDA:0,(anonymous_16)
FNDA:5,(anonymous_17)
FNDA:9,(anonymous_18)
FNDA:0,(anonymous_19)
FNDA:0,(anonymous_20)
FNDA:2,(anonymous_21)
FNDA:2,(anonymous_22)
FNDA:1,(anonymous_23)
FNDA:1,(anonymous_24)
FNDA:2,(anonymous_25)
DA:3,1
DA:5,1
DA:8,1
DA:10,1
DA:11,1
DA:18,1
DA:22,1
DA:25,0
DA:28,0
DA:30,2
DA:40,1
DA:48,13
DA:52,13
DA:54,13
DA:55,13
DA:56,13
DA:59,13
DA:61,13
DA:62,13
DA:63,0
DA:66,13
DA:67,5
DA:74,13
DA:75,13
DA:78,13
DA:79,9
DA:80,9
DA:82,9
DA:83,0
DA:84,0
DA:86,0
DA:89,9
DA:90,9
DA:91,9
DA:102,13
DA:103,2
DA:104,2
DA:108,13
DA:109,1
DA:112,13
DA:113,1
DA:117,13
DA:118,2
DA:126,2
DA:129,13
DA:250,1
LF:46
LH:40
BRDA:48,0,0,13
BRDA:48,0,1,0
BRDA:57,1,0,13
BRDA:57,1,1,13
BRDA:61,2,0,13
BRDA:61,2,1,0
BRDA:68,3,0,5
BRDA:68,3,1,5
BRDA:80,4,0,9
BRDA:80,4,1,9
BRDA:82,5,0,0
BRDA:82,6,0,9
BRDA:82,6,1,0
BRDA:83,7,0,0
BRDA:83,7,1,0
BRDA:84,8,0,0
BRDA:84,9,0,0
BRDA:84,9,1,0
BRDA:90,10,0,9
BRDA:90,10,1,9
BRDA:91,11,0,9
BRDA:91,11,1,9
BRDA:104,12,0,1
BRDA:104,12,1,1
BRDA:121,13,0,2
BRDA:121,13,1,2
BRDA:138,14,0,13
BRDA:177,15,0,13
BRDA:185,16,0,13
BRDA:193,17,0,0
BRDA:193,17,1,0
BRDA:236,18,0,13
BRF:32
BRH:21
end_of_record
TN:
SF:src/ui/product-detail/ProductDetail/ProductHeaderInfo.tsx
FN:15,(anonymous_1)
FNF:1
FNH:1
FNDA:10,(anonymous_1)
DA:5,1
DA:6,1
DA:7,1
DA:15,1
DA:16,10
DA:54,1
LF:6
LH:6
BRDA:26,0,0,10
BRF:1
BRH:1
end_of_record
TN:
SF:src/ui/product-detail/ProductDetail/index.tsx
FN:10,(anonymous_5)
FN:10,(anonymous_6)
FN:12,(anonymous_8)
FN:12,(anonymous_9)
FN:15,(anonymous_11)
FN:15,(anonymous_12)
FN:25,(anonymous_14)
FN:38,(anonymous_15)
FNF:8
FNH:7
FNDA:1,(anonymous_5)
FNDA:1,(anonymous_6)
FNDA:1,(anonymous_8)
FNDA:1,(anonymous_9)
FNDA:1,(anonymous_11)
FNDA:1,(anonymous_12)
FNDA:5,(anonymous_14)
FNDA:0,(anonymous_15)
DA:1,1
DA:3,1
DA:6,1
DA:10,2
DA:12,2
DA:15,2
DA:25,1
DA:34,5
DA:37,5
DA:38,0
DA:73,5
LF:11
LH:10
BRDA:25,0,0,5
BRDA:25,1,0,5
BRDA:27,2,0,0
BRDA:28,3,0,0
BRDA:29,4,0,0
BRDA:30,5,0,0
BRDA:33,6,0,0
BRDA:37,7,0,0
BRDA:37,7,1,5
BRDA:65,8,0,5
BRDA:65,8,1,0
BRDA:66,9,0,5
BRDA:66,9,1,0
BRF:13
BRH:5
end_of_record
TN:
SF:src/ui/product-detail/RelatedInfo/index.tsx
FN:57,(anonymous_5)
FNF:1
FNH:1
FNDA:12,(anonymous_5)
DA:1,2
DA:3,2
DA:6,2
DA:8,2
DA:9,2
DA:17,2
DA:59,12
DA:61,12
DA:80,2
DA:81,2
LF:10
LH:10
BRDA:53,0,0,5
BRDA:59,1,0,6
BRDA:59,1,1,6
BRF:3
BRH:3
end_of_record
TN:
SF:src/ui/product-detail/SizeRadioGroup/index.tsx
FN:38,(anonymous_2)
FNF:1
FNH:1
FNDA:3,(anonymous_2)
DA:1,1
DA:4,1
DA:5,1
DA:39,3
DA:40,3
DA:42,3
DA:65,1
DA:66,1
LF:8
LH:8
BRDA:36,0,0,1
BRDA:36,0,1,1
BRDA:46,1,0,1
BRDA:46,1,1,2
BRDA:53,2,0,1
BRDA:53,2,1,2
BRF:6
BRH:6
end_of_record
TN:
SF:src/ui/product/Banner/index.tsx
FN:11,(anonymous_1)
FNF:1
FNH:1
FNDA:1,(anonymous_1)
DA:1,1
DA:3,1
DA:11,1
DA:12,1
DA:13,1
DA:43,1
DA:44,1
LF:7
LH:7
BRF:0
BRH:0
end_of_record
TN:
SF:src/ui/product/ProductCard/index.tsx
FN:30,(anonymous_2)
FN:44,(anonymous_3)
FN:92,(anonymous_4)
FNF:3
FNH:3
FNDA:6,(anonymous_2)
FNDA:1,(anonymous_3)
FNDA:30,(anonymous_4)
DA:1,2
DA:3,2
DA:4,2
DA:6,2
DA:9,2
DA:11,2
DA:12,2
DA:14,2
DA:16,2
DA:29,2
DA:40,6
DA:41,6
DA:43,6
DA:44,6
DA:45,1
DA:93,30
DA:127,2
DA:128,3
LF:18
LH:18
BRDA:38,0,0,6
BRDA:97,1,0,6
BRDA:97,1,1,0
BRF:3
BRH:2
end_of_record
TN:
SF:src/ui/product/ProductList/ProductCardListSkeleton.tsx
FN:8,(anonymous_1)
FN:19,(anonymous_2)
FNF:2
FNH:0
FNDA:0,(anonymous_1)
FNDA:0,(anonymous_2)
DA:1,1
DA:3,1
DA:5,1
DA:6,1
DA:8,1
DA:20,0
LF:6
LH:5
BRF:0
BRH:0
end_of_record
TN:
SF:src/ui/product/ProductList/index.tsx
FN:25,(anonymous_5)
FN:25,(anonymous_6)
FN:26,(anonymous_8)
FN:26,(anonymous_9)
FN:27,(anonymous_11)
FN:27,(anonymous_12)
FN:29,(anonymous_14)
FN:29,(anonymous_15)
FN:39,(anonymous_17)
FN:59,(anonymous_18)
FN:64,(anonymous_19)
FN:65,(anonymous_20)
FN:73,(anonymous_21)
FN:85,(anonymous_22)
FN:86,(anonymous_23)
FN:213,(anonymous_24)
FNF:16
FNH:9
FNDA:0,(anonymous_5)
FNDA:0,(anonymous_6)
FNDA:1,(anonymous_8)
FNDA:1,(anonymous_9)
FNDA:1,(anonymous_11)
FNDA:1,(anonymous_12)
FNDA:1,(anonymous_14)
FNDA:1,(anonymous_15)
FNDA:2,(anonymous_17)
FNDA:2,(anonymous_18)
FNDA:0,(anonymous_19)
FNDA:0,(anonymous_20)
FNDA:0,(anonymous_21)
FNDA:0,(anonymous_22)
FNDA:0,(anonymous_23)
FNDA:4,(anonymous_24)
DA:3,1
DA:5,1
DA:6,1
DA:9,1
DA:11,1
DA:17,1
DA:19,1
DA:23,1
DA:25,0
DA:26,2
DA:27,2
DA:29,2
DA:39,1
DA:50,2
DA:52,2
DA:54,2
DA:55,2
DA:56,2
DA:58,2
DA:59,2
DA:63,2
DA:65,0
DA:66,0
DA:72,2
DA:74,0
DA:75,0
DA:76,0
DA:77,0
DA:80,0
DA:85,2
DA:86,0
DA:87,0
DA:91,2
DA:95,2
DA:222,4
DA:224,4
DA:226,4
DA:228,4
DA:265,2
LF:39
LH:29
BRDA:44,0,0,2
BRDA:47,1,0,0
BRDA:48,2,0,0
BRDA:49,3,0,0
BRDA:54,4,0,2
BRDA:54,4,1,0
BRDA:55,5,0,2
BRDA:55,5,1,0
BRDA:74,6,0,0
BRDA:74,6,1,0
BRDA:76,7,0,0
BRDA:91,8,0,0
BRDA:91,8,1,2
BRDA:95,9,0,0
BRDA:95,9,1,2
BRDA:103,10,0,2
BRDA:138,11,0,0
BRDA:138,11,1,2
BRDA:142,12,0,0
BRDA:144,13,0,0
BRDA:147,14,0,0
BRDA:147,14,1,0
BRDA:148,15,0,0
BRDA:148,15,1,0
BRDA:149,16,0,0
BRDA:149,16,1,0
BRDA:199,17,0,0
BRDA:199,17,1,2
BRDA:205,18,0,0
BRDA:209,19,0,1
BRDA:215,20,0,0
BRDA:216,21,0,0
BRDA:217,22,0,0
BRDA:218,23,0,0
BRDA:219,24,0,0
BRDA:220,25,0,0
BRDA:226,26,0,4
BRDA:226,26,1,3
BRF:38
BRH:11
end_of_record
TN:
SF:src/utils/api.ts
FN:4,(anonymous_1)
FNF:1
FNH:0
FNDA:0,(anonymous_1)
DA:2,14
DA:4,14
DA:5,0
LF:3
LH:2
BRDA:5,0,0,0
BRDA:5,0,1,0
BRF:2
BRH:0
end_of_record
TN:
SF:src/utils/common.ts
FN:4,(anonymous_3)
FN:17,generateImageURL
FNF:2
FNH:2
FNDA:10,(anonymous_3)
FNDA:5,generateImageURL
DA:1,15
DA:4,15
DA:5,10
DA:6,10
DA:8,10
DA:9,38
DA:10,10
DA:11,10
DA:12,11
DA:14,10
DA:17,5
DA:26,5
DA:28,5
LF:13
LH:13
BRDA:6,0,0,10
BRDA:6,0,1,1
BRDA:10,1,0,1
BRDA:11,2,0,1
BRDA:11,2,1,9
BRDA:18,3,0,2
BRDA:20,4,0,2
BRDA:26,5,0,3
BRDA:26,5,1,2
BRF:9
BRH:9
end_of_record
TN:
SF:src/utils/index.ts
FNF:0
FNH:0
DA:1,14
DA:2,14
DA:3,14
DA:4,14
LF:4
LH:4
BRF:0
BRH:0
end_of_record
TN:
SF:src/utils/number.ts
FN:1,(anonymous_1)
FNF:1
FNH:1
FNDA:44,(anonymous_1)
DA:1,44
DA:2,44
DA:7,44
DA:8,3
DA:11,41
LF:5
LH:5
BRDA:7,0,0,3
BRF:1
BRH:1
end_of_record
TN:
SF:src/utils/product.ts
FN:3,(anonymous_5)
FN:7,(anonymous_6)
FN:16,(anonymous_7)
FN:18,(anonymous_8)
FN:26,(anonymous_9)
FN:41,(anonymous_10)
FN:61,(anonymous_11)
FNF:7
FNH:7
FNDA:16,(anonymous_5)
FNDA:4,(anonymous_6)
FNDA:6,(anonymous_7)
FNDA:6,(anonymous_8)
FNDA:12,(anonymous_9)
FNDA:3,(anonymous_10)
FNDA:7,(anonymous_11)
DA:3,16
DA:7,16
DA:9,16
DA:10,14
DA:13,2
DA:14,2
DA:16,2
DA:17,6
DA:18,6
DA:23,2
DA:26,15
DA:31,12
DA:32,12
DA:33,12
DA:35,12
DA:41,15
DA:52,3
DA:53,3
DA:55,3
DA:56,3
DA:58,3
DA:61,15
DA:72,7
DA:73,7
DA:75,7
DA:77,7
LF:26
LH:26
BRDA:9,0,0,14
BRDA:19,1,0,6
BRDA:19,1,1,1
BRDA:31,2,0,12
BRDA:31,2,1,7
BRDA:33,3,0,5
BRDA:33,3,1,7
BRF:7
BRH:7
end_of_record
